===== MAIgnus_CAIrlsen Started at Wed 04/30/2025 17:30:52.84  ===== 
Running MAIgnus_CAIrlsen chess analysis bot... 
[2025-04-30 17:30:55.044784] [ROCKET] Starting MAIgnus_CAIrlsen full workflow...
[2025-04-30 17:30:55.045800] [INBOX] Checking for new games on Chess.com...
[2025-04-30 17:30:55.471967] Already exists: C:\Users\seanr\MAIgnus_CAIrlsen\data\seanr87_27b0de6d091d65aad72c095eae9cf4f6.pgn
[2025-04-30 17:30:55.472496] Already exists: C:\Users\seanr\MAIgnus_CAIrlsen\data\seanr87_14857f1fa52981565def0379ead49123.pgn
[2025-04-30 17:30:55.473188] Already exists: C:\Users\seanr\MAIgnus_CAIrlsen\data\seanr87_ddf6a29f5f1efc304ca48eb323082864.pgn
[2025-04-30 17:30:55.492800] Already exists: C:\Users\seanr\MAIgnus_CAIrlsen\data\seanr87_2ba5706dd203ddc284403ca1d73e8abf.pgn
[2025-04-30 17:30:55.493805] Already exists: C:\Users\seanr\MAIgnus_CAIrlsen\data\seanr87_43e2c612d823cf8bab6a034e849b8283.pgn
[2025-04-30 17:30:55.494065] Already exists: C:\Users\seanr\MAIgnus_CAIrlsen\data\seanr87_36344ee60692e36afcc1b565bd70b25a.pgn
[2025-04-30 17:30:55.494703] Already exists: C:\Users\seanr\MAIgnus_CAIrlsen\data\seanr87_5ef879944bbf5d14bc3c32c7415d15c4.pgn
[2025-04-30 17:30:55.494936] Already exists: C:\Users\seanr\MAIgnus_CAIrlsen\data\seanr87_16f04509aac39f6447eab4a64a91ba63.pgn
[2025-04-30 17:30:55.495167] Already exists: C:\Users\seanr\MAIgnus_CAIrlsen\data\seanr87_d8667c56660d190b3af28b39621d2831.pgn
[2025-04-30 17:30:55.495525] Already exists: C:\Users\seanr\MAIgnus_CAIrlsen\data\seanr87_725c9c85c76f7e30c666e7db84a6896a.pgn
[2025-04-30 17:30:55.495874] Already exists: C:\Users\seanr\MAIgnus_CAIrlsen\data\seanr87_189ba3226e9a94f4985b276c66e9c912.pgn
[2025-04-30 17:30:55.496234] Already exists: C:\Users\seanr\MAIgnus_CAIrlsen\data\seanr87_538e83bdbf7e268c4bd3e2617c38f723.pgn
[2025-04-30 17:30:55.496748] Already exists: C:\Users\seanr\MAIgnus_CAIrlsen\data\seanr87_b1aa9cb7ad6608dfc42faa8cb697ade0.pgn
[2025-04-30 17:30:55.496961] Already exists: C:\Users\seanr\MAIgnus_CAIrlsen\data\seanr87_633524050baa996d766b9c63f1030b77.pgn
[2025-04-30 17:30:55.497164] Already exists: C:\Users\seanr\MAIgnus_CAIrlsen\data\seanr87_e61f5fc5db1ef48107aa525b59d0ee29.pgn
[2025-04-30 17:30:55.497435] Already exists: C:\Users\seanr\MAIgnus_CAIrlsen\data\seanr87_993ef1d17dc55a869a38e15f3a16ef55.pgn
[2025-04-30 17:30:55.497764] Already exists: C:\Users\seanr\MAIgnus_CAIrlsen\data\seanr87_b20a413c73877f616248c75a07f82cd7.pgn
[2025-04-30 17:30:55.497975] Already exists: C:\Users\seanr\MAIgnus_CAIrlsen\data\seanr87_fa814317906e0ea0a38b0a7100564243.pgn
[2025-04-30 17:30:55.498285] Already exists: C:\Users\seanr\MAIgnus_CAIrlsen\data\seanr87_e0093a5b8ed77d92b18662d80c922b66.pgn
[2025-04-30 17:30:55.498491] Already exists: C:\Users\seanr\MAIgnus_CAIrlsen\data\seanr87_cd1eb9c617c2dd31f6075dd142a8e85b.pgn
[2025-04-30 17:30:55.498815] Already exists: C:\Users\seanr\MAIgnus_CAIrlsen\data\seanr87_6c4c167e03b911db1f0ce208a49467cb.pgn
[2025-04-30 17:30:55.499023] Already exists: C:\Users\seanr\MAIgnus_CAIrlsen\data\seanr87_b974e20ad60b84582dbcb62dd90167af.pgn
[2025-04-30 17:30:55.499227] Already exists: C:\Users\seanr\MAIgnus_CAIrlsen\data\seanr87_2bf431baa57976324c45507fb621e896.pgn
[2025-04-30 17:30:55.499444] Already exists: C:\Users\seanr\MAIgnus_CAIrlsen\data\seanr87_bbc826187f4f3b5696a89dabbfc5b2f7.pgn
[2025-04-30 17:30:55.499641] Already exists: C:\Users\seanr\MAIgnus_CAIrlsen\data\seanr87_74ddfe92feeb367e8a4f1c55af2ebb08.pgn
[2025-04-30 17:30:55.499953] Already exists: C:\Users\seanr\MAIgnus_CAIrlsen\data\seanr87_63580cc87f8afe067808c4344e9ae8e1.pgn
[2025-04-30 17:30:55.500219] Already exists: C:\Users\seanr\MAIgnus_CAIrlsen\data\seanr87_c2a27d04e1a896e75b5bfc39b0bb5167.pgn
[2025-04-30 17:30:55.500631] Already exists: C:\Users\seanr\MAIgnus_CAIrlsen\data\seanr87_332d7d689717a69b9a9b1eb22da8578e.pgn
[2025-04-30 17:30:55.500837] Already exists: C:\Users\seanr\MAIgnus_CAIrlsen\data\seanr87_bb87ae5557fc0bbd2f65e11448489b6c.pgn
[2025-04-30 17:30:55.501031] Already exists: C:\Users\seanr\MAIgnus_CAIrlsen\data\seanr87_60813cc43966d139249404c7fcfd3f7a.pgn
[2025-04-30 17:30:55.501334] Already exists: C:\Users\seanr\MAIgnus_CAIrlsen\data\seanr87_d47c097104651d2da0676ef21f26bbc7.pgn
[2025-04-30 17:30:55.501632] Already exists: C:\Users\seanr\MAIgnus_CAIrlsen\data\seanr87_d0597d34d1089eca2c78ba753bf04367.pgn
[2025-04-30 17:30:55.501854] Already exists: C:\Users\seanr\MAIgnus_CAIrlsen\data\seanr87_0d906a6ba6be8288c94d062854fd2fa3.pgn
[2025-04-30 17:30:55.502133] Already exists: C:\Users\seanr\MAIgnus_CAIrlsen\data\seanr87_4689feea7df2d2c193c8dbe1b6dc5784.pgn
[2025-04-30 17:30:55.502355] Already exists: C:\Users\seanr\MAIgnus_CAIrlsen\data\seanr87_5fdc6885fdd3d0c332e4d654ac707a5c.pgn
[2025-04-30 17:30:55.502668] Already exists: C:\Users\seanr\MAIgnus_CAIrlsen\data\seanr87_3f435f07164cf15bb206dd62e30ee31b.pgn
[2025-04-30 17:30:55.502931] Already exists: C:\Users\seanr\MAIgnus_CAIrlsen\data\seanr87_03abaed7f50d752e3eea36c7781ea3c5.pgn
[2025-04-30 17:30:55.503282] Already exists: C:\Users\seanr\MAIgnus_CAIrlsen\data\seanr87_a851e5972370af345f6c5b3231fa650b.pgn
[2025-04-30 17:30:55.503620] Already exists: C:\Users\seanr\MAIgnus_CAIrlsen\data\seanr87_3b54364987681ebfc5fcbca51914e699.pgn
[2025-04-30 17:30:55.503897] Already exists: C:\Users\seanr\MAIgnus_CAIrlsen\data\seanr87_c28c7faae63c3ee55e38acac00d41fa6.pgn
[2025-04-30 17:30:55.504160] Already exists: C:\Users\seanr\MAIgnus_CAIrlsen\data\seanr87_ce59ad072b3f4d551469ff75ade0bc85.pgn
[2025-04-30 17:30:55.504493] Already exists: C:\Users\seanr\MAIgnus_CAIrlsen\data\seanr87_e30cb37e972bbd878a39425ce5143f43.pgn
[2025-04-30 17:30:55.504756] Already exists: C:\Users\seanr\MAIgnus_CAIrlsen\data\seanr87_2ac92c5380fb2b8353f0599225bd1bc1.pgn
[2025-04-30 17:30:55.505034] Already exists: C:\Users\seanr\MAIgnus_CAIrlsen\data\seanr87_52c6e5610d48b84959d543feb2431a57.pgn
[2025-04-30 17:30:55.505350] Already exists: C:\Users\seanr\MAIgnus_CAIrlsen\data\seanr87_f5b996029a588e36f13078bf5fda9b1c.pgn
[2025-04-30 17:30:55.505557] Already exists: C:\Users\seanr\MAIgnus_CAIrlsen\data\seanr87_7d49b0c8ceb71909604916a7156eafc3.pgn
[2025-04-30 17:30:55.505881] Already exists: C:\Users\seanr\MAIgnus_CAIrlsen\data\seanr87_1f8d343a22e74666fe83705c6b5769e5.pgn
[2025-04-30 17:30:55.506201] Already exists: C:\Users\seanr\MAIgnus_CAIrlsen\data\seanr87_29491803d87badee7ee002c385fbb60e.pgn
[2025-04-30 17:30:55.506419] Already exists: C:\Users\seanr\MAIgnus_CAIrlsen\data\seanr87_8299e1583fbc54e8b2d3a84a50be7a14.pgn
[2025-04-30 17:30:55.506645] No new games found to analyze. Workflow terminated.
===== MAIgnus_CAIrlsen Completed at Wed 04/30/2025 17:30:55.63 ===== 
