===== MAIgnus_CAIrlsen Started at Tue 05/06/2025 19:30:53.01  ===== 
Running MAIgnus_CAIrlsen chess analysis bot... 
[2025-05-06 19:30:55.159027] [ROCKET] Starting MAIgnus_CAIrlsen full workflow with modular analysis...
[2025-05-06 19:30:55.160837] [INBOX] Checking for new games on Chess.com...
[2025-05-06 19:30:55.714848] Already analyzed: https://www.chess.com/game/daily/802553254
[2025-05-06 19:30:55.715122] Already analyzed: https://www.chess.com/game/daily/802553260
[2025-05-06 19:30:55.715418] Already analyzed: https://www.chess.com/game/live/138005532346
[2025-05-06 19:30:55.715685] Already analyzed: https://www.chess.com/game/live/138005569820
[2025-05-06 19:30:55.715910] Already analyzed: https://www.chess.com/game/live/138005614526
[2025-05-06 19:30:55.716133] Already analyzed: https://www.chess.com/game/live/138005649410
[2025-05-06 19:30:55.716369] Already analyzed: https://www.chess.com/game/daily/807812256
[2025-05-06 19:30:55.716585] Already analyzed: https://www.chess.com/game/live/138032960578
[2025-05-06 19:30:55.716805] Already analyzed: https://www.chess.com/game/live/138033026408
[2025-05-06 19:30:55.717020] Already analyzed: https://www.chess.com/game/live/138033103256
[2025-05-06 19:30:55.717276] Already analyzed: https://www.chess.com/game/live/138033178340
[2025-05-06 19:30:55.717492] Already analyzed: https://www.chess.com/game/daily/808178408
[2025-05-06 19:30:55.717725] Already analyzed: https://www.chess.com/game/live/138071558048
[2025-05-06 19:30:55.718011] Already analyzed: https://www.chess.com/game/live/138071657546
[2025-05-06 19:30:55.718236] Already analyzed: https://www.chess.com/game/live/138071732180
[2025-05-06 19:30:55.718450] Already analyzed: https://www.chess.com/game/live/138091323736
[2025-05-06 19:30:55.718682] Already analyzed: https://www.chess.com/game/live/138091897092
[2025-05-06 19:30:55.718897] Already analyzed: https://www.chess.com/game/live/138129516374
[2025-05-06 19:30:55.719112] Already analyzed: https://www.chess.com/game/live/138131026444
[2025-05-06 19:30:55.719323] Already analyzed: https://www.chess.com/game/live/138148856382
[2025-05-06 19:30:55.719540] Already analyzed: https://www.chess.com/game/live/138149022456
Traceback (most recent call last):
  File "C:\Users\seanr\MAIgnus_CAIrlsen\src\utils.py", line 22, in log
    print(full_message)
    ~~~~~^^^^^^^^^^^^^^
  File "C:\Users\seanr\AppData\Local\Programs\Python\Python313\Lib\encodings\cp1252.py", line 19, in encode
    return codecs.charmap_encode(input,self.errors,encoding_table)[0]
           ~~~~~~~~~~~~~~~~~~~~~^^^^^^^^^^^^^^^^^^^^^^^^^^^^^^^^^^
UnicodeEncodeError: 'charmap' codec can't encode character '\u2705' in position 29: character maps to <undefined>

During handling of the above exception, another exception occurred:

Traceback (most recent call last):
  File "C:\Users\seanr\MAIgnus_CAIrlsen\src\maignus_bot.py", line 79, in <module>
    main()
    ~~~~^^
  File "C:\Users\seanr\MAIgnus_CAIrlsen\src\maignus_bot.py", line 40, in main
    new_games = fetch_and_save_pgns()
  File "C:\Users\seanr\MAIgnus_CAIrlsen\src\chess_api.py", line 100, in fetch_and_save_pgns
    log(f"\u2705 Saved new game: {file_path}", MAIN_LOG)
    ~~~^^^^^^^^^^^^^^^^^^^^^^^^^^^^^^^^^^^^^^^^^^^^^
  File "C:\Users\seanr\MAIgnus_CAIrlsen\src\utils.py", line 39, in log
    print(safe_message)
    ~~~~~^^^^^^^^^^^^^^
  File "C:\Users\seanr\AppData\Local\Programs\Python\Python313\Lib\encodings\cp1252.py", line 19, in encode
    return codecs.charmap_encode(input,self.errors,encoding_table)[0]
           ~~~~~~~~~~~~~~~~~~~~~^^^^^^^^^^^^^^^^^^^^^^^^^^^^^^^^^^
UnicodeEncodeError: 'charmap' codec can't encode character '\u2705' in position 29: character maps to <undefined>
===== MAIgnus_CAIrlsen Completed at Tue 05/06/2025 19:30:55.90 ===== 
