===== MAIgnus_CAIrlsen Started at Tue 05/06/2025  6:30:52.59  ===== 
Running MAIgnus_CAIrlsen chess analysis bot... 
[2025-05-06 06:30:54.394236] [ROCKET] Starting MAIgnus_CAIrlsen full workflow with modular analysis...
[2025-05-06 06:30:54.394685] [INBOX] Checking for new games on Chess.com...
[2025-05-06 06:30:54.912425] Already analyzed: https://www.chess.com/game/daily/802553254
[2025-05-06 06:30:54.912794] Already analyzed: https://www.chess.com/game/daily/802553260
[2025-05-06 06:30:54.913160] Already analyzed: https://www.chess.com/game/live/138005532346
[2025-05-06 06:30:54.913470] Already analyzed: https://www.chess.com/game/live/138005569820
[2025-05-06 06:30:54.913772] Already analyzed: https://www.chess.com/game/live/138005614526
[2025-05-06 06:30:54.914041] Already analyzed: https://www.chess.com/game/live/138005649410
[2025-05-06 06:30:54.914308] Already analyzed: https://www.chess.com/game/daily/807812256
[2025-05-06 06:30:54.914584] Already analyzed: https://www.chess.com/game/live/138032960578
[2025-05-06 06:30:54.914849] Already analyzed: https://www.chess.com/game/live/138033026408
[2025-05-06 06:30:54.915109] Already analyzed: https://www.chess.com/game/live/138033103256
[2025-05-06 06:30:54.915364] Already analyzed: https://www.chess.com/game/live/138033178340
[2025-05-06 06:30:54.915630] Already analyzed: https://www.chess.com/game/daily/808178408
[2025-05-06 06:30:54.915894] Already analyzed: https://www.chess.com/game/live/138071558048
[2025-05-06 06:30:54.916151] Already analyzed: https://www.chess.com/game/live/138071657546
[2025-05-06 06:30:54.916406] Already analyzed: https://www.chess.com/game/live/138071732180
[2025-05-06 06:30:54.916677] Already analyzed: https://www.chess.com/game/live/138091323736
[2025-05-06 06:30:54.916955] Already analyzed: https://www.chess.com/game/live/138091897092
[2025-05-06 06:30:54.917217] Already analyzed: https://www.chess.com/game/live/138129516374
[2025-05-06 06:30:54.917475] Already analyzed: https://www.chess.com/game/live/138131026444
[2025-05-06 06:30:54.917736] Already analyzed: https://www.chess.com/game/live/138148856382
[2025-05-06 06:30:54.917992] Already analyzed: https://www.chess.com/game/live/138149022456
[2025-05-06 06:30:54.918971] No new games found to analyze. Workflow terminated.
===== MAIgnus_CAIrlsen Completed at Tue 05/06/2025  6:30:55.04 ===== 
