===== MAIgnus_CAIrlsen Started at Tue 05/06/2025  7:00:52.58  ===== 
Running MAIgnus_CAIrlsen chess analysis bot... 
[2025-05-06 07:00:54.430889] [ROCKET] Starting MAIgnus_CAIrlsen full workflow with modular analysis...
[2025-05-06 07:00:54.431369] [INBOX] Checking for new games on Chess.com...
[2025-05-06 07:00:54.943669] Already analyzed: https://www.chess.com/game/daily/802553254
[2025-05-06 07:00:54.944105] Already analyzed: https://www.chess.com/game/daily/802553260
[2025-05-06 07:00:54.944441] Already analyzed: https://www.chess.com/game/live/138005532346
[2025-05-06 07:00:54.944758] Already analyzed: https://www.chess.com/game/live/138005569820
[2025-05-06 07:00:54.945020] Already analyzed: https://www.chess.com/game/live/138005614526
[2025-05-06 07:00:54.945282] Already analyzed: https://www.chess.com/game/live/138005649410
[2025-05-06 07:00:54.945554] Already analyzed: https://www.chess.com/game/daily/807812256
[2025-05-06 07:00:54.945814] Already analyzed: https://www.chess.com/game/live/138032960578
[2025-05-06 07:00:54.946072] Already analyzed: https://www.chess.com/game/live/138033026408
[2025-05-06 07:00:54.946332] Already analyzed: https://www.chess.com/game/live/138033103256
[2025-05-06 07:00:54.946605] Already analyzed: https://www.chess.com/game/live/138033178340
[2025-05-06 07:00:54.946866] Already analyzed: https://www.chess.com/game/daily/808178408
[2025-05-06 07:00:54.947078] Already analyzed: https://www.chess.com/game/live/138071558048
[2025-05-06 07:00:54.947286] Already analyzed: https://www.chess.com/game/live/138071657546
[2025-05-06 07:00:54.947493] Already analyzed: https://www.chess.com/game/live/138071732180
[2025-05-06 07:00:54.947721] Already analyzed: https://www.chess.com/game/live/138091323736
[2025-05-06 07:00:54.947936] Already analyzed: https://www.chess.com/game/live/138091897092
[2025-05-06 07:00:54.948152] Already analyzed: https://www.chess.com/game/live/138129516374
[2025-05-06 07:00:54.948388] Already analyzed: https://www.chess.com/game/live/138131026444
[2025-05-06 07:00:54.948603] Already analyzed: https://www.chess.com/game/live/138148856382
[2025-05-06 07:00:54.948811] Already analyzed: https://www.chess.com/game/live/138149022456
[2025-05-06 07:00:54.949450] No new games found to analyze. Workflow terminated.
===== MAIgnus_CAIrlsen Completed at Tue 05/06/2025  7:00:55.07 ===== 
