===== MAIgnus_CAIrlsen Started at Tue 05/06/2025  4:30:52.59  ===== 
Running MAIgnus_CAIrlsen chess analysis bot... 
[2025-05-06 04:30:54.674221] [ROCKET] Starting MAIgnus_CAIrlsen full workflow with modular analysis...
[2025-05-06 04:30:54.677812] [INBOX] Checking for new games on Chess.com...
[2025-05-06 04:30:55.281015] Already analyzed: https://www.chess.com/game/daily/802553254
[2025-05-06 04:30:55.281334] Already analyzed: https://www.chess.com/game/daily/802553260
[2025-05-06 04:30:55.281671] Already analyzed: https://www.chess.com/game/live/138005532346
[2025-05-06 04:30:55.281975] Already analyzed: https://www.chess.com/game/live/138005569820
[2025-05-06 04:30:55.282282] Already analyzed: https://www.chess.com/game/live/138005614526
[2025-05-06 04:30:55.282539] Already analyzed: https://www.chess.com/game/live/138005649410
[2025-05-06 04:30:55.282799] Already analyzed: https://www.chess.com/game/daily/807812256
[2025-05-06 04:30:55.283083] Already analyzed: https://www.chess.com/game/live/138032960578
[2025-05-06 04:30:55.283364] Already analyzed: https://www.chess.com/game/live/138033026408
[2025-05-06 04:30:55.283620] Already analyzed: https://www.chess.com/game/live/138033103256
[2025-05-06 04:30:55.283870] Already analyzed: https://www.chess.com/game/live/138033178340
[2025-05-06 04:30:55.284123] Already analyzed: https://www.chess.com/game/daily/808178408
[2025-05-06 04:30:55.284376] Already analyzed: https://www.chess.com/game/live/138071558048
[2025-05-06 04:30:55.284631] Already analyzed: https://www.chess.com/game/live/138071657546
[2025-05-06 04:30:55.284883] Already analyzed: https://www.chess.com/game/live/138071732180
[2025-05-06 04:30:55.285136] Already analyzed: https://www.chess.com/game/live/138091323736
[2025-05-06 04:30:55.285394] Already analyzed: https://www.chess.com/game/live/138091897092
[2025-05-06 04:30:55.285653] Already analyzed: https://www.chess.com/game/live/138129516374
[2025-05-06 04:30:55.285908] Already analyzed: https://www.chess.com/game/live/138131026444
[2025-05-06 04:30:55.286269] Already analyzed: https://www.chess.com/game/live/138148856382
[2025-05-06 04:30:55.286510] Already analyzed: https://www.chess.com/game/live/138149022456
[2025-05-06 04:30:55.287358] No new games found to analyze. Workflow terminated.
===== MAIgnus_CAIrlsen Completed at Tue 05/06/2025  4:30:55.42 ===== 
