===== MAIgnus_CAIrlsen Started at Tue 05/06/2025 12:30:52.61  ===== 
Running MAIgnus_CAIrlsen chess analysis bot... 
[2025-05-06 12:30:54.973510] [ROCKET] Starting MAIgnus_CAIrlsen full workflow with modular analysis...
[2025-05-06 12:30:54.975643] [INBOX] Checking for new games on Chess.com...
[2025-05-06 12:30:55.740780] Already analyzed: https://www.chess.com/game/daily/802553254
[2025-05-06 12:30:55.741215] Already analyzed: https://www.chess.com/game/daily/802553260
[2025-05-06 12:30:55.741523] Already analyzed: https://www.chess.com/game/live/138005532346
[2025-05-06 12:30:55.741898] Already analyzed: https://www.chess.com/game/live/138005569820
[2025-05-06 12:30:55.742201] Already analyzed: https://www.chess.com/game/live/138005614526
[2025-05-06 12:30:55.742490] Already analyzed: https://www.chess.com/game/live/138005649410
[2025-05-06 12:30:55.742750] Already analyzed: https://www.chess.com/game/daily/807812256
[2025-05-06 12:30:55.743006] Already analyzed: https://www.chess.com/game/live/138032960578
[2025-05-06 12:30:55.743261] Already analyzed: https://www.chess.com/game/live/138033026408
[2025-05-06 12:30:55.743519] Already analyzed: https://www.chess.com/game/live/138033103256
[2025-05-06 12:30:55.743773] Already analyzed: https://www.chess.com/game/live/138033178340
[2025-05-06 12:30:55.744028] Already analyzed: https://www.chess.com/game/daily/808178408
[2025-05-06 12:30:55.744282] Already analyzed: https://www.chess.com/game/live/138071558048
[2025-05-06 12:30:55.744539] Already analyzed: https://www.chess.com/game/live/138071657546
[2025-05-06 12:30:55.744793] Already analyzed: https://www.chess.com/game/live/138071732180
[2025-05-06 12:30:55.745049] Already analyzed: https://www.chess.com/game/live/138091323736
[2025-05-06 12:30:55.745302] Already analyzed: https://www.chess.com/game/live/138091897092
[2025-05-06 12:30:55.745563] Already analyzed: https://www.chess.com/game/live/138129516374
[2025-05-06 12:30:55.745820] Already analyzed: https://www.chess.com/game/live/138131026444
[2025-05-06 12:30:55.746073] Already analyzed: https://www.chess.com/game/live/138148856382
[2025-05-06 12:30:55.746327] Already analyzed: https://www.chess.com/game/live/138149022456
Traceback (most recent call last):
  File "C:\Users\seanr\MAIgnus_CAIrlsen\src\utils.py", line 22, in log
    print(full_message)
    ~~~~~^^^^^^^^^^^^^^
  File "C:\Users\seanr\AppData\Local\Programs\Python\Python313\Lib\encodings\cp1252.py", line 19, in encode
    return codecs.charmap_encode(input,self.errors,encoding_table)[0]
           ~~~~~~~~~~~~~~~~~~~~~^^^^^^^^^^^^^^^^^^^^^^^^^^^^^^^^^^
UnicodeEncodeError: 'charmap' codec can't encode character '\u2705' in position 29: character maps to <undefined>

During handling of the above exception, another exception occurred:

Traceback (most recent call last):
  File "C:\Users\seanr\MAIgnus_CAIrlsen\src\maignus_bot.py", line 79, in <module>
    main()
    ~~~~^^
  File "C:\Users\seanr\MAIgnus_CAIrlsen\src\maignus_bot.py", line 40, in main
    new_games = fetch_and_save_pgns()
  File "C:\Users\seanr\MAIgnus_CAIrlsen\src\chess_api.py", line 100, in fetch_and_save_pgns
    log(f"\u2705 Saved new game: {file_path}", MAIN_LOG)
    ~~~^^^^^^^^^^^^^^^^^^^^^^^^^^^^^^^^^^^^^^^^^^^^^
  File "C:\Users\seanr\MAIgnus_CAIrlsen\src\utils.py", line 39, in log
    print(safe_message)
    ~~~~~^^^^^^^^^^^^^^
  File "C:\Users\seanr\AppData\Local\Programs\Python\Python313\Lib\encodings\cp1252.py", line 19, in encode
    return codecs.charmap_encode(input,self.errors,encoding_table)[0]
           ~~~~~~~~~~~~~~~~~~~~~^^^^^^^^^^^^^^^^^^^^^^^^^^^^^^^^^^
UnicodeEncodeError: 'charmap' codec can't encode character '\u2705' in position 29: character maps to <undefined>
===== MAIgnus_CAIrlsen Completed at Tue 05/06/2025 12:30:55.89 ===== 
