===== MAIgnus_CAIrlsen Started at Tue 05/06/2025  1:30:52.60  ===== 
Running MAIgnus_CAIrlsen chess analysis bot... 
[2025-05-06 01:30:54.685013] [ROCKET] Starting MAIgnus_CAIrlsen full workflow with modular analysis...
[2025-05-06 01:30:54.686854] [INBOX] Checking for new games on Chess.com...
[2025-05-06 01:30:55.361877] Already analyzed: https://www.chess.com/game/daily/802553254
[2025-05-06 01:30:55.362211] Already analyzed: https://www.chess.com/game/daily/802553260
[2025-05-06 01:30:55.362633] Already analyzed: https://www.chess.com/game/live/138005532346
[2025-05-06 01:30:55.363026] Already analyzed: https://www.chess.com/game/live/138005569820
[2025-05-06 01:30:55.363291] Already analyzed: https://www.chess.com/game/live/138005614526
[2025-05-06 01:30:55.363549] Already analyzed: https://www.chess.com/game/live/138005649410
[2025-05-06 01:30:55.363809] Already analyzed: https://www.chess.com/game/daily/807812256
[2025-05-06 01:30:55.364069] Already analyzed: https://www.chess.com/game/live/138032960578
[2025-05-06 01:30:55.364335] Already analyzed: https://www.chess.com/game/live/138033026408
[2025-05-06 01:30:55.364591] Already analyzed: https://www.chess.com/game/live/138033103256
[2025-05-06 01:30:55.364846] Already analyzed: https://www.chess.com/game/live/138033178340
[2025-05-06 01:30:55.365100] Already analyzed: https://www.chess.com/game/daily/808178408
[2025-05-06 01:30:55.365355] Already analyzed: https://www.chess.com/game/live/138071558048
[2025-05-06 01:30:55.365609] Already analyzed: https://www.chess.com/game/live/138071657546
[2025-05-06 01:30:55.365891] Already analyzed: https://www.chess.com/game/live/138071732180
[2025-05-06 01:30:55.366158] Already analyzed: https://www.chess.com/game/live/138091323736
[2025-05-06 01:30:55.366417] Already analyzed: https://www.chess.com/game/live/138091897092
[2025-05-06 01:30:55.366679] Already analyzed: https://www.chess.com/game/live/138129516374
[2025-05-06 01:30:55.367034] Already analyzed: https://www.chess.com/game/live/138131026444
[2025-05-06 01:30:55.367307] Already analyzed: https://www.chess.com/game/live/138148856382
[2025-05-06 01:30:55.367608] Already analyzed: https://www.chess.com/game/live/138149022456
[2025-05-06 01:30:55.368211] No new games found to analyze. Workflow terminated.
===== MAIgnus_CAIrlsen Completed at Tue 05/06/2025  1:30:55.49 ===== 
