===== MAIgnus_CAIrlsen Started at Tue 05/06/2025  4:00:52.62  ===== 
Running MAIgnus_CAIrlsen chess analysis bot... 
[2025-05-06 04:00:54.831317] [ROCKET] Starting MAIgnus_CAIrlsen full workflow with modular analysis...
[2025-05-06 04:00:54.834165] [INBOX] Checking for new games on Chess.com...
[2025-05-06 04:00:55.261539] Already analyzed: https://www.chess.com/game/daily/802553254
[2025-05-06 04:00:55.261850] Already analyzed: https://www.chess.com/game/daily/802553260
[2025-05-06 04:00:55.262063] Already analyzed: https://www.chess.com/game/live/138005532346
[2025-05-06 04:00:55.262261] Already analyzed: https://www.chess.com/game/live/138005569820
[2025-05-06 04:00:55.262454] Already analyzed: https://www.chess.com/game/live/138005614526
[2025-05-06 04:00:55.262647] Already analyzed: https://www.chess.com/game/live/138005649410
[2025-05-06 04:00:55.262844] Already analyzed: https://www.chess.com/game/daily/807812256
[2025-05-06 04:00:55.263094] Already analyzed: https://www.chess.com/game/live/138032960578
[2025-05-06 04:00:55.263304] Already analyzed: https://www.chess.com/game/live/138033026408
[2025-05-06 04:00:55.263565] Already analyzed: https://www.chess.com/game/live/138033103256
[2025-05-06 04:00:55.263772] Already analyzed: https://www.chess.com/game/live/138033178340
[2025-05-06 04:00:55.263975] Already analyzed: https://www.chess.com/game/daily/808178408
[2025-05-06 04:00:55.264236] Already analyzed: https://www.chess.com/game/live/138071558048
[2025-05-06 04:00:55.264456] Already analyzed: https://www.chess.com/game/live/138071657546
[2025-05-06 04:00:55.264670] Already analyzed: https://www.chess.com/game/live/138071732180
[2025-05-06 04:00:55.264872] Already analyzed: https://www.chess.com/game/live/138091323736
[2025-05-06 04:00:55.265084] Already analyzed: https://www.chess.com/game/live/138091897092
[2025-05-06 04:00:55.265290] Already analyzed: https://www.chess.com/game/live/138129516374
[2025-05-06 04:00:55.265496] Already analyzed: https://www.chess.com/game/live/138131026444
[2025-05-06 04:00:55.265699] Already analyzed: https://www.chess.com/game/live/138148856382
[2025-05-06 04:00:55.265901] Already analyzed: https://www.chess.com/game/live/138149022456
[2025-05-06 04:00:55.266491] No new games found to analyze. Workflow terminated.
===== MAIgnus_CAIrlsen Completed at Tue 05/06/2025  4:00:55.40 ===== 
