===== MAIgnus_CAIrlsen Started at Tue 05/06/2025  8:00:52.60  ===== 
Running MAIgnus_CAIrlsen chess analysis bot... 
[2025-05-06 08:00:54.747245] [ROCKET] Starting MAIgnus_CAIrlsen full workflow with modular analysis...
[2025-05-06 08:00:54.750408] [INBOX] Checking for new games on Chess.com...
[2025-05-06 08:00:55.260015] Already analyzed: https://www.chess.com/game/daily/802553254
[2025-05-06 08:00:55.260517] Already analyzed: https://www.chess.com/game/daily/802553260
[2025-05-06 08:00:55.263763] Already analyzed: https://www.chess.com/game/live/138005532346
[2025-05-06 08:00:55.264554] Already analyzed: https://www.chess.com/game/live/138005569820
[2025-05-06 08:00:55.265385] Already analyzed: https://www.chess.com/game/live/138005614526
[2025-05-06 08:00:55.265686] Already analyzed: https://www.chess.com/game/live/138005649410
[2025-05-06 08:00:55.266158] Already analyzed: https://www.chess.com/game/daily/807812256
[2025-05-06 08:00:55.266475] Already analyzed: https://www.chess.com/game/live/138032960578
[2025-05-06 08:00:55.266772] Already analyzed: https://www.chess.com/game/live/138033026408
[2025-05-06 08:00:55.267112] Already analyzed: https://www.chess.com/game/live/138033103256
[2025-05-06 08:00:55.267454] Already analyzed: https://www.chess.com/game/live/138033178340
[2025-05-06 08:00:55.267694] Already analyzed: https://www.chess.com/game/daily/808178408
[2025-05-06 08:00:55.267915] Already analyzed: https://www.chess.com/game/live/138071558048
[2025-05-06 08:00:55.268133] Already analyzed: https://www.chess.com/game/live/138071657546
[2025-05-06 08:00:55.268357] Already analyzed: https://www.chess.com/game/live/138071732180
[2025-05-06 08:00:55.268562] Already analyzed: https://www.chess.com/game/live/138091323736
[2025-05-06 08:00:55.268792] Already analyzed: https://www.chess.com/game/live/138091897092
[2025-05-06 08:00:55.269029] Already analyzed: https://www.chess.com/game/live/138129516374
[2025-05-06 08:00:55.269245] Already analyzed: https://www.chess.com/game/live/138131026444
[2025-05-06 08:00:55.269446] Already analyzed: https://www.chess.com/game/live/138148856382
[2025-05-06 08:00:55.269651] Already analyzed: https://www.chess.com/game/live/138149022456
[2025-05-06 08:00:55.270229] No new games found to analyze. Workflow terminated.
===== MAIgnus_CAIrlsen Completed at Tue 05/06/2025  8:00:55.39 ===== 
