===== MAIgnus_CAIrlsen Started at Tue 05/06/2025  5:30:52.59  ===== 
Running MAIgnus_CAIrlsen chess analysis bot... 
[2025-05-06 05:30:54.804972] [ROCKET] Starting MAIgnus_CAIrlsen full workflow with modular analysis...
[2025-05-06 05:30:54.807858] [INBOX] Checking for new games on Chess.com...
[2025-05-06 05:30:55.304226] Already analyzed: https://www.chess.com/game/daily/802553254
[2025-05-06 05:30:55.304607] Already analyzed: https://www.chess.com/game/daily/802553260
[2025-05-06 05:30:55.304918] Already analyzed: https://www.chess.com/game/live/138005532346
[2025-05-06 05:30:55.305191] Already analyzed: https://www.chess.com/game/live/138005569820
[2025-05-06 05:30:55.305453] Already analyzed: https://www.chess.com/game/live/138005614526
[2025-05-06 05:30:55.306690] Already analyzed: https://www.chess.com/game/live/138005649410
[2025-05-06 05:30:55.307005] Already analyzed: https://www.chess.com/game/daily/807812256
[2025-05-06 05:30:55.307295] Already analyzed: https://www.chess.com/game/live/138032960578
[2025-05-06 05:30:55.307779] Already analyzed: https://www.chess.com/game/live/138033026408
[2025-05-06 05:30:55.308045] Already analyzed: https://www.chess.com/game/live/138033103256
[2025-05-06 05:30:55.308389] Already analyzed: https://www.chess.com/game/live/138033178340
[2025-05-06 05:30:55.308732] Already analyzed: https://www.chess.com/game/daily/808178408
[2025-05-06 05:30:55.309192] Already analyzed: https://www.chess.com/game/live/138071558048
[2025-05-06 05:30:55.309593] Already analyzed: https://www.chess.com/game/live/138071657546
[2025-05-06 05:30:55.309817] Already analyzed: https://www.chess.com/game/live/138071732180
[2025-05-06 05:30:55.310030] Already analyzed: https://www.chess.com/game/live/138091323736
[2025-05-06 05:30:55.310241] Already analyzed: https://www.chess.com/game/live/138091897092
[2025-05-06 05:30:55.310443] Already analyzed: https://www.chess.com/game/live/138129516374
[2025-05-06 05:30:55.310651] Already analyzed: https://www.chess.com/game/live/138131026444
[2025-05-06 05:30:55.310849] Already analyzed: https://www.chess.com/game/live/138148856382
[2025-05-06 05:30:55.311048] Already analyzed: https://www.chess.com/game/live/138149022456
[2025-05-06 05:30:55.311675] No new games found to analyze. Workflow terminated.
===== MAIgnus_CAIrlsen Completed at Tue 05/06/2025  5:30:55.45 ===== 
