===== MAIgnus_CAIrlsen Started at Tue 05/06/2025  2:00:52.59  ===== 
Running MAIgnus_CAIrlsen chess analysis bot... 
[2025-05-06 02:00:54.722844] [ROCKET] Starting MAIgnus_CAIrlsen full workflow with modular analysis...
[2025-05-06 02:00:54.725399] [INBOX] Checking for new games on Chess.com...
[2025-05-06 02:00:55.244460] Already analyzed: https://www.chess.com/game/daily/802553254
[2025-05-06 02:00:55.244797] Already analyzed: https://www.chess.com/game/daily/802553260
[2025-05-06 02:00:55.245105] Already analyzed: https://www.chess.com/game/live/138005532346
[2025-05-06 02:00:55.245370] Already analyzed: https://www.chess.com/game/live/138005569820
[2025-05-06 02:00:55.245732] Already analyzed: https://www.chess.com/game/live/138005614526
[2025-05-06 02:00:55.245988] Already analyzed: https://www.chess.com/game/live/138005649410
[2025-05-06 02:00:55.246254] Already analyzed: https://www.chess.com/game/daily/807812256
[2025-05-06 02:00:55.246513] Already analyzed: https://www.chess.com/game/live/138032960578
[2025-05-06 02:00:55.246772] Already analyzed: https://www.chess.com/game/live/138033026408
[2025-05-06 02:00:55.247028] Already analyzed: https://www.chess.com/game/live/138033103256
[2025-05-06 02:00:55.247282] Already analyzed: https://www.chess.com/game/live/138033178340
[2025-05-06 02:00:55.247536] Already analyzed: https://www.chess.com/game/daily/808178408
[2025-05-06 02:00:55.247822] Already analyzed: https://www.chess.com/game/live/138071558048
[2025-05-06 02:00:55.248072] Already analyzed: https://www.chess.com/game/live/138071657546
[2025-05-06 02:00:55.248326] Already analyzed: https://www.chess.com/game/live/138071732180
[2025-05-06 02:00:55.248579] Already analyzed: https://www.chess.com/game/live/138091323736
[2025-05-06 02:00:55.248843] Already analyzed: https://www.chess.com/game/live/138091897092
[2025-05-06 02:00:55.249093] Already analyzed: https://www.chess.com/game/live/138129516374
[2025-05-06 02:00:55.249371] Already analyzed: https://www.chess.com/game/live/138131026444
[2025-05-06 02:00:55.249641] Already analyzed: https://www.chess.com/game/live/138148856382
[2025-05-06 02:00:55.249906] Already analyzed: https://www.chess.com/game/live/138149022456
[2025-05-06 02:00:55.250686] No new games found to analyze. Workflow terminated.
===== MAIgnus_CAIrlsen Completed at Tue 05/06/2025  2:00:55.38 ===== 
