===== MAIgnus_CAIrlsen Started at Thu 05/01/2025 12:00:02.01  ===== 
Running MAIgnus_CAIrlsen chess analysis bot... 
[2025-05-01 12:00:04.263822] [ROCKET] Starting MAIgnus_CAIrlsen full workflow...
[2025-05-01 12:00:04.265169] [INBOX] Checking for new games on Chess.com...
Traceback (most recent call last):
  File "C:\Users\seanr\MAIgnus_CAIrlsen\src\utils.py", line 22, in log
    print(full_message)
    ~~~~~^^^^^^^^^^^^^^
  File "C:\Users\seanr\AppData\Local\Programs\Python\Python313\Lib\encodings\cp1252.py", line 19, in encode
    return codecs.charmap_encode(input,self.errors,encoding_table)[0]
           ~~~~~~~~~~~~~~~~~~~~~^^^^^^^^^^^^^^^^^^^^^^^^^^^^^^^^^^
UnicodeEncodeError: 'charmap' codec can't encode character '\u2705' in position 29: character maps to <undefined>

During handling of the above exception, another exception occurred:

Traceback (most recent call last):
  File "C:\Users\seanr\MAIgnus_CAIrlsen\src\maignus_bot.py", line 69, in <module>
    main()
    ~~~~^^
  File "C:\Users\seanr\MAIgnus_CAIrlsen\src\maignus_bot.py", line 40, in main
    new_games = fetch_and_save_pgns()
  File "C:\Users\seanr\MAIgnus_CAIrlsen\src\chess_api.py", line 85, in fetch_and_save_pgns
    log(f"\u2705 Saved: {file_path}", MAIN_LOG)
    ~~~^^^^^^^^^^^^^^^^^^^^^^^^^^^^^^^^^^^^
  File "C:\Users\seanr\MAIgnus_CAIrlsen\src\utils.py", line 39, in log
    print(safe_message)
    ~~~~~^^^^^^^^^^^^^^
  File "C:\Users\seanr\AppData\Local\Programs\Python\Python313\Lib\encodings\cp1252.py", line 19, in encode
    return codecs.charmap_encode(input,self.errors,encoding_table)[0]
           ~~~~~~~~~~~~~~~~~~~~~^^^^^^^^^^^^^^^^^^^^^^^^^^^^^^^^^^
UnicodeEncodeError: 'charmap' codec can't encode character '\u2705' in position 29: character maps to <undefined>
===== MAIgnus_CAIrlsen Completed at Thu 05/01/2025 12:00:04.96 ===== 
