===== MAIgnus_CAIrlsen Started at Tue 05/06/2025  1:00:52.61  ===== 
Running MAIgnus_CAIrlsen chess analysis bot... 
[2025-05-06 01:00:54.823078] [ROCKET] Starting MAIgnus_CAIrlsen full workflow with modular analysis...
[2025-05-06 01:00:54.825565] [INBOX] Checking for new games on Chess.com...
[2025-05-06 01:00:55.341158] Already analyzed: https://www.chess.com/game/daily/802553254
[2025-05-06 01:00:55.341500] Already analyzed: https://www.chess.com/game/daily/802553260
[2025-05-06 01:00:55.341792] Already analyzed: https://www.chess.com/game/live/138005532346
[2025-05-06 01:00:55.342065] Already analyzed: https://www.chess.com/game/live/138005569820
[2025-05-06 01:00:55.342338] Already analyzed: https://www.chess.com/game/live/138005614526
[2025-05-06 01:00:55.342596] Already analyzed: https://www.chess.com/game/live/138005649410
[2025-05-06 01:00:55.342918] Already analyzed: https://www.chess.com/game/daily/807812256
[2025-05-06 01:00:55.343198] Already analyzed: https://www.chess.com/game/live/138032960578
[2025-05-06 01:00:55.343453] Already analyzed: https://www.chess.com/game/live/138033026408
[2025-05-06 01:00:55.343706] Already analyzed: https://www.chess.com/game/live/138033103256
[2025-05-06 01:00:55.343983] Already analyzed: https://www.chess.com/game/live/138033178340
[2025-05-06 01:00:55.344239] Already analyzed: https://www.chess.com/game/daily/808178408
[2025-05-06 01:00:55.344493] Already analyzed: https://www.chess.com/game/live/138071558048
[2025-05-06 01:00:55.344742] Already analyzed: https://www.chess.com/game/live/138071657546
[2025-05-06 01:00:55.344995] Already analyzed: https://www.chess.com/game/live/138071732180
[2025-05-06 01:00:55.345261] Already analyzed: https://www.chess.com/game/live/138091323736
[2025-05-06 01:00:55.345544] Already analyzed: https://www.chess.com/game/live/138091897092
[2025-05-06 01:00:55.345810] Already analyzed: https://www.chess.com/game/live/138129516374
[2025-05-06 01:00:55.346037] Already analyzed: https://www.chess.com/game/live/138131026444
[2025-05-06 01:00:55.346359] Already analyzed: https://www.chess.com/game/live/138148856382
[2025-05-06 01:00:55.346668] Already analyzed: https://www.chess.com/game/live/138149022456
[2025-05-06 01:00:55.347743] No new games found to analyze. Workflow terminated.
===== MAIgnus_CAIrlsen Completed at Tue 05/06/2025  1:00:55.47 ===== 
