===== MAIgnus_CAIrlsen Started at Tue 05/06/2025  8:30:52.60  ===== 
Running MAIgnus_CAIrlsen chess analysis bot... 
[2025-05-06 08:30:54.540719] [ROCKET] Starting MAIgnus_CAIrlsen full workflow with modular analysis...
[2025-05-06 08:30:54.541117] [INBOX] Checking for new games on Chess.com...
[2025-05-06 08:30:55.083995] Already analyzed: https://www.chess.com/game/daily/802553254
[2025-05-06 08:30:55.084369] Already analyzed: https://www.chess.com/game/daily/802553260
[2025-05-06 08:30:55.084601] Already analyzed: https://www.chess.com/game/live/138005532346
[2025-05-06 08:30:55.084812] Already analyzed: https://www.chess.com/game/live/138005569820
[2025-05-06 08:30:55.085019] Already analyzed: https://www.chess.com/game/live/138005614526
[2025-05-06 08:30:55.085229] Already analyzed: https://www.chess.com/game/live/138005649410
[2025-05-06 08:30:55.085445] Already analyzed: https://www.chess.com/game/daily/807812256
[2025-05-06 08:30:55.085653] Already analyzed: https://www.chess.com/game/live/138032960578
[2025-05-06 08:30:55.085859] Already analyzed: https://www.chess.com/game/live/138033026408
[2025-05-06 08:30:55.086094] Already analyzed: https://www.chess.com/game/live/138033103256
[2025-05-06 08:30:55.086326] Already analyzed: https://www.chess.com/game/live/138033178340
[2025-05-06 08:30:55.086539] Already analyzed: https://www.chess.com/game/daily/808178408
[2025-05-06 08:30:55.086754] Already analyzed: https://www.chess.com/game/live/138071558048
[2025-05-06 08:30:55.087030] Already analyzed: https://www.chess.com/game/live/138071657546
[2025-05-06 08:30:55.087322] Already analyzed: https://www.chess.com/game/live/138071732180
[2025-05-06 08:30:55.087538] Already analyzed: https://www.chess.com/game/live/138091323736
[2025-05-06 08:30:55.087752] Already analyzed: https://www.chess.com/game/live/138091897092
[2025-05-06 08:30:55.087978] Already analyzed: https://www.chess.com/game/live/138129516374
[2025-05-06 08:30:55.088186] Already analyzed: https://www.chess.com/game/live/138131026444
[2025-05-06 08:30:55.088394] Already analyzed: https://www.chess.com/game/live/138148856382
[2025-05-06 08:30:55.088605] Already analyzed: https://www.chess.com/game/live/138149022456
[2025-05-06 08:30:55.089234] No new games found to analyze. Workflow terminated.
===== MAIgnus_CAIrlsen Completed at Tue 05/06/2025  8:30:55.22 ===== 
