===== MAIgnus_CAIrlsen Started at Tue 05/06/2025  7:30:52.58  ===== 
Running MAIgnus_CAIrlsen chess analysis bot... 
[2025-05-06 07:30:54.679136] [ROCKET] Starting MAIgnus_CAIrlsen full workflow with modular analysis...
[2025-05-06 07:30:54.682182] [INBOX] Checking for new games on Chess.com...
[2025-05-06 07:30:55.208956] Already analyzed: https://www.chess.com/game/daily/802553254
[2025-05-06 07:30:55.209302] Already analyzed: https://www.chess.com/game/daily/802553260
[2025-05-06 07:30:55.209588] Already analyzed: https://www.chess.com/game/live/138005532346
[2025-05-06 07:30:55.209860] Already analyzed: https://www.chess.com/game/live/138005569820
[2025-05-06 07:30:55.210118] Already analyzed: https://www.chess.com/game/live/138005614526
[2025-05-06 07:30:55.210381] Already analyzed: https://www.chess.com/game/live/138005649410
[2025-05-06 07:30:55.210642] Already analyzed: https://www.chess.com/game/daily/807812256
[2025-05-06 07:30:55.210898] Already analyzed: https://www.chess.com/game/live/138032960578
[2025-05-06 07:30:55.211150] Already analyzed: https://www.chess.com/game/live/138033026408
[2025-05-06 07:30:55.211414] Already analyzed: https://www.chess.com/game/live/138033103256
[2025-05-06 07:30:55.211665] Already analyzed: https://www.chess.com/game/live/138033178340
[2025-05-06 07:30:55.211921] Already analyzed: https://www.chess.com/game/daily/808178408
[2025-05-06 07:30:55.212176] Already analyzed: https://www.chess.com/game/live/138071558048
[2025-05-06 07:30:55.212471] Already analyzed: https://www.chess.com/game/live/138071657546
[2025-05-06 07:30:55.212779] Already analyzed: https://www.chess.com/game/live/138071732180
[2025-05-06 07:30:55.213037] Already analyzed: https://www.chess.com/game/live/138091323736
[2025-05-06 07:30:55.213320] Already analyzed: https://www.chess.com/game/live/138091897092
[2025-05-06 07:30:55.213585] Already analyzed: https://www.chess.com/game/live/138129516374
[2025-05-06 07:30:55.213839] Already analyzed: https://www.chess.com/game/live/138131026444
[2025-05-06 07:30:55.214103] Already analyzed: https://www.chess.com/game/live/138148856382
[2025-05-06 07:30:55.214358] Already analyzed: https://www.chess.com/game/live/138149022456
[2025-05-06 07:30:55.215077] No new games found to analyze. Workflow terminated.
===== MAIgnus_CAIrlsen Completed at Tue 05/06/2025  7:30:55.34 ===== 
