===== MAIgnus_CAIrlsen Started at Mon 05/05/2025 23:30:52.61  ===== 
Running MAIgnus_CAIrlsen chess analysis bot... 
[2025-05-05 23:30:55.092440] [ROCKET] Starting MAIgnus_CAIrlsen full workflow with modular analysis...
[2025-05-05 23:30:55.096326] [INBOX] Checking for new games on Chess.com...
[2025-05-05 23:30:55.684387] Already analyzed: https://www.chess.com/game/daily/802553254
[2025-05-05 23:30:55.684720] Already analyzed: https://www.chess.com/game/daily/802553260
[2025-05-05 23:30:55.684966] Already analyzed: https://www.chess.com/game/live/138005532346
[2025-05-05 23:30:55.685210] Already analyzed: https://www.chess.com/game/live/138005569820
[2025-05-05 23:30:55.685425] Already analyzed: https://www.chess.com/game/live/138005614526
[2025-05-05 23:30:55.685627] Already analyzed: https://www.chess.com/game/live/138005649410
[2025-05-05 23:30:55.685832] Already analyzed: https://www.chess.com/game/daily/807812256
[2025-05-05 23:30:55.686033] Already analyzed: https://www.chess.com/game/live/138032960578
[2025-05-05 23:30:55.686226] Already analyzed: https://www.chess.com/game/live/138033026408
[2025-05-05 23:30:55.686480] Already analyzed: https://www.chess.com/game/live/138033103256
[2025-05-05 23:30:55.686683] Already analyzed: https://www.chess.com/game/live/138033178340
[2025-05-05 23:30:55.686907] Already analyzed: https://www.chess.com/game/daily/808178408
[2025-05-05 23:30:55.687102] Already analyzed: https://www.chess.com/game/live/138071558048
[2025-05-05 23:30:55.687294] Already analyzed: https://www.chess.com/game/live/138071657546
[2025-05-05 23:30:55.687482] Already analyzed: https://www.chess.com/game/live/138071732180
[2025-05-05 23:30:55.687671] Already analyzed: https://www.chess.com/game/live/138091323736
[2025-05-05 23:30:55.687861] Already analyzed: https://www.chess.com/game/live/138091897092
[2025-05-05 23:30:55.688049] Already analyzed: https://www.chess.com/game/live/138129516374
[2025-05-05 23:30:55.688291] Already analyzed: https://www.chess.com/game/live/138131026444
[2025-05-05 23:30:55.688492] Already analyzed: https://www.chess.com/game/live/138148856382
[2025-05-05 23:30:55.688687] Already analyzed: https://www.chess.com/game/live/138149022456
[2025-05-05 23:30:55.689236] No new games found to analyze. Workflow terminated.
===== MAIgnus_CAIrlsen Completed at Mon 05/05/2025 23:30:55.83 ===== 
