===== MAIgnus_CAIrlsen Started at Tue 05/06/2025  9:30:52.63  ===== 
Running MAIgnus_CAIrlsen chess analysis bot... 
[2025-05-06 09:30:55.760948] [ROCKET] Starting MAIgnus_CAIrlsen full workflow with modular analysis...
[2025-05-06 09:30:55.763178] [INBOX] Checking for new games on Chess.com...
[2025-05-06 09:30:56.171956] Already analyzed: https://www.chess.com/game/daily/802553254
[2025-05-06 09:30:56.172256] Already analyzed: https://www.chess.com/game/daily/802553260
[2025-05-06 09:30:56.172553] Already analyzed: https://www.chess.com/game/live/138005532346
[2025-05-06 09:30:56.172962] Already analyzed: https://www.chess.com/game/live/138005569820
[2025-05-06 09:30:56.173271] Already analyzed: https://www.chess.com/game/live/138005614526
[2025-05-06 09:30:56.173558] Already analyzed: https://www.chess.com/game/live/138005649410
[2025-05-06 09:30:56.173883] Already analyzed: https://www.chess.com/game/daily/807812256
[2025-05-06 09:30:56.174213] Already analyzed: https://www.chess.com/game/live/138032960578
[2025-05-06 09:30:56.174467] Already analyzed: https://www.chess.com/game/live/138033026408
[2025-05-06 09:30:56.174692] Already analyzed: https://www.chess.com/game/live/138033103256
[2025-05-06 09:30:56.174920] Already analyzed: https://www.chess.com/game/live/138033178340
[2025-05-06 09:30:56.175139] Already analyzed: https://www.chess.com/game/daily/808178408
[2025-05-06 09:30:56.175355] Already analyzed: https://www.chess.com/game/live/138071558048
[2025-05-06 09:30:56.175573] Already analyzed: https://www.chess.com/game/live/138071657546
[2025-05-06 09:30:56.175795] Already analyzed: https://www.chess.com/game/live/138071732180
[2025-05-06 09:30:56.176017] Already analyzed: https://www.chess.com/game/live/138091323736
[2025-05-06 09:30:56.176319] Already analyzed: https://www.chess.com/game/live/138091897092
[2025-05-06 09:30:56.176588] Already analyzed: https://www.chess.com/game/live/138129516374
[2025-05-06 09:30:56.176840] Already analyzed: https://www.chess.com/game/live/138131026444
[2025-05-06 09:30:56.177104] Already analyzed: https://www.chess.com/game/live/138148856382
[2025-05-06 09:30:56.177355] Already analyzed: https://www.chess.com/game/live/138149022456
[2025-05-06 09:30:56.178116] No new games found to analyze. Workflow terminated.
===== MAIgnus_CAIrlsen Completed at Tue 05/06/2025  9:30:56.37 ===== 
