===== MAIgnus_CAIrlsen Started at Tue 05/06/2025  6:00:52.61  ===== 
Running MAIgnus_CAIrlsen chess analysis bot... 
[2025-05-06 06:00:55.707687] [ROCKET] Starting MAIgnus_CAIrlsen full workflow with modular analysis...
[2025-05-06 06:00:55.709229] [INBOX] Checking for new games on Chess.com...
[2025-05-06 06:00:56.300348] Already analyzed: https://www.chess.com/game/daily/802553254
[2025-05-06 06:00:56.300669] Already analyzed: https://www.chess.com/game/daily/802553260
[2025-05-06 06:00:56.301216] Already analyzed: https://www.chess.com/game/live/138005532346
[2025-05-06 06:00:56.301494] Already analyzed: https://www.chess.com/game/live/138005569820
[2025-05-06 06:00:56.301752] Already analyzed: https://www.chess.com/game/live/138005614526
[2025-05-06 06:00:56.302011] Already analyzed: https://www.chess.com/game/live/138005649410
[2025-05-06 06:00:56.302270] Already analyzed: https://www.chess.com/game/daily/807812256
[2025-05-06 06:00:56.302579] Already analyzed: https://www.chess.com/game/live/138032960578
[2025-05-06 06:00:56.302864] Already analyzed: https://www.chess.com/game/live/138033026408
[2025-05-06 06:00:56.303122] Already analyzed: https://www.chess.com/game/live/138033103256
[2025-05-06 06:00:56.303373] Already analyzed: https://www.chess.com/game/live/138033178340
[2025-05-06 06:00:56.303628] Already analyzed: https://www.chess.com/game/daily/808178408
[2025-05-06 06:00:56.303881] Already analyzed: https://www.chess.com/game/live/138071558048
[2025-05-06 06:00:56.304134] Already analyzed: https://www.chess.com/game/live/138071657546
[2025-05-06 06:00:56.304384] Already analyzed: https://www.chess.com/game/live/138071732180
[2025-05-06 06:00:56.304637] Already analyzed: https://www.chess.com/game/live/138091323736
[2025-05-06 06:00:56.304898] Already analyzed: https://www.chess.com/game/live/138091897092
[2025-05-06 06:00:56.305157] Already analyzed: https://www.chess.com/game/live/138129516374
[2025-05-06 06:00:56.305411] Already analyzed: https://www.chess.com/game/live/138131026444
[2025-05-06 06:00:56.305662] Already analyzed: https://www.chess.com/game/live/138148856382
[2025-05-06 06:00:56.305913] Already analyzed: https://www.chess.com/game/live/138149022456
[2025-05-06 06:00:56.306820] No new games found to analyze. Workflow terminated.
===== MAIgnus_CAIrlsen Completed at Tue 05/06/2025  6:00:56.43 ===== 
