===== MAIgnus_CAIrlsen Started at Tue 05/06/2025  2:30:52.60  ===== 
Running MAIgnus_CAIrlsen chess analysis bot... 
[2025-05-06 02:30:54.816408] [ROCKET] Starting MAIgnus_CAIrlsen full workflow with modular analysis...
[2025-05-06 02:30:54.819606] [INBOX] Checking for new games on Chess.com...
[2025-05-06 02:30:55.365296] Already analyzed: https://www.chess.com/game/daily/802553254
[2025-05-06 02:30:55.365608] Already analyzed: https://www.chess.com/game/daily/802553260
[2025-05-06 02:30:55.365829] Already analyzed: https://www.chess.com/game/live/138005532346
[2025-05-06 02:30:55.366041] Already analyzed: https://www.chess.com/game/live/138005569820
[2025-05-06 02:30:55.366266] Already analyzed: https://www.chess.com/game/live/138005614526
[2025-05-06 02:30:55.366471] Already analyzed: https://www.chess.com/game/live/138005649410
[2025-05-06 02:30:55.366680] Already analyzed: https://www.chess.com/game/daily/807812256
[2025-05-06 02:30:55.366885] Already analyzed: https://www.chess.com/game/live/138032960578
[2025-05-06 02:30:55.367094] Already analyzed: https://www.chess.com/game/live/138033026408
[2025-05-06 02:30:55.367285] Already analyzed: https://www.chess.com/game/live/138033103256
[2025-05-06 02:30:55.367514] Already analyzed: https://www.chess.com/game/live/138033178340
[2025-05-06 02:30:55.367718] Already analyzed: https://www.chess.com/game/daily/808178408
[2025-05-06 02:30:55.367923] Already analyzed: https://www.chess.com/game/live/138071558048
[2025-05-06 02:30:55.368144] Already analyzed: https://www.chess.com/game/live/138071657546
[2025-05-06 02:30:55.368342] Already analyzed: https://www.chess.com/game/live/138071732180
[2025-05-06 02:30:55.368543] Already analyzed: https://www.chess.com/game/live/138091323736
[2025-05-06 02:30:55.368745] Already analyzed: https://www.chess.com/game/live/138091897092
[2025-05-06 02:30:55.368977] Already analyzed: https://www.chess.com/game/live/138129516374
[2025-05-06 02:30:55.369178] Already analyzed: https://www.chess.com/game/live/138131026444
[2025-05-06 02:30:55.369389] Already analyzed: https://www.chess.com/game/live/138148856382
[2025-05-06 02:30:55.369590] Already analyzed: https://www.chess.com/game/live/138149022456
[2025-05-06 02:30:55.370165] No new games found to analyze. Workflow terminated.
===== MAIgnus_CAIrlsen Completed at Tue 05/06/2025  2:30:55.49 ===== 
