===== MAIgnus_CAIrlsen Started at Tue 05/06/2025 13:00:52.62  ===== 
Running MAIgnus_CAIrlsen chess analysis bot... 
[2025-05-06 13:00:56.667705] [ROCKET] Starting MAIgnus_CAIrlsen full workflow with modular analysis...
[2025-05-06 13:00:56.669526] [INBOX] Checking for new games on Chess.com...
[2025-05-06 13:00:57.226922] Already analyzed: https://www.chess.com/game/daily/802553254
[2025-05-06 13:00:57.227280] Already analyzed: https://www.chess.com/game/daily/802553260
[2025-05-06 13:00:57.227512] Already analyzed: https://www.chess.com/game/live/138005532346
[2025-05-06 13:00:57.227773] Already analyzed: https://www.chess.com/game/live/138005569820
[2025-05-06 13:00:57.227988] Already analyzed: https://www.chess.com/game/live/138005614526
[2025-05-06 13:00:57.228185] Already analyzed: https://www.chess.com/game/live/138005649410
[2025-05-06 13:00:57.228383] Already analyzed: https://www.chess.com/game/daily/807812256
[2025-05-06 13:00:57.228579] Already analyzed: https://www.chess.com/game/live/138032960578
[2025-05-06 13:00:57.228770] Already analyzed: https://www.chess.com/game/live/138033026408
[2025-05-06 13:00:57.228962] Already analyzed: https://www.chess.com/game/live/138033103256
[2025-05-06 13:00:57.229155] Already analyzed: https://www.chess.com/game/live/138033178340
[2025-05-06 13:00:57.229354] Already analyzed: https://www.chess.com/game/daily/808178408
[2025-05-06 13:00:57.229543] Already analyzed: https://www.chess.com/game/live/138071558048
[2025-05-06 13:00:57.229733] Already analyzed: https://www.chess.com/game/live/138071657546
[2025-05-06 13:00:57.229926] Already analyzed: https://www.chess.com/game/live/138071732180
[2025-05-06 13:00:57.230116] Already analyzed: https://www.chess.com/game/live/138091323736
[2025-05-06 13:00:57.230305] Already analyzed: https://www.chess.com/game/live/138091897092
[2025-05-06 13:00:57.230515] Already analyzed: https://www.chess.com/game/live/138129516374
[2025-05-06 13:00:57.230705] Already analyzed: https://www.chess.com/game/live/138131026444
[2025-05-06 13:00:57.230894] Already analyzed: https://www.chess.com/game/live/138148856382
[2025-05-06 13:00:57.231085] Already analyzed: https://www.chess.com/game/live/138149022456
Traceback (most recent call last):
  File "C:\Users\seanr\MAIgnus_CAIrlsen\src\utils.py", line 22, in log
    print(full_message)
    ~~~~~^^^^^^^^^^^^^^
  File "C:\Users\seanr\AppData\Local\Programs\Python\Python313\Lib\encodings\cp1252.py", line 19, in encode
    return codecs.charmap_encode(input,self.errors,encoding_table)[0]
           ~~~~~~~~~~~~~~~~~~~~~^^^^^^^^^^^^^^^^^^^^^^^^^^^^^^^^^^
UnicodeEncodeError: 'charmap' codec can't encode character '\u2705' in position 29: character maps to <undefined>

During handling of the above exception, another exception occurred:

Traceback (most recent call last):
  File "C:\Users\seanr\MAIgnus_CAIrlsen\src\maignus_bot.py", line 79, in <module>
    main()
    ~~~~^^
  File "C:\Users\seanr\MAIgnus_CAIrlsen\src\maignus_bot.py", line 40, in main
    new_games = fetch_and_save_pgns()
  File "C:\Users\seanr\MAIgnus_CAIrlsen\src\chess_api.py", line 100, in fetch_and_save_pgns
    log(f"\u2705 Saved new game: {file_path}", MAIN_LOG)
    ~~~^^^^^^^^^^^^^^^^^^^^^^^^^^^^^^^^^^^^^^^^^^^^^
  File "C:\Users\seanr\MAIgnus_CAIrlsen\src\utils.py", line 39, in log
    print(safe_message)
    ~~~~~^^^^^^^^^^^^^^
  File "C:\Users\seanr\AppData\Local\Programs\Python\Python313\Lib\encodings\cp1252.py", line 19, in encode
    return codecs.charmap_encode(input,self.errors,encoding_table)[0]
           ~~~~~~~~~~~~~~~~~~~~~^^^^^^^^^^^^^^^^^^^^^^^^^^^^^^^^^^
UnicodeEncodeError: 'charmap' codec can't encode character '\u2705' in position 29: character maps to <undefined>
===== MAIgnus_CAIrlsen Completed at Tue 05/06/2025 13:00:57.40 ===== 
