===== MAIgnus_CAIrlsen Started at Tue 05/06/2025  3:00:52.60  ===== 
Running MAIgnus_CAIrlsen chess analysis bot... 
[2025-05-06 03:00:55.206077] [ROCKET] Starting MAIgnus_CAIrlsen full workflow with modular analysis...
[2025-05-06 03:00:55.209522] [INBOX] Checking for new games on Chess.com...
[2025-05-06 03:00:55.741636] Already analyzed: https://www.chess.com/game/daily/802553254
[2025-05-06 03:00:55.741968] Already analyzed: https://www.chess.com/game/daily/802553260
[2025-05-06 03:00:55.742291] Already analyzed: https://www.chess.com/game/live/138005532346
[2025-05-06 03:00:55.742707] Already analyzed: https://www.chess.com/game/live/138005569820
[2025-05-06 03:00:55.742998] Already analyzed: https://www.chess.com/game/live/138005614526
[2025-05-06 03:00:55.743277] Already analyzed: https://www.chess.com/game/live/138005649410
[2025-05-06 03:00:55.743489] Already analyzed: https://www.chess.com/game/daily/807812256
[2025-05-06 03:00:55.743737] Already analyzed: https://www.chess.com/game/live/138032960578
[2025-05-06 03:00:55.743932] Already analyzed: https://www.chess.com/game/live/138033026408
[2025-05-06 03:00:55.744124] Already analyzed: https://www.chess.com/game/live/138033103256
[2025-05-06 03:00:55.744311] Already analyzed: https://www.chess.com/game/live/138033178340
[2025-05-06 03:00:55.744498] Already analyzed: https://www.chess.com/game/daily/808178408
[2025-05-06 03:00:55.744699] Already analyzed: https://www.chess.com/game/live/138071558048
[2025-05-06 03:00:55.744888] Already analyzed: https://www.chess.com/game/live/138071657546
[2025-05-06 03:00:55.745084] Already analyzed: https://www.chess.com/game/live/138071732180
[2025-05-06 03:00:55.745273] Already analyzed: https://www.chess.com/game/live/138091323736
[2025-05-06 03:00:55.745466] Already analyzed: https://www.chess.com/game/live/138091897092
[2025-05-06 03:00:55.745655] Already analyzed: https://www.chess.com/game/live/138129516374
[2025-05-06 03:00:55.745843] Already analyzed: https://www.chess.com/game/live/138131026444
[2025-05-06 03:00:55.746034] Already analyzed: https://www.chess.com/game/live/138148856382
[2025-05-06 03:00:55.746221] Already analyzed: https://www.chess.com/game/live/138149022456
[2025-05-06 03:00:55.746997] No new games found to analyze. Workflow terminated.
===== MAIgnus_CAIrlsen Completed at Tue 05/06/2025  3:00:55.89 ===== 
