===== MAIgnus_CAIrlsen Started at Tue 05/06/2025  0:30:52.58  ===== 
Running MAIgnus_CAIrlsen chess analysis bot... 
[2025-05-06 00:30:54.664255] [ROCKET] Starting MAIgnus_CAIrlsen full workflow with modular analysis...
[2025-05-06 00:30:54.666813] [INBOX] Checking for new games on Chess.com...
[2025-05-06 00:30:55.186070] Already analyzed: https://www.chess.com/game/daily/802553254
[2025-05-06 00:30:55.186438] Already analyzed: https://www.chess.com/game/daily/802553260
[2025-05-06 00:30:55.186680] Already analyzed: https://www.chess.com/game/live/138005532346
[2025-05-06 00:30:55.186892] Already analyzed: https://www.chess.com/game/live/138005569820
[2025-05-06 00:30:55.187100] Already analyzed: https://www.chess.com/game/live/138005614526
[2025-05-06 00:30:55.187308] Already analyzed: https://www.chess.com/game/live/138005649410
[2025-05-06 00:30:55.187525] Already analyzed: https://www.chess.com/game/daily/807812256
[2025-05-06 00:30:55.187735] Already analyzed: https://www.chess.com/game/live/138032960578
[2025-05-06 00:30:55.187944] Already analyzed: https://www.chess.com/game/live/138033026408
[2025-05-06 00:30:55.188152] Already analyzed: https://www.chess.com/game/live/138033103256
[2025-05-06 00:30:55.188651] Already analyzed: https://www.chess.com/game/live/138033178340
[2025-05-06 00:30:55.189027] Already analyzed: https://www.chess.com/game/daily/808178408
[2025-05-06 00:30:55.189565] Already analyzed: https://www.chess.com/game/live/138071558048
[2025-05-06 00:30:55.189859] Already analyzed: https://www.chess.com/game/live/138071657546
[2025-05-06 00:30:55.190214] Already analyzed: https://www.chess.com/game/live/138071732180
[2025-05-06 00:30:55.190529] Already analyzed: https://www.chess.com/game/live/138091323736
[2025-05-06 00:30:55.190811] Already analyzed: https://www.chess.com/game/live/138091897092
[2025-05-06 00:30:55.191103] Already analyzed: https://www.chess.com/game/live/138129516374
[2025-05-06 00:30:55.191411] Already analyzed: https://www.chess.com/game/live/138131026444
[2025-05-06 00:30:55.191713] Already analyzed: https://www.chess.com/game/live/138148856382
[2025-05-06 00:30:55.191987] Already analyzed: https://www.chess.com/game/live/138149022456
[2025-05-06 00:30:55.192863] No new games found to analyze. Workflow terminated.
===== MAIgnus_CAIrlsen Completed at Tue 05/06/2025  0:30:55.31 ===== 
