===== MAIgnus_CAIrlsen Started at Mon 05/05/2025 22:01:05.91  ===== 
Running MAIgnus_CAIrlsen chess analysis bot... 
[2025-05-05 22:01:07.944119] [ROCKET] Starting MAIgnus_CAIrlsen full workflow...
[2025-05-05 22:01:07.945222] [INBOX] Checking for new games on Chess.com...
[2025-05-05 22:01:08.364718] Already exists: C:\Users\seanr\MAIgnus_CAIrlsen\data\seanr87_7357bab97bd87f9bf885e251ee240909.pgn
[2025-05-05 22:01:08.365314] Already exists: C:\Users\seanr\MAIgnus_CAIrlsen\data\seanr87_364feb0118d70902eea2153f3d794c93.pgn
[2025-05-05 22:01:08.365603] Already exists: C:\Users\seanr\MAIgnus_CAIrlsen\data\seanr87_85e366d4e7091f520f6d5e610ea66393.pgn
[2025-05-05 22:01:08.366031] Already exists: C:\Users\seanr\MAIgnus_CAIrlsen\data\seanr87_82ac8f34e630fc63ee76f6c6714abb60.pgn
[2025-05-05 22:01:08.366464] Already exists: C:\Users\seanr\MAIgnus_CAIrlsen\data\seanr87_326375dff7099631e654dfdb1771d1be.pgn
[2025-05-05 22:01:08.366865] Already exists: C:\Users\seanr\MAIgnus_CAIrlsen\data\seanr87_4e1e286a007246c9fec5a5fd81d049a9.pgn
[2025-05-05 22:01:08.367282] Already exists: C:\Users\seanr\MAIgnus_CAIrlsen\data\seanr87_1f4850cc88627fb1f2c6f641552c2fd8.pgn
[2025-05-05 22:01:08.367706] Already exists: C:\Users\seanr\MAIgnus_CAIrlsen\data\seanr87_a8a4fda10adcf58d6a99bff09c75c18f.pgn
[2025-05-05 22:01:08.367938] Already exists: C:\Users\seanr\MAIgnus_CAIrlsen\data\seanr87_4d216246753740eb3da9374bb45a84cd.pgn
[2025-05-05 22:01:08.368155] Already exists: C:\Users\seanr\MAIgnus_CAIrlsen\data\seanr87_52015847c4ac9cc09822a311bef3dbb6.pgn
[2025-05-05 22:01:08.368367] Already exists: C:\Users\seanr\MAIgnus_CAIrlsen\data\seanr87_3c8aaad920cbd71e140fc4aaef7a24e7.pgn
[2025-05-05 22:01:08.368597] Already exists: C:\Users\seanr\MAIgnus_CAIrlsen\data\seanr87_4936613a4a9f662bbe82c65aa9148416.pgn
[2025-05-05 22:01:08.368825] Already exists: C:\Users\seanr\MAIgnus_CAIrlsen\data\seanr87_237e6c16ba415eb9b58bb2853c5cc806.pgn
[2025-05-05 22:01:08.369043] Already exists: C:\Users\seanr\MAIgnus_CAIrlsen\data\seanr87_fa1995c9a496b735f5e1672bd848ed33.pgn
[2025-05-05 22:01:08.369261] Already exists: C:\Users\seanr\MAIgnus_CAIrlsen\data\seanr87_164204fd6d972f45aa933256b17780d7.pgn
[2025-05-05 22:01:08.369482] Already exists: C:\Users\seanr\MAIgnus_CAIrlsen\data\seanr87_26aa1fbe685eed5b67a0f0be49b6f216.pgn
[2025-05-05 22:01:08.369695] Already exists: C:\Users\seanr\MAIgnus_CAIrlsen\data\seanr87_9aba428970f87a8237149343098d48ed.pgn
[2025-05-05 22:01:08.369905] Already exists: C:\Users\seanr\MAIgnus_CAIrlsen\data\seanr87_9346497d65d96722cace156cb7bd8be8.pgn
[2025-05-05 22:01:08.370133] Already exists: C:\Users\seanr\MAIgnus_CAIrlsen\data\seanr87_165edd753b2af9a71a09ef687e6e74d2.pgn
[2025-05-05 22:01:08.370342] Already exists: C:\Users\seanr\MAIgnus_CAIrlsen\data\seanr87_5771964322ec9e56caad91626ee1d486.pgn
[2025-05-05 22:01:08.370559] Already exists: C:\Users\seanr\MAIgnus_CAIrlsen\data\seanr87_f0363286da66a88555e9d61cc7f89e81.pgn
[2025-05-05 22:01:08.370772] No new games found to analyze. Workflow terminated.
===== MAIgnus_CAIrlsen Completed at Mon 05/05/2025 22:01:08.52 ===== 
