===== MAIgnus_CAIrlsen Started at Tue 05/06/2025 18:00:52.59  ===== 
Running MAIgnus_CAIrlsen chess analysis bot... 
[2025-05-06 18:00:54.973100] [ROCKET] Starting MAIgnus_CAIrlsen full workflow with modular analysis...
[2025-05-06 18:00:54.975988] [INBOX] Checking for new games on Chess.com...
[2025-05-06 18:00:55.497413] Already analyzed: https://www.chess.com/game/daily/802553254
[2025-05-06 18:00:55.497716] Already analyzed: https://www.chess.com/game/daily/802553260
[2025-05-06 18:00:55.497992] Already analyzed: https://www.chess.com/game/live/138005532346
[2025-05-06 18:00:55.498323] Already analyzed: https://www.chess.com/game/live/138005569820
[2025-05-06 18:00:55.498650] Already analyzed: https://www.chess.com/game/live/138005614526
[2025-05-06 18:00:55.498910] Already analyzed: https://www.chess.com/game/live/138005649410
[2025-05-06 18:00:55.499165] Already analyzed: https://www.chess.com/game/daily/807812256
[2025-05-06 18:00:55.499425] Already analyzed: https://www.chess.com/game/live/138032960578
[2025-05-06 18:00:55.499678] Already analyzed: https://www.chess.com/game/live/138033026408
[2025-05-06 18:00:55.499934] Already analyzed: https://www.chess.com/game/live/138033103256
[2025-05-06 18:00:55.500187] Already analyzed: https://www.chess.com/game/live/138033178340
[2025-05-06 18:00:55.500443] Already analyzed: https://www.chess.com/game/daily/808178408
[2025-05-06 18:00:55.500703] Already analyzed: https://www.chess.com/game/live/138071558048
[2025-05-06 18:00:55.500959] Already analyzed: https://www.chess.com/game/live/138071657546
[2025-05-06 18:00:55.501223] Already analyzed: https://www.chess.com/game/live/138071732180
[2025-05-06 18:00:55.501480] Already analyzed: https://www.chess.com/game/live/138091323736
[2025-05-06 18:00:55.501743] Already analyzed: https://www.chess.com/game/live/138091897092
[2025-05-06 18:00:55.501996] Already analyzed: https://www.chess.com/game/live/138129516374
[2025-05-06 18:00:55.502248] Already analyzed: https://www.chess.com/game/live/138131026444
[2025-05-06 18:00:55.502503] Already analyzed: https://www.chess.com/game/live/138148856382
[2025-05-06 18:00:55.502762] Already analyzed: https://www.chess.com/game/live/138149022456
Traceback (most recent call last):
  File "C:\Users\seanr\MAIgnus_CAIrlsen\src\utils.py", line 22, in log
    print(full_message)
    ~~~~~^^^^^^^^^^^^^^
  File "C:\Users\seanr\AppData\Local\Programs\Python\Python313\Lib\encodings\cp1252.py", line 19, in encode
    return codecs.charmap_encode(input,self.errors,encoding_table)[0]
           ~~~~~~~~~~~~~~~~~~~~~^^^^^^^^^^^^^^^^^^^^^^^^^^^^^^^^^^
UnicodeEncodeError: 'charmap' codec can't encode character '\u2705' in position 29: character maps to <undefined>

During handling of the above exception, another exception occurred:

Traceback (most recent call last):
  File "C:\Users\seanr\MAIgnus_CAIrlsen\src\maignus_bot.py", line 79, in <module>
    main()
    ~~~~^^
  File "C:\Users\seanr\MAIgnus_CAIrlsen\src\maignus_bot.py", line 40, in main
    new_games = fetch_and_save_pgns()
  File "C:\Users\seanr\MAIgnus_CAIrlsen\src\chess_api.py", line 100, in fetch_and_save_pgns
    log(f"\u2705 Saved new game: {file_path}", MAIN_LOG)
    ~~~^^^^^^^^^^^^^^^^^^^^^^^^^^^^^^^^^^^^^^^^^^^^^
  File "C:\Users\seanr\MAIgnus_CAIrlsen\src\utils.py", line 39, in log
    print(safe_message)
    ~~~~~^^^^^^^^^^^^^^
  File "C:\Users\seanr\AppData\Local\Programs\Python\Python313\Lib\encodings\cp1252.py", line 19, in encode
    return codecs.charmap_encode(input,self.errors,encoding_table)[0]
           ~~~~~~~~~~~~~~~~~~~~~^^^^^^^^^^^^^^^^^^^^^^^^^^^^^^^^^^
UnicodeEncodeError: 'charmap' codec can't encode character '\u2705' in position 29: character maps to <undefined>
===== MAIgnus_CAIrlsen Completed at Tue 05/06/2025 18:00:55.64 ===== 
