===== MAIgnus_CAIrlsen Started at Tue 05/06/2025 21:53:28.45 --force ===== 
Running MAIgnus_CAIrlsen chess analysis bot... 
[2025-05-06 21:53:30.890334] [ROCKET] Starting MAIgnus_CAIrlsen full workflow with modular analysis...
[2025-05-06 21:53:30.891188] [INBOX] Checking for new games on Chess.com...
[2025-05-06 21:53:31.706818] Already analyzed: https://www.chess.com/game/daily/802553254
[2025-05-06 21:53:31.707143] Already analyzed: https://www.chess.com/game/daily/802553260
[2025-05-06 21:53:31.707441] Already analyzed: https://www.chess.com/game/live/138005532346
[2025-05-06 21:53:31.707723] Already analyzed: https://www.chess.com/game/live/138005569820
[2025-05-06 21:53:31.707996] Already analyzed: https://www.chess.com/game/live/138005614526
[2025-05-06 21:53:31.708258] Already analyzed: https://www.chess.com/game/live/138005649410
[2025-05-06 21:53:31.708516] Already analyzed: https://www.chess.com/game/daily/807812256
[2025-05-06 21:53:31.708777] Already analyzed: https://www.chess.com/game/live/138032960578
[2025-05-06 21:53:31.709042] Already analyzed: https://www.chess.com/game/live/138033026408
[2025-05-06 21:53:31.709300] Already analyzed: https://www.chess.com/game/live/138033103256
[2025-05-06 21:53:31.709553] Already analyzed: https://www.chess.com/game/live/138033178340
[2025-05-06 21:53:31.709805] Already analyzed: https://www.chess.com/game/daily/808178408
[2025-05-06 21:53:31.710059] Already analyzed: https://www.chess.com/game/live/138071558048
[2025-05-06 21:53:31.710311] Already analyzed: https://www.chess.com/game/live/138071657546
[2025-05-06 21:53:31.710597] Already analyzed: https://www.chess.com/game/live/138071732180
[2025-05-06 21:53:31.710876] Already analyzed: https://www.chess.com/game/live/138091323736
[2025-05-06 21:53:31.711135] Already analyzed: https://www.chess.com/game/live/138091897092
[2025-05-06 21:53:31.711394] Already analyzed: https://www.chess.com/game/live/138129516374
[2025-05-06 21:53:31.711715] Already analyzed: https://www.chess.com/game/live/138131026444
[2025-05-06 21:53:31.711973] Already analyzed: https://www.chess.com/game/live/138148856382
[2025-05-06 21:53:31.712254] Already analyzed: https://www.chess.com/game/live/138149022456
[2025-05-06 21:53:31.712513] Already analyzed: https://www.chess.com/game/live/138169662374
[2025-05-06 21:53:31.712774] Already analyzed: https://www.chess.com/game/live/138179036290
[2025-05-06 21:53:31.713034] Already analyzed: https://www.chess.com/game/live/138179087060
[2025-05-06 21:53:31.713380] Already analyzed: https://www.chess.com/game/live/138179146170
[2025-05-06 21:53:31.713657] Already analyzed: https://www.chess.com/game/daily/809343432
[2025-05-06 21:53:31.714390] No new games found, but --force flag provided. Proceeding with analysis of latest game.
[2025-05-06 21:53:31.725276] [BRAIN] Generating modular game analysis...
[2025-05-06 21:53:31.725617] Starting comprehensive analysis...
[2025-05-06 21:53:31.725874] Starting Stockfish analysis...
[2025-05-06 21:53:39.362311] Stockfish analysis complete. Found 3 critical moments.
[2025-05-06 21:53:39.363088] Requesting game narrative summary from GPT...
[2025-05-06 21:53:48.758499] Game summary generation complete.
[2025-05-06 21:53:48.759072] Requesting highlights and lowlights from GPT...
[2025-05-06 21:53:59.668687] Highlights and lowlights generation complete.
[2025-05-06 21:53:59.669117] Requesting coaching point from GPT...
[2025-05-06 21:54:05.944731] Coaching point generation complete.
[2025-05-06 21:54:05.945173] Analyzing critical moment: Move 89, white's h6 (CP loss: 68)
[2025-05-06 21:54:14.606579] Critical moment analysis complete for move 89.
[2025-05-06 21:54:14.607216] Analyzing critical moment: Move 46, black's fxe6 (CP loss: 38)
[2025-05-06 21:54:23.340811] Critical moment analysis complete for move 46.
[2025-05-06 21:54:23.341240] Analyzing critical moment: Move 63, white's Rf3+ (CP loss: 36)
[2025-05-06 21:54:30.477844] Critical moment analysis complete for move 63.
Traceback (most recent call last):
  File "C:\Users\seanr\MAIgnus_CAIrlsen\src\utils.py", line 22, in log
    print(full_message)
    ~~~~~^^^^^^^^^^^^^^
  File "C:\Users\seanr\AppData\Local\Programs\Python\Python313\Lib\encodings\cp1252.py", line 19, in encode
    return codecs.charmap_encode(input,self.errors,encoding_table)[0]
           ~~~~~~~~~~~~~~~~~~~~~^^^^^^^^^^^^^^^^^^^^^^^^^^^^^^^^^^
UnicodeEncodeError: 'charmap' codec can't encode character '\u2705' in position 29: character maps to <undefined>

During handling of the above exception, another exception occurred:

Traceback (most recent call last):
  File "C:\Users\seanr\MAIgnus_CAIrlsen\src\maignus_bot.py", line 79, in <module>
    main()
    ~~~~^^
  File "C:\Users\seanr\MAIgnus_CAIrlsen\src\maignus_bot.py", line 61, in main
    analysis_success = generate_game_analysis(game, pgn_text, player_info, metadata_dict)
  File "C:\Users\seanr\MAIgnus_CAIrlsen\src\modular_analyzer.py", line 418, in generate_game_analysis
    log("\u2705 Complete modular analysis saved to game_analysis.txt", ANALYZER_LOG)
    ~~~^^^^^^^^^^^^^^^^^^^^^^^^^^^^^^^^^^^^^^^^^^^^^^^^^^^^^^^^^^^^^^^^^^^^^^^^^
  File "C:\Users\seanr\MAIgnus_CAIrlsen\src\utils.py", line 39, in log
    print(safe_message)
    ~~~~~^^^^^^^^^^^^^^
  File "C:\Users\seanr\AppData\Local\Programs\Python\Python313\Lib\encodings\cp1252.py", line 19, in encode
    return codecs.charmap_encode(input,self.errors,encoding_table)[0]
           ~~~~~~~~~~~~~~~~~~~~~^^^^^^^^^^^^^^^^^^^^^^^^^^^^^^^^^^
UnicodeEncodeError: 'charmap' codec can't encode character '\u2705' in position 29: character maps to <undefined>
===== MAIgnus_CAIrlsen Completed at Tue 05/06/2025 21:54:30.69 ===== 
