===== MAIgnus_CAIrlsen Started at Tue 05/06/2025 22:13:05.22 with parameters: [--force] ===== 
Running MAIgnus_CAIrlsen chess analysis bot... 
[2025-05-06 22:13:07.487330] [ROCKET] Starting MAIgnus_CAIrlsen full workflow with modular analysis...
[2025-05-06 22:13:07.487789] [INBOX] Checking for new games on Chess.com...
[2025-05-06 22:13:08.466428] Already analyzed: https://www.chess.com/game/daily/802553254
[2025-05-06 22:13:08.466797] Already analyzed: https://www.chess.com/game/daily/802553260
[2025-05-06 22:13:08.467088] Already analyzed: https://www.chess.com/game/live/138005532346
[2025-05-06 22:13:08.467367] Already analyzed: https://www.chess.com/game/live/138005569820
[2025-05-06 22:13:08.467628] Already analyzed: https://www.chess.com/game/live/138005614526
[2025-05-06 22:13:08.467886] Already analyzed: https://www.chess.com/game/live/138005649410
[2025-05-06 22:13:08.468143] Already analyzed: https://www.chess.com/game/daily/807812256
[2025-05-06 22:13:08.468397] Already analyzed: https://www.chess.com/game/live/138032960578
[2025-05-06 22:13:08.468690] Already analyzed: https://www.chess.com/game/live/138033026408
[2025-05-06 22:13:08.468966] Already analyzed: https://www.chess.com/game/live/138033103256
[2025-05-06 22:13:08.469225] Already analyzed: https://www.chess.com/game/live/138033178340
[2025-05-06 22:13:08.469481] Already analyzed: https://www.chess.com/game/daily/808178408
[2025-05-06 22:13:08.469739] Already analyzed: https://www.chess.com/game/live/138071558048
[2025-05-06 22:13:08.470081] Already analyzed: https://www.chess.com/game/live/138071657546
[2025-05-06 22:13:08.470351] Already analyzed: https://www.chess.com/game/live/138071732180
[2025-05-06 22:13:08.470622] Already analyzed: https://www.chess.com/game/live/138091323736
[2025-05-06 22:13:08.470875] Already analyzed: https://www.chess.com/game/live/138091897092
[2025-05-06 22:13:08.471134] Already analyzed: https://www.chess.com/game/live/138129516374
[2025-05-06 22:13:08.471389] Already analyzed: https://www.chess.com/game/live/138131026444
[2025-05-06 22:13:08.471644] Already analyzed: https://www.chess.com/game/live/138148856382
[2025-05-06 22:13:08.471963] Already analyzed: https://www.chess.com/game/live/138149022456
[2025-05-06 22:13:08.472224] Already analyzed: https://www.chess.com/game/live/138169662374
[2025-05-06 22:13:08.472496] Already analyzed: https://www.chess.com/game/live/138179036290
[2025-05-06 22:13:08.472755] Already analyzed: https://www.chess.com/game/live/138179087060
[2025-05-06 22:13:08.473009] Already analyzed: https://www.chess.com/game/live/138179146170
[2025-05-06 22:13:08.473285] Already analyzed: https://www.chess.com/game/daily/809343432
Traceback (most recent call last):
  File "C:\Users\seanr\MAIgnus_CAIrlsen\src\utils.py", line 22, in log
    print(full_message)
    ~~~~~^^^^^^^^^^^^^^
  File "C:\Users\seanr\AppData\Local\Programs\Python\Python313\Lib\encodings\cp1252.py", line 19, in encode
    return codecs.charmap_encode(input,self.errors,encoding_table)[0]
           ~~~~~~~~~~~~~~~~~~~~~^^^^^^^^^^^^^^^^^^^^^^^^^^^^^^^^^^
UnicodeEncodeError: 'charmap' codec can't encode character '\u2705' in position 29: character maps to <undefined>

During handling of the above exception, another exception occurred:

Traceback (most recent call last):
  File "C:\Users\seanr\MAIgnus_CAIrlsen\src\\maignus_bot.py", line 79, in <module>
    main()
    ~~~~^^
  File "C:\Users\seanr\MAIgnus_CAIrlsen\src\\maignus_bot.py", line 40, in main
    new_games = fetch_and_save_pgns()
  File "C:\Users\seanr\MAIgnus_CAIrlsen\src\chess_api.py", line 100, in fetch_and_save_pgns
    log(f"\u2705 Saved new game: {file_path}", MAIN_LOG)
    ~~~^^^^^^^^^^^^^^^^^^^^^^^^^^^^^^^^^^^^^^^^^^^^^
  File "C:\Users\seanr\MAIgnus_CAIrlsen\src\utils.py", line 39, in log
    print(safe_message)
    ~~~~~^^^^^^^^^^^^^^
  File "C:\Users\seanr\AppData\Local\Programs\Python\Python313\Lib\encodings\cp1252.py", line 19, in encode
    return codecs.charmap_encode(input,self.errors,encoding_table)[0]
           ~~~~~~~~~~~~~~~~~~~~~^^^^^^^^^^^^^^^^^^^^^^^^^^^^^^^^^^
UnicodeEncodeError: 'charmap' codec can't encode character '\u2705' in position 29: character maps to <undefined>
===== MAIgnus_CAIrlsen Completed at Tue 05/06/2025 22:13:08.64 ===== 
