===== MAIgnus_CAIrlsen Started at Tue 05/06/2025  3:30:52.60  ===== 
Running MAIgnus_CAIrlsen chess analysis bot... 
[2025-05-06 03:30:54.705718] [ROCKET] Starting MAIgnus_CAIrlsen full workflow with modular analysis...
[2025-05-06 03:30:54.708304] [INBOX] Checking for new games on Chess.com...
[2025-05-06 03:30:55.201558] Already analyzed: https://www.chess.com/game/daily/802553254
[2025-05-06 03:30:55.201879] Already analyzed: https://www.chess.com/game/daily/802553260
[2025-05-06 03:30:55.202175] Already analyzed: https://www.chess.com/game/live/138005532346
[2025-05-06 03:30:55.202522] Already analyzed: https://www.chess.com/game/live/138005569820
[2025-05-06 03:30:55.202801] Already analyzed: https://www.chess.com/game/live/138005614526
[2025-05-06 03:30:55.203056] Already analyzed: https://www.chess.com/game/live/138005649410
[2025-05-06 03:30:55.203258] Already analyzed: https://www.chess.com/game/daily/807812256
[2025-05-06 03:30:55.203478] Already analyzed: https://www.chess.com/game/live/138032960578
[2025-05-06 03:30:55.203673] Already analyzed: https://www.chess.com/game/live/138033026408
[2025-05-06 03:30:55.203862] Already analyzed: https://www.chess.com/game/live/138033103256
[2025-05-06 03:30:55.204065] Already analyzed: https://www.chess.com/game/live/138033178340
[2025-05-06 03:30:55.204255] Already analyzed: https://www.chess.com/game/daily/808178408
[2025-05-06 03:30:55.204443] Already analyzed: https://www.chess.com/game/live/138071558048
[2025-05-06 03:30:55.204632] Already analyzed: https://www.chess.com/game/live/138071657546
[2025-05-06 03:30:55.204821] Already analyzed: https://www.chess.com/game/live/138071732180
[2025-05-06 03:30:55.205015] Already analyzed: https://www.chess.com/game/live/138091323736
[2025-05-06 03:30:55.205228] Already analyzed: https://www.chess.com/game/live/138091897092
[2025-05-06 03:30:55.205417] Already analyzed: https://www.chess.com/game/live/138129516374
[2025-05-06 03:30:55.205605] Already analyzed: https://www.chess.com/game/live/138131026444
[2025-05-06 03:30:55.205793] Already analyzed: https://www.chess.com/game/live/138148856382
[2025-05-06 03:30:55.205979] Already analyzed: https://www.chess.com/game/live/138149022456
[2025-05-06 03:30:55.206511] No new games found to analyze. Workflow terminated.
===== MAIgnus_CAIrlsen Completed at Tue 05/06/2025  3:30:55.33 ===== 
