===== MAIgnus_CAIrlsen Started at Tue 05/06/2025  5:00:52.59  ===== 
Running MAIgnus_CAIrlsen chess analysis bot... 
[2025-05-06 05:00:54.743478] [ROCKET] Starting MAIgnus_CAIrlsen full workflow with modular analysis...
[2025-05-06 05:00:54.745633] [INBOX] Checking for new games on Chess.com...
[2025-05-06 05:00:55.236940] Already analyzed: https://www.chess.com/game/daily/802553254
[2025-05-06 05:00:55.237326] Already analyzed: https://www.chess.com/game/daily/802553260
[2025-05-06 05:00:55.237603] Already analyzed: https://www.chess.com/game/live/138005532346
[2025-05-06 05:00:55.237855] Already analyzed: https://www.chess.com/game/live/138005569820
[2025-05-06 05:00:55.238079] Already analyzed: https://www.chess.com/game/live/138005614526
[2025-05-06 05:00:55.238308] Already analyzed: https://www.chess.com/game/live/138005649410
[2025-05-06 05:00:55.238529] Already analyzed: https://www.chess.com/game/daily/807812256
[2025-05-06 05:00:55.238733] Already analyzed: https://www.chess.com/game/live/138032960578
[2025-05-06 05:00:55.238936] Already analyzed: https://www.chess.com/game/live/138033026408
[2025-05-06 05:00:55.239152] Already analyzed: https://www.chess.com/game/live/138033103256
[2025-05-06 05:00:55.239351] Already analyzed: https://www.chess.com/game/live/138033178340
[2025-05-06 05:00:55.239559] Already analyzed: https://www.chess.com/game/daily/808178408
[2025-05-06 05:00:55.239758] Already analyzed: https://www.chess.com/game/live/138071558048
[2025-05-06 05:00:55.240013] Already analyzed: https://www.chess.com/game/live/138071657546
[2025-05-06 05:00:55.240256] Already analyzed: https://www.chess.com/game/live/138071732180
[2025-05-06 05:00:55.240470] Already analyzed: https://www.chess.com/game/live/138091323736
[2025-05-06 05:00:55.240682] Already analyzed: https://www.chess.com/game/live/138091897092
[2025-05-06 05:00:55.240885] Already analyzed: https://www.chess.com/game/live/138129516374
[2025-05-06 05:00:55.241092] Already analyzed: https://www.chess.com/game/live/138131026444
[2025-05-06 05:00:55.241293] Already analyzed: https://www.chess.com/game/live/138148856382
[2025-05-06 05:00:55.241493] Already analyzed: https://www.chess.com/game/live/138149022456
[2025-05-06 05:00:55.242069] No new games found to analyze. Workflow terminated.
===== MAIgnus_CAIrlsen Completed at Tue 05/06/2025  5:00:55.37 ===== 
