===== MAIgnus_CAIrlsen Started at Tue 05/06/2025 22:22:03.48 with parameters: [--force] ===== 
Running MAIgnus_CAIrlsen chess analysis bot... 
[2025-05-06 22:22:05.882144] [ROCKET] Starting MAIgnus_CAIrlsen full workflow with modular analysis...
[2025-05-06 22:22:05.883005] [INBOX] Checking for new games on Chess.com...
[2025-05-06 22:22:06.186776] Found 36 archives. Most recent: https://api.chess.com/pub/player/seanr87/games/2025/05
[2025-05-06 22:22:06.187547] Checking latest archive: https://api.chess.com/pub/player/seanr87/games/2025/05
[2025-05-06 22:22:06.413114] Found 27 games in latest archive
[2025-05-06 22:22:06.413497] Game 1: URL=https://www.chess.com/game/daily/802553254, End Time=1746105423
[2025-05-06 22:22:06.413837] Game 2: URL=https://www.chess.com/game/daily/802553260, End Time=1746107006
[2025-05-06 22:22:06.414227] Game 3: URL=https://www.chess.com/game/live/138005532346, End Time=1746147884
[2025-05-06 22:22:06.416121] Already analyzed: https://www.chess.com/game/daily/802553254
[2025-05-06 22:22:06.416438] Already analyzed: https://www.chess.com/game/daily/802553260
[2025-05-06 22:22:06.416780] Already analyzed: https://www.chess.com/game/live/138005532346
[2025-05-06 22:22:06.417053] Already analyzed: https://www.chess.com/game/live/138005569820
[2025-05-06 22:22:06.417309] Already analyzed: https://www.chess.com/game/live/138005614526
[2025-05-06 22:22:06.417556] Already analyzed: https://www.chess.com/game/live/138005649410
[2025-05-06 22:22:06.417797] Already analyzed: https://www.chess.com/game/daily/807812256
[2025-05-06 22:22:06.418099] Already analyzed: https://www.chess.com/game/live/138032960578
[2025-05-06 22:22:06.418345] Already analyzed: https://www.chess.com/game/live/138033026408
[2025-05-06 22:22:06.418589] Already analyzed: https://www.chess.com/game/live/138033103256
[2025-05-06 22:22:06.418830] Already analyzed: https://www.chess.com/game/live/138033178340
[2025-05-06 22:22:06.419077] Already analyzed: https://www.chess.com/game/daily/808178408
[2025-05-06 22:22:06.419321] Already analyzed: https://www.chess.com/game/live/138071558048
[2025-05-06 22:22:06.419563] Already analyzed: https://www.chess.com/game/live/138071657546
[2025-05-06 22:22:06.419808] Already analyzed: https://www.chess.com/game/live/138071732180
[2025-05-06 22:22:06.420059] Already analyzed: https://www.chess.com/game/live/138091323736
[2025-05-06 22:22:06.420324] Already analyzed: https://www.chess.com/game/live/138091897092
[2025-05-06 22:22:06.420577] Already analyzed: https://www.chess.com/game/live/138129516374
[2025-05-06 22:22:06.420928] Already analyzed: https://www.chess.com/game/live/138131026444
[2025-05-06 22:22:06.421257] Already analyzed: https://www.chess.com/game/live/138148856382
[2025-05-06 22:22:06.421582] Already analyzed: https://www.chess.com/game/live/138149022456
[2025-05-06 22:22:06.421870] Already analyzed: https://www.chess.com/game/live/138169662374
[2025-05-06 22:22:06.422173] Already analyzed: https://www.chess.com/game/live/138179036290
[2025-05-06 22:22:06.422456] Already analyzed: https://www.chess.com/game/live/138179087060
[2025-05-06 22:22:06.422679] Already analyzed: https://www.chess.com/game/live/138179146170
[2025-05-06 22:22:06.422935] Already analyzed: https://www.chess.com/game/daily/809343432
Traceback (most recent call last):
  File "C:\Users\seanr\MAIgnus_CAIrlsen\src\utils.py", line 22, in log
    print(full_message)
    ~~~~~^^^^^^^^^^^^^^
  File "C:\Users\seanr\AppData\Local\Programs\Python\Python313\Lib\encodings\cp1252.py", line 19, in encode
    return codecs.charmap_encode(input,self.errors,encoding_table)[0]
           ~~~~~~~~~~~~~~~~~~~~~^^^^^^^^^^^^^^^^^^^^^^^^^^^^^^^^^^
UnicodeEncodeError: 'charmap' codec can't encode character '\u2705' in position 29: character maps to <undefined>

During handling of the above exception, another exception occurred:

Traceback (most recent call last):
  File "C:\Users\seanr\MAIgnus_CAIrlsen\src\\maignus_bot.py", line 79, in <module>
    main()
    ~~~~^^
  File "C:\Users\seanr\MAIgnus_CAIrlsen\src\\maignus_bot.py", line 40, in main
    new_games = fetch_and_save_pgns()
  File "C:\Users\seanr\MAIgnus_CAIrlsen\src\chess_api.py", line 113, in fetch_and_save_pgns
    log(f"\u2705 Saved new game: {file_path}", MAIN_LOG)
    ~~~^^^^^^^^^^^^^^^^^^^^^^^^^^^^^^^^^^^^^^^^^^^^^
  File "C:\Users\seanr\MAIgnus_CAIrlsen\src\utils.py", line 39, in log
    print(safe_message)
    ~~~~~^^^^^^^^^^^^^^
  File "C:\Users\seanr\AppData\Local\Programs\Python\Python313\Lib\encodings\cp1252.py", line 19, in encode
    return codecs.charmap_encode(input,self.errors,encoding_table)[0]
           ~~~~~~~~~~~~~~~~~~~~~^^^^^^^^^^^^^^^^^^^^^^^^^^^^^^^^^^
UnicodeEncodeError: 'charmap' codec can't encode character '\u2705' in position 29: character maps to <undefined>
===== MAIgnus_CAIrlsen Completed at Tue 05/06/2025 22:22:06.58 ===== 
