===== MAIgnus_CAIrlsen Started at Tue 05/06/2025 10:00:52.58  ===== 
Running MAIgnus_CAIrlsen chess analysis bot... 
[2025-05-06 10:00:55.184731] [ROCKET] Starting MAIgnus_CAIrlsen full workflow with modular analysis...
[2025-05-06 10:00:55.187650] [INBOX] Checking for new games on Chess.com...
[2025-05-06 10:00:55.858056] Already analyzed: https://www.chess.com/game/daily/802553254
[2025-05-06 10:00:55.858435] Already analyzed: https://www.chess.com/game/daily/802553260
[2025-05-06 10:00:55.858728] Already analyzed: https://www.chess.com/game/live/138005532346
[2025-05-06 10:00:55.858997] Already analyzed: https://www.chess.com/game/live/138005569820
[2025-05-06 10:00:55.859218] Already analyzed: https://www.chess.com/game/live/138005614526
[2025-05-06 10:00:55.859437] Already analyzed: https://www.chess.com/game/live/138005649410
[2025-05-06 10:00:55.859648] Already analyzed: https://www.chess.com/game/daily/807812256
[2025-05-06 10:00:55.859857] Already analyzed: https://www.chess.com/game/live/138032960578
[2025-05-06 10:00:55.860068] Already analyzed: https://www.chess.com/game/live/138033026408
[2025-05-06 10:00:55.860287] Already analyzed: https://www.chess.com/game/live/138033103256
[2025-05-06 10:00:55.860502] Already analyzed: https://www.chess.com/game/live/138033178340
[2025-05-06 10:00:55.860718] Already analyzed: https://www.chess.com/game/daily/808178408
[2025-05-06 10:00:55.860926] Already analyzed: https://www.chess.com/game/live/138071558048
[2025-05-06 10:00:55.861133] Already analyzed: https://www.chess.com/game/live/138071657546
[2025-05-06 10:00:55.861344] Already analyzed: https://www.chess.com/game/live/138071732180
[2025-05-06 10:00:55.861551] Already analyzed: https://www.chess.com/game/live/138091323736
[2025-05-06 10:00:55.861756] Already analyzed: https://www.chess.com/game/live/138091897092
[2025-05-06 10:00:55.861963] Already analyzed: https://www.chess.com/game/live/138129516374
[2025-05-06 10:00:55.862192] Already analyzed: https://www.chess.com/game/live/138131026444
[2025-05-06 10:00:55.862407] Already analyzed: https://www.chess.com/game/live/138148856382
[2025-05-06 10:00:55.862636] Already analyzed: https://www.chess.com/game/live/138149022456
[2025-05-06 10:00:55.863228] No new games found to analyze. Workflow terminated.
===== MAIgnus_CAIrlsen Completed at Tue 05/06/2025 10:00:56.01 ===== 
