===== MAIgnus_CAIrlsen Started at Tue 05/06/2025 22:07:29.87 with parameters: [--force] ===== 
Running MAIgnus_CAIrlsen chess analysis bot... 
[2025-05-06 22:07:32.261354] [ROCKET] Starting MAIgnus_CAIrlsen full workflow with modular analysis...
[2025-05-06 22:07:32.262151] [INBOX] Checking for new games on Chess.com...
[2025-05-06 22:07:34.513625] Already analyzed: https://www.chess.com/game/daily/802553254
[2025-05-06 22:07:34.513917] Already analyzed: https://www.chess.com/game/daily/802553260
[2025-05-06 22:07:34.514199] Already analyzed: https://www.chess.com/game/live/138005532346
[2025-05-06 22:07:34.514464] Already analyzed: https://www.chess.com/game/live/138005569820
[2025-05-06 22:07:34.514700] Already analyzed: https://www.chess.com/game/live/138005614526
[2025-05-06 22:07:34.514932] Already analyzed: https://www.chess.com/game/live/138005649410
[2025-05-06 22:07:34.515174] Already analyzed: https://www.chess.com/game/daily/807812256
[2025-05-06 22:07:34.515590] Already analyzed: https://www.chess.com/game/live/138032960578
[2025-05-06 22:07:34.515938] Already analyzed: https://www.chess.com/game/live/138033026408
[2025-05-06 22:07:34.516320] Already analyzed: https://www.chess.com/game/live/138033103256
[2025-05-06 22:07:34.516778] Already analyzed: https://www.chess.com/game/live/138033178340
[2025-05-06 22:07:34.517109] Already analyzed: https://www.chess.com/game/daily/808178408
[2025-05-06 22:07:34.517363] Already analyzed: https://www.chess.com/game/live/138071558048
[2025-05-06 22:07:34.517742] Already analyzed: https://www.chess.com/game/live/138071657546
[2025-05-06 22:07:34.518065] Already analyzed: https://www.chess.com/game/live/138071732180
[2025-05-06 22:07:34.518428] Already analyzed: https://www.chess.com/game/live/138091323736
[2025-05-06 22:07:34.518706] Already analyzed: https://www.chess.com/game/live/138091897092
[2025-05-06 22:07:34.518940] Already analyzed: https://www.chess.com/game/live/138129516374
[2025-05-06 22:07:34.519169] Already analyzed: https://www.chess.com/game/live/138131026444
[2025-05-06 22:07:34.519396] Already analyzed: https://www.chess.com/game/live/138148856382
[2025-05-06 22:07:34.519623] Already analyzed: https://www.chess.com/game/live/138149022456
[2025-05-06 22:07:34.519869] Already analyzed: https://www.chess.com/game/live/138169662374
[2025-05-06 22:07:34.520130] Already analyzed: https://www.chess.com/game/live/138179036290
[2025-05-06 22:07:34.520355] Already analyzed: https://www.chess.com/game/live/138179087060
[2025-05-06 22:07:34.520583] Already analyzed: https://www.chess.com/game/live/138179146170
[2025-05-06 22:07:34.520806] Already analyzed: https://www.chess.com/game/daily/809343432
[2025-05-06 22:07:34.521478] No new games found, but --force flag provided. Proceeding with analysis of latest game.
[2025-05-06 22:07:34.530662] [BRAIN] Generating modular game analysis...
[2025-05-06 22:07:34.530987] Starting comprehensive analysis...
[2025-05-06 22:07:34.531251] Starting Stockfish analysis...
[2025-05-06 22:07:41.826910] Stockfish analysis complete. Found 3 critical moments.
[2025-05-06 22:07:41.827502] Requesting game narrative summary from GPT...
[2025-05-06 22:07:50.524449] Game summary generation complete.
[2025-05-06 22:07:50.524911] Requesting highlights and lowlights from GPT...
[2025-05-06 22:08:04.257207] Highlights and lowlights generation complete.
[2025-05-06 22:08:04.257713] Requesting coaching point from GPT...
[2025-05-06 22:08:10.326787] Coaching point generation complete.
[2025-05-06 22:08:10.327337] Analyzing critical moment: Move 89, white's h6 (CP loss: 68)
[2025-05-06 22:08:19.205154] Critical moment analysis complete for move 89.
[2025-05-06 22:08:19.205632] Analyzing critical moment: Move 46, black's fxe6 (CP loss: 38)
[2025-05-06 22:08:27.951942] Critical moment analysis complete for move 46.
[2025-05-06 22:08:27.952386] Analyzing critical moment: Move 63, white's Rf3+ (CP loss: 36)
[2025-05-06 22:08:34.640374] Critical moment analysis complete for move 63.
Traceback (most recent call last):
  File "C:\Users\seanr\MAIgnus_CAIrlsen\src\utils.py", line 22, in log
    print(full_message)
    ~~~~~^^^^^^^^^^^^^^
  File "C:\Users\seanr\AppData\Local\Programs\Python\Python313\Lib\encodings\cp1252.py", line 19, in encode
    return codecs.charmap_encode(input,self.errors,encoding_table)[0]
           ~~~~~~~~~~~~~~~~~~~~~^^^^^^^^^^^^^^^^^^^^^^^^^^^^^^^^^^
UnicodeEncodeError: 'charmap' codec can't encode character '\u2705' in position 29: character maps to <undefined>

During handling of the above exception, another exception occurred:

Traceback (most recent call last):
  File "C:\Users\seanr\MAIgnus_CAIrlsen\src\\maignus_bot.py", line 79, in <module>
    main()
    ~~~~^^
  File "C:\Users\seanr\MAIgnus_CAIrlsen\src\\maignus_bot.py", line 61, in main
    analysis_success = generate_game_analysis(game, pgn_text, player_info, metadata_dict)
  File "C:\Users\seanr\MAIgnus_CAIrlsen\src\modular_analyzer.py", line 418, in generate_game_analysis
    log("\u2705 Complete modular analysis saved to game_analysis.txt", ANALYZER_LOG)
    ~~~^^^^^^^^^^^^^^^^^^^^^^^^^^^^^^^^^^^^^^^^^^^^^^^^^^^^^^^^^^^^^^^^^^^^^^^^^
  File "C:\Users\seanr\MAIgnus_CAIrlsen\src\utils.py", line 39, in log
    print(safe_message)
    ~~~~~^^^^^^^^^^^^^^
  File "C:\Users\seanr\AppData\Local\Programs\Python\Python313\Lib\encodings\cp1252.py", line 19, in encode
    return codecs.charmap_encode(input,self.errors,encoding_table)[0]
           ~~~~~~~~~~~~~~~~~~~~~^^^^^^^^^^^^^^^^^^^^^^^^^^^^^^^^^^
UnicodeEncodeError: 'charmap' codec can't encode character '\u2705' in position 29: character maps to <undefined>
===== MAIgnus_CAIrlsen Completed at Tue 05/06/2025 22:08:34.80 ===== 
