===== MAIgnus_CAIrlsen Started at Tue 05/06/2025 22:00:53.02  ===== 
Running MAIgnus_CAIrlsen chess analysis bot... 
[2025-05-06 22:00:55.067865] [ROCKET] Starting MAIgnus_CAIrlsen full workflow with modular analysis...
[2025-05-06 22:00:55.068611] [INBOX] Checking for new games on Chess.com...
[2025-05-06 22:00:55.484615] Already analyzed: https://www.chess.com/game/daily/802553254
[2025-05-06 22:00:55.485026] Already analyzed: https://www.chess.com/game/daily/802553260
[2025-05-06 22:00:55.485335] Already analyzed: https://www.chess.com/game/live/138005532346
[2025-05-06 22:00:55.485704] Already analyzed: https://www.chess.com/game/live/138005569820
[2025-05-06 22:00:55.486019] Already analyzed: https://www.chess.com/game/live/138005614526
[2025-05-06 22:00:55.486329] Already analyzed: https://www.chess.com/game/live/138005649410
[2025-05-06 22:00:55.486728] Already analyzed: https://www.chess.com/game/daily/807812256
[2025-05-06 22:00:55.487045] Already analyzed: https://www.chess.com/game/live/138032960578
[2025-05-06 22:00:55.487360] Already analyzed: https://www.chess.com/game/live/138033026408
[2025-05-06 22:00:55.487715] Already analyzed: https://www.chess.com/game/live/138033103256
[2025-05-06 22:00:55.488021] Already analyzed: https://www.chess.com/game/live/138033178340
[2025-05-06 22:00:55.488340] Already analyzed: https://www.chess.com/game/daily/808178408
[2025-05-06 22:00:55.488597] Already analyzed: https://www.chess.com/game/live/138071558048
[2025-05-06 22:00:55.489026] Already analyzed: https://www.chess.com/game/live/138071657546
[2025-05-06 22:00:55.489323] Already analyzed: https://www.chess.com/game/live/138071732180
[2025-05-06 22:00:55.489627] Already analyzed: https://www.chess.com/game/live/138091323736
[2025-05-06 22:00:55.489939] Already analyzed: https://www.chess.com/game/live/138091897092
[2025-05-06 22:00:55.490389] Already analyzed: https://www.chess.com/game/live/138129516374
[2025-05-06 22:00:55.490825] Already analyzed: https://www.chess.com/game/live/138131026444
[2025-05-06 22:00:55.491110] Already analyzed: https://www.chess.com/game/live/138148856382
[2025-05-06 22:00:55.491349] Already analyzed: https://www.chess.com/game/live/138149022456
[2025-05-06 22:00:55.491568] Already analyzed: https://www.chess.com/game/live/138169662374
[2025-05-06 22:00:55.491781] Already analyzed: https://www.chess.com/game/live/138179036290
[2025-05-06 22:00:55.492013] Already analyzed: https://www.chess.com/game/live/138179087060
[2025-05-06 22:00:55.492259] Already analyzed: https://www.chess.com/game/live/138179146170
[2025-05-06 22:00:55.492479] Already analyzed: https://www.chess.com/game/daily/809343432
[2025-05-06 22:00:55.493063] No new games found to analyze. Workflow terminated.
===== MAIgnus_CAIrlsen Completed at Tue 05/06/2025 22:00:55.63 ===== 
