===== MAIgnus_CAIrlsen Started at Tue 05/06/2025  0:00:52.60  ===== 
Running MAIgnus_CAIrlsen chess analysis bot... 
[2025-05-06 00:00:54.796043] [ROCKET] Starting MAIgnus_CAIrlsen full workflow with modular analysis...
[2025-05-06 00:00:54.798623] [INBOX] Checking for new games on Chess.com...
[2025-05-06 00:00:55.347079] Already analyzed: https://www.chess.com/game/daily/802553254
[2025-05-06 00:00:55.347406] Already analyzed: https://www.chess.com/game/daily/802553260
[2025-05-06 00:00:55.347701] Already analyzed: https://www.chess.com/game/live/138005532346
[2025-05-06 00:00:55.348009] Already analyzed: https://www.chess.com/game/live/138005569820
[2025-05-06 00:00:55.348287] Already analyzed: https://www.chess.com/game/live/138005614526
[2025-05-06 00:00:55.348544] Already analyzed: https://www.chess.com/game/live/138005649410
[2025-05-06 00:00:55.348806] Already analyzed: https://www.chess.com/game/daily/807812256
[2025-05-06 00:00:55.349067] Already analyzed: https://www.chess.com/game/live/138032960578
[2025-05-06 00:00:55.349331] Already analyzed: https://www.chess.com/game/live/138033026408
[2025-05-06 00:00:55.349584] Already analyzed: https://www.chess.com/game/live/138033103256
[2025-05-06 00:00:55.350096] Already analyzed: https://www.chess.com/game/live/138033178340
[2025-05-06 00:00:55.350349] Already analyzed: https://www.chess.com/game/daily/808178408
[2025-05-06 00:00:55.350635] Already analyzed: https://www.chess.com/game/live/138071558048
[2025-05-06 00:00:55.350889] Already analyzed: https://www.chess.com/game/live/138071657546
[2025-05-06 00:00:55.351189] Already analyzed: https://www.chess.com/game/live/138071732180
[2025-05-06 00:00:55.351460] Already analyzed: https://www.chess.com/game/live/138091323736
[2025-05-06 00:00:55.351719] Already analyzed: https://www.chess.com/game/live/138091897092
[2025-05-06 00:00:55.352011] Already analyzed: https://www.chess.com/game/live/138129516374
[2025-05-06 00:00:55.352276] Already analyzed: https://www.chess.com/game/live/138131026444
[2025-05-06 00:00:55.352529] Already analyzed: https://www.chess.com/game/live/138148856382
[2025-05-06 00:00:55.352784] Already analyzed: https://www.chess.com/game/live/138149022456
[2025-05-06 00:00:55.353590] No new games found to analyze. Workflow terminated.
===== MAIgnus_CAIrlsen Completed at Tue 05/06/2025  0:00:55.48 ===== 
