2025-05-11 21:34:36,368 - INFO - Found database at: MAIgnus.db
2025-05-11 21:34:36,369 - ERROR - Error during analysis: 'ChessAnalyzer' object has no attribute '_load_data'
2025-05-11 21:35:43,236 - INFO - Found database at: MAIgnus.db
2025-05-11 21:35:43,237 - INFO - Starting load_data
2025-05-11 21:35:43,237 - INFO - Executing query: 
            SELECT 
                game_id,
                date,
                player_color,
                opponent_name,
                time_control,
                opening_name,
                result,
                player_rating,
                opponent_rating
            FROM game_analysis
              ORDER BY date DESC
2025-05-11 21:35:43,237 - ERROR - Error loading data: 'ChessAnalyzer' object has no attribute '_get_connection'
2025-05-11 21:35:43,237 - ERROR - Failed load_data after 0.00 seconds: 'ChessAnalyzer' object has no attribute '_get_connection'
2025-05-11 21:35:43,237 - ERROR - Error during analysis: 'ChessAnalyzer' object has no attribute '_get_connection'
2025-05-11 21:52:15,243 - INFO - Initializing chess analyzer...
2025-05-11 21:52:15,243 - INFO - Found database at: MAIgnus.db
2025-05-11 21:52:15,244 - INFO - ChessAnalyzer initialized with database: MAIgnus.db
2025-05-11 21:52:15,244 - INFO - Loading data...
2025-05-11 21:52:15,244 - INFO - Starting load_data
2025-05-11 21:52:15,244 - INFO - Executing query: 
            SELECT 
                game_id,
                date,
                player_color,
                opponent_name,
                time_control,
                opening_name,
                result,
                player_rating,
                opponent_rating
            FROM game_analysis
              ORDER BY date DESC LIMIT 250
2025-05-11 21:52:15,338 - INFO - Total rows to load: 250
2025-05-11 21:52:15,338 - INFO - Loading data in chunks of 50
2025-05-11 21:52:15,405 - INFO - Successfully loaded 750 games
2025-05-11 21:52:15,410 - INFO - Completed load_data in 0.17 seconds
2025-05-11 21:52:15,410 - INFO - Running analysis...
2025-05-11 21:52:15,411 - INFO - Analyzing win/loss/draw statistics...
2025-05-11 21:52:15,414 - INFO - Analyzing rating statistics...
2025-05-11 21:52:15,418 - INFO - Analyzing opening performance...
2025-05-11 21:52:15,431 - INFO - Analyzing time control performance...
2025-05-11 21:52:15,438 - INFO - Analyzing performance over time...
2025-05-11 21:52:15,467 - INFO - Analyzing opponent performance...
2025-05-11 21:52:15,514 - INFO - Saving report...
2025-05-11 21:52:15,514 - INFO - Saving detailed report to chess_analysis_report.txt
2025-05-11 21:54:43,134 - INFO - Initializing chess analyzer...
2025-05-11 21:54:43,135 - INFO - Found database at: MAIgnus.db
2025-05-11 21:54:43,135 - INFO - ChessAnalyzer initialized with database: MAIgnus.db
2025-05-11 21:54:43,135 - INFO - Loading data...
2025-05-11 21:54:43,135 - INFO - Starting load_data
2025-05-11 21:54:43,135 - INFO - Executing query: 
            SELECT 
                game_id,
                date,
                player_color,
                opponent_name,
                time_control,
                opening_name,
                result,
                player_rating,
                opponent_rating
            FROM game_analysis
              ORDER BY date DESC LIMIT 250
2025-05-11 21:54:43,153 - INFO - Total rows to load: 250
2025-05-11 21:54:43,154 - INFO - Loading data in chunks of 50
2025-05-11 21:54:43,193 - INFO - Successfully loaded 750 games
2025-05-11 21:54:43,197 - INFO - Completed load_data in 0.06 seconds
2025-05-11 21:54:43,198 - INFO - Running analysis...
2025-05-11 21:54:43,198 - INFO - Analyzing win/loss/draw statistics...
2025-05-11 21:54:43,200 - INFO - Analyzing rating statistics...
2025-05-11 21:54:43,202 - INFO - Analyzing opening performance...
2025-05-11 21:54:43,208 - INFO - Analyzing time control performance...
2025-05-11 21:54:43,215 - INFO - Analyzing performance over time...
2025-05-11 21:54:43,232 - INFO - Analyzing opponent performance...
2025-05-11 21:54:43,273 - INFO - Saving report...
2025-05-11 21:54:43,273 - INFO - Saving detailed report to chess_analysis_report.txt
2025-05-11 21:54:43,274 - INFO - Analyzing win/loss/draw statistics...
2025-05-11 21:54:43,275 - INFO - Analyzing rating statistics...
2025-05-11 21:54:43,275 - INFO - Analyzing opening performance...
2025-05-11 21:54:43,283 - INFO - Analyzing time control performance...
2025-05-11 21:54:43,287 - INFO - Analyzing performance over time...
2025-05-11 21:54:43,303 - INFO - Analyzing opponent performance...
2025-05-11 21:54:43,344 - INFO - Analysis completed successfully!
2025-05-11 22:59:01,801 - INFO - Initializing chess analyzer...
2025-05-11 22:59:01,802 - INFO - Found database at: MAIgnus.db
2025-05-11 22:59:01,802 - INFO - ChessAnalyzer initialized with database: MAIgnus.db
2025-05-11 22:59:01,802 - INFO - Loading data...
2025-05-11 22:59:01,802 - INFO - Starting load_data
2025-05-11 22:59:01,802 - INFO - Executing query: 
            SELECT 
                game_id,
                date,
                player_color,
                opponent_name,
                time_control,
                opening_name,
                result,
                player_rating,
                opponent_rating
            FROM game_analysis
              ORDER BY date DESC
2025-05-11 22:59:01,820 - INFO - Total rows to load: 250
2025-05-11 22:59:01,850 - INFO - Successfully loaded 250 games
2025-05-11 22:59:01,852 - INFO - Completed load_data in 0.05 seconds
2025-05-11 22:59:01,853 - INFO - Running analysis...
2025-05-11 22:59:01,853 - INFO - Analyzing win/loss/draw statistics...
2025-05-11 22:59:01,856 - INFO - Analyzing rating statistics...
2025-05-11 22:59:01,859 - INFO - Analyzing opening performance...
2025-05-11 22:59:01,888 - INFO - Analyzing time control performance...
2025-05-11 22:59:01,893 - INFO - Analyzing performance over time...
2025-05-11 22:59:01,918 - INFO - Analyzing opponent performance...
2025-05-11 22:59:01,957 - INFO - Saving report...
2025-05-11 22:59:01,958 - INFO - Saving detailed report to chess_analysis_report.txt
2025-05-11 22:59:01,958 - INFO - Analyzing win/loss/draw statistics...
2025-05-11 22:59:01,959 - INFO - Analyzing rating statistics...
2025-05-11 22:59:01,959 - INFO - Analyzing opening performance...
2025-05-11 22:59:01,976 - INFO - Analyzing time control performance...
2025-05-11 22:59:01,983 - INFO - Analyzing performance over time...
2025-05-11 22:59:01,995 - INFO - Analyzing opponent performance...
2025-05-11 22:59:02,035 - INFO - Analysis completed successfully!
2025-05-25 12:48:59,462 - INFO - Event selection mode enabled
2025-05-25 12:48:59,499 - ERROR - Error getting recent events: Binder Error: Referenced column "event_name" not found in FROM clause!
Candidate bindings: "opponent_name", "opening_name", "opponent_mistakes", "email_sent_timestamp", "analysis_timestamp"

LINE 4:                 WHERE event_name IS NOT NULL 
                              ^
2025-05-25 12:48:59,499 - INFO - No event selected, exiting
2025-05-25 12:52:58,236 - INFO - Initializing chess analyzer...
2025-05-25 12:52:58,236 - INFO - Found database at: MAIgnus.db
2025-05-25 12:52:58,236 - INFO - ChessAnalyzer initialized with database: MAIgnus.db
2025-05-25 12:52:58,236 - INFO - Loading data...
2025-05-25 12:52:58,236 - INFO - Starting load_data
2025-05-25 12:52:58,236 - INFO - Executing query: 
            SELECT 
                game_id,
                date,
                player_color,
                opponent_name,
                time_control,
                opening_name,
                result,
                player_rating,
                opponent_rating
            FROM game_analysis
              ORDER BY date DESC
2025-05-25 12:52:58,248 - INFO - Total rows to load: 250
2025-05-25 12:52:58,258 - INFO - Successfully loaded 250 games
2025-05-25 12:52:58,260 - INFO - Completed load_data in 0.02 seconds
2025-05-25 12:52:58,261 - INFO - Running analysis...
2025-05-25 12:52:58,261 - INFO - Analyzing win/loss/draw statistics...
2025-05-25 12:52:58,263 - INFO - Analyzing rating statistics...
2025-05-25 12:52:58,267 - INFO - Analyzing opening performance...
2025-05-25 12:52:58,287 - INFO - Analyzing time control performance...
2025-05-25 12:52:58,292 - INFO - Analyzing performance over time...
2025-05-25 12:52:58,314 - INFO - Analyzing opponent performance...
2025-05-25 12:52:58,358 - INFO - Saving report...
2025-05-25 12:52:58,359 - INFO - Saving detailed report to chess_analysis_report.txt
2025-05-25 12:52:58,359 - INFO - Analyzing win/loss/draw statistics...
2025-05-25 12:52:58,360 - INFO - Analyzing rating statistics...
2025-05-25 12:52:58,360 - INFO - Analyzing opening performance...
2025-05-25 12:52:58,370 - INFO - Analyzing time control performance...
2025-05-25 12:52:58,373 - INFO - Analyzing performance over time...
2025-05-25 12:52:58,380 - INFO - Analyzing opponent performance...
2025-05-25 12:52:58,405 - INFO - Analysis completed successfully!
2025-05-25 12:53:47,584 - INFO - Event selection mode enabled
2025-05-25 12:54:20,176 - INFO - Initializing chess analyzer...
2025-05-25 12:54:20,177 - INFO - Found database at: MAIgnus.db
2025-05-25 12:54:20,178 - INFO - ChessAnalyzer initialized with database: MAIgnus.db
2025-05-25 12:54:20,178 - INFO - Loading data...
2025-05-25 12:54:20,179 - INFO - Starting load_data
2025-05-25 12:54:20,179 - INFO - Executing query: 
            SELECT 
                game_id,
                date,
                player_color,
                opponent_name,
                time_control,
                opening_name,
                result,
                player_rating,
                opponent_rating
            FROM game_analysis
              ORDER BY date DESC
2025-05-25 12:54:20,209 - INFO - Total rows to load: 250
2025-05-25 12:54:20,219 - INFO - Successfully loaded 250 games
2025-05-25 12:54:20,224 - INFO - Completed load_data in 0.05 seconds
2025-05-25 12:54:20,224 - INFO - Running analysis...
2025-05-25 12:54:20,226 - INFO - Analyzing win/loss/draw statistics...
2025-05-25 12:54:20,230 - INFO - Analyzing rating statistics...
2025-05-25 12:54:20,234 - INFO - Analyzing opening performance...
2025-05-25 12:54:20,257 - INFO - Analyzing time control performance...
2025-05-25 12:54:20,263 - INFO - Analyzing performance over time...
2025-05-25 12:54:20,280 - INFO - Analyzing opponent performance...
2025-05-25 12:54:20,315 - INFO - Saving report...
2025-05-25 12:54:20,315 - INFO - Saving detailed report to chess_analysis_report.txt
2025-05-25 12:54:20,316 - INFO - Analyzing win/loss/draw statistics...
2025-05-25 12:54:20,316 - INFO - Analyzing rating statistics...
2025-05-25 12:54:20,317 - INFO - Analyzing opening performance...
2025-05-25 12:54:20,326 - INFO - Analyzing time control performance...
2025-05-25 12:54:20,331 - INFO - Analyzing performance over time...
2025-05-25 12:54:20,341 - INFO - Analyzing opponent performance...
2025-05-25 12:54:20,364 - INFO - Analysis completed successfully!
2025-05-25 12:59:33,629 - INFO - Event selection mode enabled
2025-05-25 12:59:42,199 - INFO - Initializing chess analyzer...
2025-05-25 12:59:42,200 - INFO - Found database at: MAIgnus.db
2025-05-25 12:59:42,200 - INFO - ChessAnalyzer initialized with database: MAIgnus.db
2025-05-25 12:59:42,201 - INFO - Loading data...
2025-05-25 12:59:42,201 - INFO - Starting load_data
2025-05-25 12:59:42,202 - INFO - Executing query: 
            SELECT 
                game_id,
                date,
                player_color,
                opponent_name,
                time_control,
                opening_name,
                event_name,
                result,
                player_rating,
                opponent_rating
            FROM game_analysis
              ORDER BY date DESC
2025-05-25 12:59:42,227 - INFO - Total rows to load: 250
2025-05-25 12:59:42,240 - INFO - Successfully loaded 250 games
2025-05-25 12:59:42,243 - INFO - Completed load_data in 0.04 seconds
2025-05-25 12:59:42,244 - INFO - Running analysis...
2025-05-25 12:59:42,245 - INFO - Analyzing win/loss/draw statistics...
2025-05-25 12:59:42,247 - INFO - Analyzing rating statistics...
2025-05-25 12:59:42,251 - INFO - Analyzing opening performance...
2025-05-25 12:59:42,269 - INFO - Analyzing time control performance...
2025-05-25 12:59:42,273 - INFO - Analyzing performance over time...
2025-05-25 12:59:42,288 - INFO - Analyzing opponent performance...
2025-05-25 12:59:42,325 - INFO - Saving report...
2025-05-25 12:59:42,325 - INFO - Saving detailed report to chess_analysis_report.txt
2025-05-25 12:59:42,326 - INFO - Analyzing win/loss/draw statistics...
2025-05-25 12:59:42,327 - INFO - Analyzing rating statistics...
2025-05-25 12:59:42,327 - INFO - Analyzing opening performance...
2025-05-25 12:59:42,338 - INFO - Analyzing time control performance...
2025-05-25 12:59:42,340 - INFO - Analyzing performance over time...
2025-05-25 12:59:42,349 - INFO - Analyzing opponent performance...
2025-05-25 12:59:42,375 - INFO - Analysis completed successfully!
2025-05-25 13:29:25,408 - INFO - Event selection mode enabled
2025-05-25 13:29:55,301 - INFO - Initializing chess analyzer...
2025-05-25 13:29:55,302 - INFO - Found database at: MAIgnus.db
2025-05-25 13:29:55,303 - INFO - ChessAnalyzer initialized with database: MAIgnus.db
2025-05-25 13:29:55,303 - INFO - Loading data...
2025-05-25 13:29:55,303 - INFO - Starting load_data
2025-05-25 13:29:55,303 - INFO - Executing query: 
            SELECT 
                game_id,
                date,
                player_color,
                opponent_name,
                time_control,
                opening_name,
                event_name,
                result,
                player_rating,
                opponent_rating
            FROM game_analysis
              ORDER BY date DESC
2025-05-25 13:29:55,304 - INFO - Query parameters: []
2025-05-25 13:29:55,328 - INFO - Total rows to load: 250
2025-05-25 13:29:55,341 - INFO - Successfully loaded 250 games
2025-05-25 13:29:55,346 - INFO - Completed load_data in 0.04 seconds
2025-05-25 13:29:55,347 - INFO - Running analysis...
2025-05-25 13:29:55,348 - INFO - Analyzing win/loss/draw statistics...
2025-05-25 13:29:55,351 - INFO - Analyzing rating statistics...
2025-05-25 13:29:55,354 - INFO - Analyzing opening performance...
2025-05-25 13:29:55,379 - INFO - Analyzing time control performance...
2025-05-25 13:29:55,386 - INFO - Analyzing performance over time...
2025-05-25 13:29:55,403 - INFO - Analyzing opponent performance...
2025-05-25 13:29:55,435 - INFO - Saving report...
2025-05-25 13:29:55,435 - INFO - Saving detailed report to chess_analysis_report.txt
2025-05-25 13:29:55,436 - INFO - Analyzing win/loss/draw statistics...
2025-05-25 13:29:55,437 - INFO - Analyzing rating statistics...
2025-05-25 13:29:55,437 - INFO - Analyzing opening performance...
2025-05-25 13:29:55,447 - INFO - Analyzing time control performance...
2025-05-25 13:29:55,451 - INFO - Analyzing performance over time...
2025-05-25 13:29:55,462 - INFO - Analyzing opponent performance...
2025-05-25 13:29:55,485 - INFO - Analysis completed successfully!
2025-05-25 13:47:16,844 - INFO - Event selection mode enabled
2025-05-25 13:47:26,287 - INFO - Initializing chess analyzer...
2025-05-25 13:47:26,287 - INFO - Found database at: MAIgnus.db
2025-05-25 13:47:26,287 - INFO - ChessAnalyzer initialized with database: MAIgnus.db
2025-05-25 13:47:26,287 - INFO - Loading data...
2025-05-25 13:47:26,287 - INFO - Starting load_data
2025-05-25 13:47:26,287 - INFO - Filtering by event_name: 76th Chess.com Quick Knockouts (1201-1400) - Round 1
2025-05-25 13:47:26,287 - INFO - Executing query: 
            SELECT 
                game_id,
                date,
                player_color,
                opponent_name,
                time_control,
                opening_name,
                event_name,
                result,
                player_rating,
                opponent_rating
            FROM game_analysis
             WHERE event_name = ? ORDER BY date DESC
2025-05-25 13:47:26,287 - INFO - Query parameters: ['76th Chess.com Quick Knockouts (1201-1400) - Round 1']
2025-05-25 13:47:26,303 - INFO - Total rows to load: 2
2025-05-25 13:47:26,319 - INFO - Successfully loaded 2 games
2025-05-25 13:47:26,323 - INFO - Completed load_data in 0.04 seconds
2025-05-25 13:47:26,323 - INFO - Running analysis...
2025-05-25 13:47:26,324 - INFO - Analyzing win/loss/draw statistics...
2025-05-25 13:47:26,324 - INFO - Analyzing rating statistics...
2025-05-25 13:47:26,328 - INFO - Analyzing opening performance...
2025-05-25 13:47:26,335 - INFO - Analyzing time control performance...
2025-05-25 13:47:26,336 - INFO - Analyzing performance over time...
2025-05-25 13:47:26,336 - INFO - Analyzing opponent performance...
2025-05-25 13:47:26,349 - INFO - Saving report...
2025-05-25 13:47:26,349 - INFO - Saving detailed report to chess_analysis_report.txt
2025-05-25 13:47:26,349 - INFO - Analyzing win/loss/draw statistics...
2025-05-25 13:47:26,349 - INFO - Analyzing rating statistics...
2025-05-25 13:47:26,349 - INFO - Analyzing opening performance...
2025-05-25 13:47:26,349 - INFO - Analyzing time control performance...
2025-05-25 13:47:26,355 - INFO - Analyzing performance over time...
2025-05-25 13:47:26,359 - INFO - Analyzing opponent performance...
2025-05-25 13:47:26,365 - INFO - Analysis completed successfully!
2025-05-25 13:48:11,816 - INFO - Event selection mode enabled
2025-05-25 13:48:18,168 - INFO - Initializing chess analyzer...
2025-05-25 13:48:18,168 - INFO - Found database at: MAIgnus.db
2025-05-25 13:48:18,168 - INFO - ChessAnalyzer initialized with database: MAIgnus.db
2025-05-25 13:48:18,168 - INFO - Loading data...
2025-05-25 13:48:18,171 - INFO - Starting load_data
2025-05-25 13:48:18,171 - INFO - Filtering by event_name: Danish Gambit - Round 1
2025-05-25 13:48:18,171 - INFO - Executing query: 
            SELECT 
                game_id,
                date,
                player_color,
                opponent_name,
                time_control,
                opening_name,
                event_name,
                result,
                player_rating,
                opponent_rating
            FROM game_analysis
             WHERE event_name = ? ORDER BY date DESC
2025-05-25 13:48:18,171 - INFO - Query parameters: ['Danish Gambit - Round 1']
2025-05-25 13:48:18,192 - INFO - Total rows to load: 8
2025-05-25 13:48:18,196 - INFO - Successfully loaded 8 games
2025-05-25 13:48:18,209 - INFO - Completed load_data in 0.04 seconds
2025-05-25 13:48:18,210 - INFO - Running analysis...
2025-05-25 13:48:18,212 - INFO - Analyzing win/loss/draw statistics...
2025-05-25 13:48:18,219 - INFO - Analyzing rating statistics...
2025-05-25 13:48:18,223 - INFO - Analyzing opening performance...
2025-05-25 13:48:18,236 - INFO - Analyzing time control performance...
2025-05-25 13:48:18,244 - INFO - Analyzing performance over time...
2025-05-25 13:48:18,256 - INFO - Analyzing opponent performance...
2025-05-25 13:48:18,261 - INFO - Saving report...
2025-05-25 13:48:18,261 - INFO - Saving detailed report to chess_analysis_report.txt
2025-05-25 13:48:18,263 - INFO - Analyzing win/loss/draw statistics...
2025-05-25 13:48:18,263 - INFO - Analyzing rating statistics...
2025-05-25 13:48:18,264 - INFO - Analyzing opening performance...
2025-05-25 13:48:18,267 - INFO - Analyzing time control performance...
2025-05-25 13:48:18,269 - INFO - Analyzing performance over time...
2025-05-25 13:48:18,274 - INFO - Analyzing opponent performance...
2025-05-25 13:48:18,281 - INFO - Analysis completed successfully!
