[2025-05-06 22:43:13.267334] Starting comprehensive analysis...
[2025-05-06 22:43:13.267869] Starting Stockfish analysis...
[2025-05-06 22:43:17.608399] Stockfish analysis complete. Found 1 critical moments.
[2025-05-06 22:43:17.609143] Requesting game narrative summary from GPT...
[2025-05-06 22:43:27.670974] Game summary generation complete.
[2025-05-06 22:43:27.671562] Requesting highlights and lowlights from GPT...
[2025-05-06 22:43:36.762967] Highlights and lowlights generation complete.
[2025-05-06 22:43:36.763606] Requesting coaching point from GPT...
[2025-05-06 22:43:40.874204] Coaching point generation complete.
[2025-05-06 22:43:40.874816] Analyzing critical moment: Move 28, black's Nd4 (CP loss: 12)
[2025-05-06 22:43:47.779608] Critical moment analysis complete for move 28.
[2025-05-06 22:43:47.781436] ✅ Complete modular analysis saved to game_analysis.txt
[2025-05-06 22:43:47.782174] ✅ Critical moments data saved to critical_moments.json
[2025-05-06 23:00:04.285442] Starting comprehensive analysis...
[2025-05-06 23:00:04.286075] Starting Stockfish analysis...
[2025-05-06 23:00:07.492002] Stockfish analysis complete. Found 3 critical moments.
[2025-05-06 23:00:07.492981] Requesting game narrative summary from GPT...
[2025-05-06 23:00:20.894838] Game summary generation complete.
[2025-05-06 23:00:20.895304] Requesting highlights and lowlights from GPT...
[2025-05-06 23:00:32.880070] Highlights and lowlights generation complete.
[2025-05-06 23:00:32.880599] Requesting coaching point from GPT...
[2025-05-06 23:00:40.722991] Coaching point generation complete.
[2025-05-06 23:00:40.723520] Analyzing critical moment: Move 60, black's Kg7 (CP loss: 62)
[2025-05-06 23:00:50.070186] Critical moment analysis complete for move 60.
[2025-05-06 23:00:50.070762] Analyzing critical moment: Move 62, black's Kg8 (CP loss: 43)
[2025-05-06 23:00:57.970210] Critical moment analysis complete for move 62.
[2025-05-06 23:00:57.971243] Analyzing critical moment: Move 52, black's Kg7 (CP loss: 29)
[2025-05-06 23:01:08.247945] Critical moment analysis complete for move 52.
[2025-05-06 23:01:08.249694] ✅ Complete modular analysis saved to game_analysis.txt
[2025-05-06 23:01:08.250028] ✅ Critical moments data saved to critical_moments.json
[2025-05-07 19:15:05.459832] Starting comprehensive analysis...
[2025-05-07 19:15:05.460476] Starting Stockfish analysis...
[2025-05-07 19:15:08.433540] Stockfish analysis complete. Found 3 critical moments.
[2025-05-07 19:15:08.435599] Requesting game narrative summary from GPT...
[2025-05-07 19:15:21.606604] Game summary generation complete.
[2025-05-07 19:15:21.607198] Requesting highlights and lowlights from GPT...
[2025-05-07 19:15:25.780956] Highlights and lowlights generation complete.
[2025-05-07 19:15:25.781553] Requesting coaching point from GPT...
[2025-05-07 19:15:27.800222] Coaching point generation complete.
[2025-05-07 19:15:27.800732] Analyzing critical moment: Move 3, white's d4 (CP loss: 12)
[2025-05-07 19:15:30.034147] Critical moment analysis complete for move 3.
[2025-05-07 19:15:30.034754] Analyzing critical moment: Move 11, white's exd6 (CP loss: 12)
[2025-05-07 19:15:32.791541] Critical moment analysis complete for move 11.
[2025-05-07 19:15:32.792067] Analyzing critical moment: Move 20, black's Bxe5 (CP loss: 11)
[2025-05-07 19:15:35.516535] Critical moment analysis complete for move 20.
[2025-05-07 19:15:35.519100] ✅ Complete modular analysis saved to game_analysis.txt
[2025-05-07 19:15:35.519489] ✅ Critical moments data saved to critical_moments.json
[2025-05-07 20:00:11.697170] Starting comprehensive analysis...
[2025-05-07 20:00:11.698263] Starting Stockfish analysis...
[2025-05-07 20:00:14.534602] Stockfish analysis complete. Found 3 critical moments.
[2025-05-07 20:00:14.535909] Requesting game narrative summary from GPT...
[2025-05-07 20:00:26.191852] Game summary generation complete.
[2025-05-07 20:00:26.192795] Requesting highlights and lowlights from GPT...
[2025-05-07 20:00:32.211164] Highlights and lowlights generation complete.
[2025-05-07 20:00:32.212615] Requesting coaching point from GPT...
[2025-05-07 20:00:34.122075] Coaching point generation complete.
[2025-05-07 20:00:34.123083] Analyzing critical moment: Move 16, black's cxd3 (CP loss: 41)
[2025-05-07 20:00:37.187780] Critical moment analysis complete for move 16.
[2025-05-07 20:00:37.188923] Analyzing critical moment: Move 29, white's Ng3 (CP loss: 37)
[2025-05-07 20:00:40.914117] Critical moment analysis complete for move 29.
[2025-05-07 20:00:40.914960] Analyzing critical moment: Move 10, black's Bb4 (CP loss: 24)
[2025-05-07 20:00:43.450425] Critical moment analysis complete for move 10.
[2025-05-07 20:00:43.454251] ✅ Complete modular analysis saved to game_analysis.txt
[2025-05-07 20:00:43.454722] ✅ Critical moments data saved to critical_moments.json
[2025-05-08 21:00:08.047782] Starting comprehensive analysis...
[2025-05-08 21:00:08.049108] Starting Stockfish analysis...
[2025-05-08 21:00:12.729099] Stockfish analysis complete. Found 0 critical moments.
[2025-05-08 21:00:12.795363] Requesting game narrative summary from GPT...
[2025-05-08 21:00:26.617501] Game summary generation complete.
[2025-05-08 21:00:26.618444] Requesting highlights and lowlights from GPT...
[2025-05-08 21:00:33.476069] Highlights and lowlights generation complete.
[2025-05-08 21:00:33.476947] Requesting coaching point from GPT...
[2025-05-08 21:00:35.121612] Coaching point generation complete.
[2025-05-08 21:00:35.141655] ✅ Complete modular analysis saved to game_analysis.txt
[2025-05-08 21:00:35.143235] ✅ Critical moments data saved to critical_moments.json
[2025-05-10 23:00:04.519221] Starting comprehensive analysis...
[2025-05-10 23:00:04.527547] Starting Stockfish analysis...
[2025-05-10 23:00:11.622821] Stockfish analysis complete. Found 3 critical moments.
[2025-05-10 23:00:11.624661] Requesting game narrative summary from GPT...
[2025-05-10 23:00:24.009472] Game summary generation complete.
[2025-05-10 23:00:24.010512] Requesting highlights and lowlights from GPT...
[2025-05-10 23:00:29.566087] Highlights and lowlights generation complete.
[2025-05-10 23:00:29.566809] Requesting coaching point from GPT...
[2025-05-10 23:00:31.581111] Coaching point generation complete.
[2025-05-10 23:00:31.581747] Analyzing critical moment: Move 78, black's Re8 (CP loss: 138)
[2025-05-10 23:00:33.510356] Critical moment analysis complete for move 78.
[2025-05-10 23:00:33.511022] Analyzing critical moment: Move 70, black's Kf6 (CP loss: 136)
[2025-05-10 23:00:35.882197] Critical moment analysis complete for move 70.
[2025-05-10 23:00:35.882739] Analyzing critical moment: Move 64, black's Kh6 (CP loss: 124)
[2025-05-10 23:00:38.148279] Critical moment analysis complete for move 64.
[2025-05-10 23:00:38.151320] ✅ Complete modular analysis saved to game_analysis.txt
[2025-05-10 23:00:38.151711] ✅ Critical moments data saved to critical_moments.json
[2025-05-11 18:08:35.385107] Starting comprehensive analysis...
[2025-05-11 18:08:35.386067] Starting Stockfish analysis...
[2025-05-11 18:08:38.629077] Stockfish analysis complete. Found 3 critical moments.
[2025-05-11 18:08:38.630332] Requesting game narrative summary from GPT...
[2025-05-11 18:08:48.923197] Game summary generation complete.
[2025-05-11 18:08:48.923831] Requesting highlights and lowlights from GPT...
[2025-05-11 18:08:53.744451] Highlights and lowlights generation complete.
[2025-05-11 18:08:53.744944] Requesting coaching point from GPT...
[2025-05-11 18:08:54.916831] Coaching point generation complete.
[2025-05-11 18:08:54.917482] Analyzing critical moment: Move 39, white's Rdg1 (CP loss: 29)
[2025-05-11 18:08:57.038795] Critical moment analysis complete for move 39.
[2025-05-11 18:08:57.039383] Analyzing critical moment: Move 19, white's dxe5 (CP loss: 24)
[2025-05-11 18:09:00.947720] Critical moment analysis complete for move 19.
[2025-05-11 18:09:00.948645] Analyzing critical moment: Move 36, black's Rad8 (CP loss: 23)
[2025-05-11 18:09:03.469279] Critical moment analysis complete for move 36.
[2025-05-11 18:09:03.472703] ✅ Complete modular analysis saved to game_analysis.txt
[2025-05-11 18:09:03.473896] ✅ Critical moments data saved to critical_moments.json
[2025-05-25 17:00:57.138043] Starting comprehensive analysis...
[2025-05-25 17:00:57.138043] Starting Stockfish analysis...
[2025-05-25 17:00:57.138043] Stockfish error: [WinError 2] The system cannot find the file specified
[2025-05-25 17:00:57.153662] Requesting game narrative summary from GPT...
[2025-05-25 17:01:06.483179] Game summary generation complete.
[2025-05-25 17:01:06.924151] Requesting highlights and lowlights from GPT...
[2025-05-25 17:01:11.408970] Highlights and lowlights generation complete.
[2025-05-25 17:01:11.414755] Requesting coaching point from GPT...
[2025-05-25 17:01:13.360404] Coaching point generation complete.
[2025-05-25 17:01:13.390381] ✅ Complete modular analysis saved to game_analysis.txt
[2025-05-25 17:01:13.390892] ✅ Critical moments data saved to critical_moments.json
