[2025-03-17 22:32:29.580458] PGN file not found.
[2025-03-17 22:34:34.633637] Identified blunder move number: 7
[2025-03-17 22:34:34.715143] Generated board image at move 7: ../images\blunder_position.png
[2025-03-17 22:34:34.715143] Blunder insight generation complete.
[2025-03-17 23:00:01.065824] Identified blunder move number: 7
[2025-03-17 23:00:01.131326] Generated board image at move 7: ../images\blunder_position.png
[2025-03-17 23:00:01.131326] Blunder insight generation complete.
[2025-03-18 00:14:30.059064] No blunder move found in analysis.
[2025-03-18 00:14:30.073080] No move extracted. Skipping board generation.
[2025-03-18 17:01:12.476885] No blunder move found in analysis.
[2025-03-18 17:01:12.478962] No move extracted. Skipping board generation.
[2025-03-20 17:01:17.479616] No blunder move found in analysis.
[2025-03-20 17:01:17.482664] No move extracted. Skipping board generation.
[2025-03-21 17:01:15.013711] No blunder move found in analysis.
[2025-03-21 17:01:15.016425] No move extracted. Skipping board generation.
[2025-03-22 17:01:08.208417] No blunder move found in analysis.
[2025-03-22 17:01:08.209415] No move extracted. Skipping board generation.
[2025-03-23 17:01:10.645581] No blunder move found in analysis.
[2025-03-23 17:01:10.646580] No move extracted. Skipping board generation.
[2025-03-24 17:01:14.532402] No blunder move found in analysis.
[2025-03-24 17:01:14.532784] No move extracted. Skipping board generation.
[2025-03-25 17:01:20.480573] No blunder move found in analysis.
[2025-03-25 17:01:20.481579] No move extracted. Skipping board generation.
[2025-03-26 17:01:17.006709] No blunder move found in analysis.
[2025-03-26 17:01:17.006709] No move extracted. Skipping board generation.
[2025-03-27 17:01:11.138628] No blunder move found in analysis.
[2025-03-27 17:01:11.138628] No move extracted. Skipping board generation.
[2025-03-28 17:01:12.700354] No blunder move found in analysis.
[2025-03-28 17:01:12.701333] No move extracted. Skipping board generation.
[2025-03-29 17:01:10.570149] No blunder move found in analysis.
[2025-03-29 17:01:10.571066] No move extracted. Skipping board generation.
[2025-03-31 17:01:14.274677] No blunder move found in analysis.
[2025-03-31 17:01:14.277371] No move extracted. Skipping board generation.
[2025-04-01 17:01:22.426953] No blunder move found in analysis.
[2025-04-01 17:01:22.426953] No move extracted. Skipping board generation.
[2025-04-03 17:01:14.433320] No blunder move found in analysis.
[2025-04-03 17:01:14.433320] No move extracted. Skipping board generation.
[2025-04-04 17:01:10.797720] No blunder move found in analysis.
[2025-04-04 17:01:10.811236] No move extracted. Skipping board generation.
[2025-04-05 17:01:11.638662] No blunder move found in analysis.
[2025-04-05 17:01:11.638662] No move extracted. Skipping board generation.
[2025-04-07 17:01:13.996235] No blunder move found in analysis.
[2025-04-07 17:01:13.997422] No move extracted. Skipping board generation.
[2025-04-07 22:51:15.182438] No blunder move found in analysis.
[2025-04-07 22:51:15.182438] No move extracted. Skipping board generation.
[2025-04-07 23:20:54.482580] No blunder move found in analysis.
[2025-04-07 23:20:54.482580] No move extracted. Skipping board generation.
[2025-04-07 23:20:54.482580] Starting Stockfish evaluation...
[2025-04-07 23:20:57.082149] Stockfish evaluation complete.
[2025-04-07 23:20:57.082149] ✅ Appended Stockfish evaluation to game_analysis.txt
[2025-04-07 23:27:10.590637] No blunder move found in analysis.
[2025-04-07 23:27:10.590637] No move extracted. Skipping board generation.
[2025-04-07 23:27:10.590637] Starting Stockfish evaluation...
[2025-04-07 23:27:12.731684] Stockfish evaluation complete.
[2025-04-07 23:27:12.731684] ✅ Appended Stockfish evaluation to game_analysis.txt
[2025-04-07 23:28:17.919672] No blunder move found in analysis.
[2025-04-07 23:28:17.919672] No move extracted. Skipping board generation.
[2025-04-07 23:28:17.919672] Starting Stockfish evaluation...
[2025-04-07 23:28:20.929630] Stockfish evaluation complete.
[2025-04-07 23:28:20.929630] ✅ Appended Stockfish evaluation to game_analysis.txt
[2025-04-07 23:39:14.380134] No blunder move found in analysis.
[2025-04-07 23:39:14.380134] No move extracted. Skipping board generation.
[2025-04-07 23:39:14.380134] Starting Stockfish evaluation...
[2025-04-07 23:39:17.282785] Stockfish evaluation complete.
[2025-04-07 23:39:17.282785] ✅ Appended Stockfish evaluation to game_analysis.txt
[2025-04-07 23:48:57.196036] No blunder move found in analysis.
[2025-04-07 23:48:57.196036] No move extracted. Skipping board generation.
[2025-04-07 23:48:57.196036] Starting Stockfish evaluation...
[2025-04-07 23:49:00.536698] Stockfish evaluation complete.
[2025-04-07 23:49:00.537329] ✅ Appended Stockfish evaluation to game_analysis.txt
[2025-04-07 23:49:53.728055] No blunder move found in analysis.
[2025-04-07 23:49:53.728055] No move extracted. Skipping board generation.
[2025-04-07 23:49:53.728055] Starting Stockfish evaluation...
[2025-04-07 23:49:56.657732] Stockfish evaluation complete.
[2025-04-07 23:49:56.657732] ✅ Appended Stockfish evaluation to game_analysis.txt
[2025-04-07 23:54:23.112098] No blunder move found in analysis.
[2025-04-07 23:54:23.112098] No move extracted. Skipping board generation.
[2025-04-07 23:54:23.113127] Starting Stockfish evaluation...
[2025-04-07 23:54:25.968550] Stockfish evaluation complete.
[2025-04-07 23:54:25.970561] ✅ Appended Stockfish evaluation to game_analysis.txt
[2025-04-08 00:14:26.777950] ✅ Inserted Stockfish evaluation before ## PGN
[2025-04-08 00:37:29.659767] ✅ Inserted Stockfish evaluation before ## PGN
[2025-04-08 00:40:14.196236] ✅ Inserted Stockfish evaluation before ## PGN
[2025-04-08 00:42:14.225878] ✅ Inserted Stockfish evaluation before ## PGN
[2025-04-08 00:44:15.771831] ✅ Inserted Stockfish evaluation before ## PGN
[2025-04-08 00:45:21.528434] ✅ Inserted Stockfish evaluation before ## PGN
[2025-04-08 00:46:23.829495] ✅ Inserted Stockfish evaluation before ## PGN
[2025-04-08 00:47:16.450783] ✅ Inserted Stockfish evaluation before ## PGN
[2025-04-08 00:49:18.846268] ✅ Inserted Stockfish evaluation before ## PGN
[2025-04-08 00:50:56.642134] ✅ Inserted Stockfish evaluation before ## PGN
[2025-04-08 00:52:29.764397] ✅ Inserted Stockfish evaluation before ## PGN
[2025-04-08 08:28:06.020139] ✅ Inserted Stockfish evaluation before ## PGN
[2025-04-08 08:33:44.802623] ✅ Inserted Stockfish evaluation before ## PGN
[2025-04-08 08:46:47.360499] ✅ Inserted Stockfish evaluation before ## PGN
[2025-04-08 08:47:41.518594] ✅ Inserted Stockfish evaluation before ## PGN
[2025-04-08 08:48:08.258630] ✅ Inserted Stockfish evaluation before ## PGN
[2025-04-08 08:50:04.721993] ✅ Inserted Stockfish evaluation before ## PGN
[2025-04-22 18:07:19.370552] ✅ Inserted Stockfish evaluation before ## PGN
[2025-04-22 18:21:16.818535] ✅ Inserted Stockfish evaluation before ## PGN
[2025-04-23 17:01:27.607506] ✅ Inserted Stockfish evaluation before ## PGN
