[2025-03-16 23:36:20.693429] Running game checker...
[2025-03-16 23:36:21.315064] Found 1 games. Checking for new ones...
[2025-03-16 23:36:21.315962] Already downloaded: ../data\seanr87_1d842475ad2adabb94be80d5c4b5e73b.pgn
[2025-03-16 23:36:21.316962] Task finished.
[2025-03-17 00:21:17.731307] Found 1 games. Checking for new ones...
[2025-03-17 00:21:17.732306] Already downloaded: ../data\seanr87_1d842475ad2adabb94be80d5c4b5e73b.pgn
[2025-03-17 00:29:24.636675] Found 2 games. Checking for new ones...
[2025-03-17 00:29:24.637529] Already downloaded: ../data\seanr87_1d842475ad2adabb94be80d5c4b5e73b.pgn
[2025-03-17 00:29:24.637529] ✅ Saved PGN: ../data\seanr87_2babfaf6833262697254df0ba8001ee2.pgn
[2025-03-17 17:00:53.638702] Found 2 games. Checking for new ones...
[2025-03-17 17:00:53.639775] Already downloaded: ../data\seanr87_1d842475ad2adabb94be80d5c4b5e73b.pgn
[2025-03-17 17:00:53.640733] Already downloaded: ../data\seanr87_2babfaf6833262697254df0ba8001ee2.pgn
[2025-03-17 22:57:34.032136] Found 2 games. Checking for new ones...
[2025-03-17 22:57:34.035645] ✅ Saved PGN: ../data\seanr87_1d842475ad2adabb94be80d5c4b5e73b.pgn
[2025-03-17 22:57:34.035645] Already downloaded: ../data\seanr87_2babfaf6833262697254df0ba8001ee2.pgn
[2025-03-17 22:59:54.573915] Found 2 games. Checking for new ones...
[2025-03-17 22:59:54.573915] Already downloaded: ../data\seanr87_1d842475ad2adabb94be80d5c4b5e73b.pgn
[2025-03-17 22:59:54.573915] Already downloaded: ../data\seanr87_2babfaf6833262697254df0ba8001ee2.pgn
[2025-03-18 00:14:14.016455] Found 2 games. Checking for new ones...
[2025-03-18 00:14:14.018965] Already downloaded: ../data\seanr87_1d842475ad2adabb94be80d5c4b5e73b.pgn
[2025-03-18 00:14:14.018965] Already downloaded: ../data\seanr87_2babfaf6833262697254df0ba8001ee2.pgn
[2025-03-18 17:00:53.359364] Found 2 games. Checking for new ones...
[2025-03-18 17:00:53.363707] Already downloaded: ../data\seanr87_1d842475ad2adabb94be80d5c4b5e73b.pgn
[2025-03-18 17:00:53.364769] Already downloaded: ../data\seanr87_2babfaf6833262697254df0ba8001ee2.pgn
[2025-03-20 17:00:54.083527] Found 9 games. Checking for new ones...
[2025-03-20 17:00:54.091542] Already downloaded: ../data\seanr87_1d842475ad2adabb94be80d5c4b5e73b.pgn
[2025-03-20 17:00:54.091542] Already downloaded: ../data\seanr87_2babfaf6833262697254df0ba8001ee2.pgn
[2025-03-20 17:00:54.091542] ✅ Saved PGN: ../data\seanr87_4b910af6332104fb4418241c374a5d01.pgn
[2025-03-20 17:00:54.091542] ✅ Saved PGN: ../data\seanr87_87f428cd9c53d656d61f7e7a20b38321.pgn
[2025-03-20 17:00:54.091542] ✅ Saved PGN: ../data\seanr87_8b4fa187f1815ad5d43293503a258d2a.pgn
[2025-03-20 17:00:54.091542] ✅ Saved PGN: ../data\seanr87_989d19efd3baafa11e4b42f4360aa7c6.pgn
[2025-03-20 17:00:54.091542] ✅ Saved PGN: ../data\seanr87_b2d8ebed08480d41d8419e2183a85dd2.pgn
[2025-03-20 17:00:54.107287] ✅ Saved PGN: ../data\seanr87_4cd3710a1419202422676513b7ba4cfa.pgn
[2025-03-20 17:00:54.107287] ✅ Saved PGN: ../data\seanr87_bf9a2bf90ceef72a6884deb02ebc0af6.pgn
[2025-03-21 17:00:53.444976] Found 9 games. Checking for new ones...
[2025-03-21 17:00:53.451181] Already downloaded: ../data\seanr87_1d842475ad2adabb94be80d5c4b5e73b.pgn
[2025-03-21 17:00:53.452098] Already downloaded: ../data\seanr87_2babfaf6833262697254df0ba8001ee2.pgn
[2025-03-21 17:00:53.453042] Already downloaded: ../data\seanr87_4b910af6332104fb4418241c374a5d01.pgn
[2025-03-21 17:00:53.455035] Already downloaded: ../data\seanr87_87f428cd9c53d656d61f7e7a20b38321.pgn
[2025-03-21 17:00:53.456038] Already downloaded: ../data\seanr87_8b4fa187f1815ad5d43293503a258d2a.pgn
[2025-03-21 17:00:53.457040] Already downloaded: ../data\seanr87_989d19efd3baafa11e4b42f4360aa7c6.pgn
[2025-03-21 17:00:53.458041] Already downloaded: ../data\seanr87_b2d8ebed08480d41d8419e2183a85dd2.pgn
[2025-03-21 17:00:53.459041] Already downloaded: ../data\seanr87_4cd3710a1419202422676513b7ba4cfa.pgn
[2025-03-21 17:00:53.461039] Already downloaded: ../data\seanr87_bf9a2bf90ceef72a6884deb02ebc0af6.pgn
[2025-03-22 17:00:53.473646] Found 9 games. Checking for new ones...
[2025-03-22 17:00:53.476689] Already downloaded: ../data\seanr87_1d842475ad2adabb94be80d5c4b5e73b.pgn
[2025-03-22 17:00:53.477727] Already downloaded: ../data\seanr87_2babfaf6833262697254df0ba8001ee2.pgn
[2025-03-22 17:00:53.479750] Already downloaded: ../data\seanr87_4b910af6332104fb4418241c374a5d01.pgn
[2025-03-22 17:00:53.480727] Already downloaded: ../data\seanr87_87f428cd9c53d656d61f7e7a20b38321.pgn
[2025-03-22 17:00:53.481732] Already downloaded: ../data\seanr87_8b4fa187f1815ad5d43293503a258d2a.pgn
[2025-03-22 17:00:53.482737] Already downloaded: ../data\seanr87_989d19efd3baafa11e4b42f4360aa7c6.pgn
[2025-03-22 17:00:53.483731] Already downloaded: ../data\seanr87_b2d8ebed08480d41d8419e2183a85dd2.pgn
[2025-03-22 17:00:53.484735] Already downloaded: ../data\seanr87_4cd3710a1419202422676513b7ba4cfa.pgn
[2025-03-22 17:00:53.485728] Already downloaded: ../data\seanr87_bf9a2bf90ceef72a6884deb02ebc0af6.pgn
[2025-03-23 17:00:53.148420] Found 9 games. Checking for new ones...
[2025-03-23 17:00:53.149934] Already downloaded: ../data\seanr87_1d842475ad2adabb94be80d5c4b5e73b.pgn
[2025-03-23 17:00:53.151040] Already downloaded: ../data\seanr87_2babfaf6833262697254df0ba8001ee2.pgn
[2025-03-23 17:00:53.152008] Already downloaded: ../data\seanr87_4b910af6332104fb4418241c374a5d01.pgn
[2025-03-23 17:00:53.152948] Already downloaded: ../data\seanr87_87f428cd9c53d656d61f7e7a20b38321.pgn
[2025-03-23 17:00:53.154003] Already downloaded: ../data\seanr87_8b4fa187f1815ad5d43293503a258d2a.pgn
[2025-03-23 17:00:53.155176] Already downloaded: ../data\seanr87_989d19efd3baafa11e4b42f4360aa7c6.pgn
[2025-03-23 17:00:53.155176] Already downloaded: ../data\seanr87_b2d8ebed08480d41d8419e2183a85dd2.pgn
[2025-03-23 17:00:53.155176] Already downloaded: ../data\seanr87_4cd3710a1419202422676513b7ba4cfa.pgn
[2025-03-23 17:00:53.156195] Already downloaded: ../data\seanr87_bf9a2bf90ceef72a6884deb02ebc0af6.pgn
[2025-03-24 17:00:53.103324] Found 9 games. Checking for new ones...
[2025-03-24 17:00:53.105302] Already downloaded: ../data\seanr87_1d842475ad2adabb94be80d5c4b5e73b.pgn
[2025-03-24 17:00:53.106317] Already downloaded: ../data\seanr87_2babfaf6833262697254df0ba8001ee2.pgn
[2025-03-24 17:00:53.107319] Already downloaded: ../data\seanr87_4b910af6332104fb4418241c374a5d01.pgn
[2025-03-24 17:00:53.109319] Already downloaded: ../data\seanr87_87f428cd9c53d656d61f7e7a20b38321.pgn
[2025-03-24 17:00:53.110300] Already downloaded: ../data\seanr87_8b4fa187f1815ad5d43293503a258d2a.pgn
[2025-03-24 17:00:53.111311] Already downloaded: ../data\seanr87_989d19efd3baafa11e4b42f4360aa7c6.pgn
[2025-03-24 17:00:53.112319] Already downloaded: ../data\seanr87_b2d8ebed08480d41d8419e2183a85dd2.pgn
[2025-03-24 17:00:53.114303] Already downloaded: ../data\seanr87_4cd3710a1419202422676513b7ba4cfa.pgn
[2025-03-24 17:00:53.115819] Already downloaded: ../data\seanr87_bf9a2bf90ceef72a6884deb02ebc0af6.pgn
[2025-03-25 17:00:53.364568] Found 9 games. Checking for new ones...
[2025-03-25 17:00:53.366078] Already downloaded: ../data\seanr87_1d842475ad2adabb94be80d5c4b5e73b.pgn
[2025-03-25 17:00:53.367190] Already downloaded: ../data\seanr87_2babfaf6833262697254df0ba8001ee2.pgn
[2025-03-25 17:00:53.368859] Already downloaded: ../data\seanr87_4b910af6332104fb4418241c374a5d01.pgn
[2025-03-25 17:00:53.370140] Already downloaded: ../data\seanr87_87f428cd9c53d656d61f7e7a20b38321.pgn
[2025-03-25 17:00:53.371901] Already downloaded: ../data\seanr87_8b4fa187f1815ad5d43293503a258d2a.pgn
[2025-03-25 17:00:53.372442] Already downloaded: ../data\seanr87_989d19efd3baafa11e4b42f4360aa7c6.pgn
[2025-03-25 17:00:53.374535] Already downloaded: ../data\seanr87_b2d8ebed08480d41d8419e2183a85dd2.pgn
[2025-03-25 17:00:53.375548] Already downloaded: ../data\seanr87_4cd3710a1419202422676513b7ba4cfa.pgn
[2025-03-25 17:00:53.376507] Already downloaded: ../data\seanr87_bf9a2bf90ceef72a6884deb02ebc0af6.pgn
[2025-03-26 17:00:54.906788] Found 9 games. Checking for new ones...
[2025-03-26 17:00:54.914512] ✅ Saved PGN: ../data\seanr87_ce31cbcde81fabdc23779b97682a2d72.pgn
[2025-03-26 17:00:54.917168] Already downloaded: ../data\seanr87_2babfaf6833262697254df0ba8001ee2.pgn
[2025-03-26 17:00:54.919162] Already downloaded: ../data\seanr87_4b910af6332104fb4418241c374a5d01.pgn
[2025-03-26 17:00:54.921250] Already downloaded: ../data\seanr87_87f428cd9c53d656d61f7e7a20b38321.pgn
[2025-03-26 17:00:54.922251] Already downloaded: ../data\seanr87_8b4fa187f1815ad5d43293503a258d2a.pgn
[2025-03-26 17:00:54.924894] ✅ Saved PGN: ../data\seanr87_ed0324c1751d8bd591ea68fcc05315a9.pgn
[2025-03-26 17:00:54.926898] ✅ Saved PGN: ../data\seanr87_a351a3de6105cade9836e3f69daeae28.pgn
[2025-03-26 17:00:54.928900] Already downloaded: ../data\seanr87_4cd3710a1419202422676513b7ba4cfa.pgn
[2025-03-26 17:00:54.930148] Already downloaded: ../data\seanr87_bf9a2bf90ceef72a6884deb02ebc0af6.pgn
[2025-03-27 17:00:53.751893] Found 9 games. Checking for new ones...
[2025-03-27 17:00:53.756877] Already downloaded: ../data\seanr87_ce31cbcde81fabdc23779b97682a2d72.pgn
[2025-03-27 17:00:53.758301] Already downloaded: ../data\seanr87_2babfaf6833262697254df0ba8001ee2.pgn
[2025-03-27 17:00:53.759287] Already downloaded: ../data\seanr87_4b910af6332104fb4418241c374a5d01.pgn
[2025-03-27 17:00:53.761286] Already downloaded: ../data\seanr87_87f428cd9c53d656d61f7e7a20b38321.pgn
[2025-03-27 17:00:53.762306] Already downloaded: ../data\seanr87_8b4fa187f1815ad5d43293503a258d2a.pgn
[2025-03-27 17:00:53.763793] Already downloaded: ../data\seanr87_ed0324c1751d8bd591ea68fcc05315a9.pgn
[2025-03-27 17:00:53.765800] Already downloaded: ../data\seanr87_a351a3de6105cade9836e3f69daeae28.pgn
[2025-03-27 17:00:53.766801] Already downloaded: ../data\seanr87_4cd3710a1419202422676513b7ba4cfa.pgn
[2025-03-27 17:00:53.769313] Already downloaded: ../data\seanr87_bf9a2bf90ceef72a6884deb02ebc0af6.pgn
[2025-03-28 17:00:54.034858] Found 9 games. Checking for new ones...
[2025-03-28 17:00:54.040857] Already downloaded: ../data\seanr87_ce31cbcde81fabdc23779b97682a2d72.pgn
[2025-03-28 17:00:54.042251] Already downloaded: ../data\seanr87_2babfaf6833262697254df0ba8001ee2.pgn
[2025-03-28 17:00:54.043261] Already downloaded: ../data\seanr87_4b910af6332104fb4418241c374a5d01.pgn
[2025-03-28 17:00:54.045261] Already downloaded: ../data\seanr87_87f428cd9c53d656d61f7e7a20b38321.pgn
[2025-03-28 17:00:54.046263] Already downloaded: ../data\seanr87_8b4fa187f1815ad5d43293503a258d2a.pgn
[2025-03-28 17:00:54.048261] Already downloaded: ../data\seanr87_ed0324c1751d8bd591ea68fcc05315a9.pgn
[2025-03-28 17:00:54.049267] Already downloaded: ../data\seanr87_a351a3de6105cade9836e3f69daeae28.pgn
[2025-03-28 17:00:54.050262] Already downloaded: ../data\seanr87_4cd3710a1419202422676513b7ba4cfa.pgn
[2025-03-28 17:00:54.052273] Already downloaded: ../data\seanr87_bf9a2bf90ceef72a6884deb02ebc0af6.pgn
[2025-03-29 17:00:53.343824] Found 9 games. Checking for new ones...
[2025-03-29 17:00:53.352088] Already downloaded: ../data\seanr87_1d842475ad2adabb94be80d5c4b5e73b.pgn
[2025-03-29 17:00:53.354097] Already downloaded: ../data\seanr87_2babfaf6833262697254df0ba8001ee2.pgn
[2025-03-29 17:00:53.355102] Already downloaded: ../data\seanr87_4b910af6332104fb4418241c374a5d01.pgn
[2025-03-29 17:00:53.356099] Already downloaded: ../data\seanr87_87f428cd9c53d656d61f7e7a20b38321.pgn
[2025-03-29 17:00:53.357100] Already downloaded: ../data\seanr87_8b4fa187f1815ad5d43293503a258d2a.pgn
[2025-03-29 17:00:53.358088] Already downloaded: ../data\seanr87_989d19efd3baafa11e4b42f4360aa7c6.pgn
[2025-03-29 17:00:53.359092] Already downloaded: ../data\seanr87_b2d8ebed08480d41d8419e2183a85dd2.pgn
[2025-03-29 17:00:53.360089] Already downloaded: ../data\seanr87_4cd3710a1419202422676513b7ba4cfa.pgn
[2025-03-29 17:00:53.361094] Already downloaded: ../data\seanr87_bf9a2bf90ceef72a6884deb02ebc0af6.pgn
[2025-03-31 17:00:55.195991] Found 9 games. Checking for new ones...
[2025-03-31 17:00:55.202198] Already downloaded: ../data\seanr87_1d842475ad2adabb94be80d5c4b5e73b.pgn
[2025-03-31 17:00:55.205868] Already downloaded: ../data\seanr87_2babfaf6833262697254df0ba8001ee2.pgn
[2025-03-31 17:00:55.207829] Already downloaded: ../data\seanr87_4b910af6332104fb4418241c374a5d01.pgn
[2025-03-31 17:00:55.209847] Already downloaded: ../data\seanr87_87f428cd9c53d656d61f7e7a20b38321.pgn
[2025-03-31 17:00:55.214102] Already downloaded: ../data\seanr87_8b4fa187f1815ad5d43293503a258d2a.pgn
[2025-03-31 17:00:55.216654] Already downloaded: ../data\seanr87_989d19efd3baafa11e4b42f4360aa7c6.pgn
[2025-03-31 17:00:55.218676] Already downloaded: ../data\seanr87_b2d8ebed08480d41d8419e2183a85dd2.pgn
[2025-03-31 17:00:55.220677] Already downloaded: ../data\seanr87_4cd3710a1419202422676513b7ba4cfa.pgn
[2025-03-31 17:00:55.222678] Already downloaded: ../data\seanr87_bf9a2bf90ceef72a6884deb02ebc0af6.pgn
[2025-04-01 17:01:01.634196] Found 9 games. Checking for new ones...
[2025-04-01 17:01:01.634196] Already downloaded: ../data\seanr87_1d842475ad2adabb94be80d5c4b5e73b.pgn
[2025-04-01 17:01:01.634196] Already downloaded: ../data\seanr87_2babfaf6833262697254df0ba8001ee2.pgn
[2025-04-01 17:01:01.634196] Already downloaded: ../data\seanr87_4b910af6332104fb4418241c374a5d01.pgn
[2025-04-01 17:01:01.645717] Already downloaded: ../data\seanr87_87f428cd9c53d656d61f7e7a20b38321.pgn
[2025-04-01 17:01:01.645717] Already downloaded: ../data\seanr87_8b4fa187f1815ad5d43293503a258d2a.pgn
[2025-04-01 17:01:01.645717] Already downloaded: ../data\seanr87_989d19efd3baafa11e4b42f4360aa7c6.pgn
[2025-04-01 17:01:01.665880] Already downloaded: ../data\seanr87_b2d8ebed08480d41d8419e2183a85dd2.pgn
[2025-04-01 17:01:01.665880] Already downloaded: ../data\seanr87_4cd3710a1419202422676513b7ba4cfa.pgn
[2025-04-01 17:01:01.665880] Already downloaded: ../data\seanr87_bf9a2bf90ceef72a6884deb02ebc0af6.pgn
[2025-04-03 17:00:54.074974] Found 9 games. Checking for new ones...
[2025-04-03 17:00:54.074974] Already downloaded: ../data\seanr87_ce31cbcde81fabdc23779b97682a2d72.pgn
[2025-04-03 17:00:54.074974] Already downloaded: ../data\seanr87_2babfaf6833262697254df0ba8001ee2.pgn
[2025-04-03 17:00:54.074974] Already downloaded: ../data\seanr87_4b910af6332104fb4418241c374a5d01.pgn
[2025-04-03 17:00:54.074974] Already downloaded: ../data\seanr87_87f428cd9c53d656d61f7e7a20b38321.pgn
[2025-04-03 17:00:54.074974] Already downloaded: ../data\seanr87_8b4fa187f1815ad5d43293503a258d2a.pgn
[2025-04-03 17:00:54.074974] Already downloaded: ../data\seanr87_ed0324c1751d8bd591ea68fcc05315a9.pgn
[2025-04-03 17:00:54.090610] Already downloaded: ../data\seanr87_a351a3de6105cade9836e3f69daeae28.pgn
[2025-04-03 17:00:54.090610] Already downloaded: ../data\seanr87_4cd3710a1419202422676513b7ba4cfa.pgn
[2025-04-03 17:00:54.090610] Already downloaded: ../data\seanr87_bf9a2bf90ceef72a6884deb02ebc0af6.pgn
[2025-04-04 17:00:53.172954] Found 9 games. Checking for new ones...
[2025-04-04 17:00:53.188494] Already downloaded: ../data\seanr87_ce31cbcde81fabdc23779b97682a2d72.pgn
[2025-04-04 17:00:53.188494] Already downloaded: ../data\seanr87_2babfaf6833262697254df0ba8001ee2.pgn
[2025-04-04 17:00:53.188494] Already downloaded: ../data\seanr87_4b910af6332104fb4418241c374a5d01.pgn
[2025-04-04 17:00:53.188494] Already downloaded: ../data\seanr87_87f428cd9c53d656d61f7e7a20b38321.pgn
[2025-04-04 17:00:53.188494] Already downloaded: ../data\seanr87_8b4fa187f1815ad5d43293503a258d2a.pgn
[2025-04-04 17:00:53.188494] Already downloaded: ../data\seanr87_ed0324c1751d8bd591ea68fcc05315a9.pgn
[2025-04-04 17:00:53.188494] Already downloaded: ../data\seanr87_a351a3de6105cade9836e3f69daeae28.pgn
[2025-04-04 17:00:53.188494] Already downloaded: ../data\seanr87_4cd3710a1419202422676513b7ba4cfa.pgn
[2025-04-04 17:00:53.188494] Already downloaded: ../data\seanr87_bf9a2bf90ceef72a6884deb02ebc0af6.pgn
[2025-04-05 17:00:54.523685] Found 6 games. Checking for new ones...
[2025-04-05 17:00:54.523685] ✅ Saved PGN: ../data\seanr87_b6e4eb3d101a79a43767a8bde8e95e9a.pgn
[2025-04-05 17:00:54.523685] ✅ Saved PGN: ../data\seanr87_c950745a24182ebf3576398ddd4c41d7.pgn
[2025-04-05 17:00:54.523685] ✅ Saved PGN: ../data\seanr87_35ea8ffb6625a920327fab03a3dfebbe.pgn
[2025-04-05 17:00:54.539207] ✅ Saved PGN: ../data\seanr87_7c51fd70c5dee329314569269ce0d109.pgn
[2025-04-05 17:00:54.539207] ✅ Saved PGN: ../data\seanr87_51d263b064732dc03c3442784c95c8a8.pgn
[2025-04-05 17:00:54.539207] ✅ Saved PGN: ../data\seanr87_ac23ec7ceec8a2bbae92adba3f692892.pgn
[2025-04-07 17:00:54.607248] Found 7 games. Checking for new ones...
[2025-04-07 17:00:54.620472] Already downloaded: ../data\seanr87_b6e4eb3d101a79a43767a8bde8e95e9a.pgn
[2025-04-07 17:00:54.622478] Already downloaded: ../data\seanr87_c950745a24182ebf3576398ddd4c41d7.pgn
[2025-04-07 17:00:54.624480] Already downloaded: ../data\seanr87_35ea8ffb6625a920327fab03a3dfebbe.pgn
[2025-04-07 17:00:54.626029] Already downloaded: ../data\seanr87_7c51fd70c5dee329314569269ce0d109.pgn
[2025-04-07 17:00:54.628065] Already downloaded: ../data\seanr87_51d263b064732dc03c3442784c95c8a8.pgn
[2025-04-07 17:00:54.630059] Already downloaded: ../data\seanr87_ac23ec7ceec8a2bbae92adba3f692892.pgn
[2025-04-07 17:00:54.633058] ✅ Saved PGN: ../data\seanr87_61a2e19ab30796b94b1b8d958a18f0e5.pgn
[2025-04-07 22:51:02.947107] Found 10 games. Checking for new ones...
[2025-04-07 22:51:02.949036] Already downloaded: ../data\seanr87_b6e4eb3d101a79a43767a8bde8e95e9a.pgn
[2025-04-07 22:51:02.949036] Already downloaded: ../data\seanr87_c950745a24182ebf3576398ddd4c41d7.pgn
[2025-04-07 22:51:02.949036] Already downloaded: ../data\seanr87_35ea8ffb6625a920327fab03a3dfebbe.pgn
[2025-04-07 22:51:02.949036] Already downloaded: ../data\seanr87_7c51fd70c5dee329314569269ce0d109.pgn
[2025-04-07 22:51:02.949036] Already downloaded: ../data\seanr87_51d263b064732dc03c3442784c95c8a8.pgn
[2025-04-07 22:51:02.949036] Already downloaded: ../data\seanr87_ac23ec7ceec8a2bbae92adba3f692892.pgn
[2025-04-07 22:51:02.949036] Already downloaded: ../data\seanr87_61a2e19ab30796b94b1b8d958a18f0e5.pgn
[2025-04-07 22:51:02.949036] ✅ Saved PGN: ../data\seanr87_2eb754867d394affebe5c780b98037c1.pgn
[2025-04-07 22:51:02.953668] ✅ Saved PGN: ../data\seanr87_cb72a4e59fd7212e2e6361b90a3def7c.pgn
[2025-04-07 22:51:02.953668] ✅ Saved PGN: ../data\seanr87_edb9792375daecfc89857febf5e570d7.pgn
[2025-04-07 23:28:05.124642] Found 11 games. Checking for new ones...
[2025-04-07 23:28:05.126004] Already downloaded: ../data\seanr87_b6e4eb3d101a79a43767a8bde8e95e9a.pgn
[2025-04-07 23:28:05.126856] Already downloaded: ../data\seanr87_c950745a24182ebf3576398ddd4c41d7.pgn
[2025-04-07 23:28:05.126856] Already downloaded: ../data\seanr87_35ea8ffb6625a920327fab03a3dfebbe.pgn
[2025-04-07 23:28:05.126856] Already downloaded: ../data\seanr87_7c51fd70c5dee329314569269ce0d109.pgn
[2025-04-07 23:28:05.126856] Already downloaded: ../data\seanr87_51d263b064732dc03c3442784c95c8a8.pgn
[2025-04-07 23:28:05.126856] Already downloaded: ../data\seanr87_ac23ec7ceec8a2bbae92adba3f692892.pgn
[2025-04-07 23:28:05.129670] Already downloaded: ../data\seanr87_61a2e19ab30796b94b1b8d958a18f0e5.pgn
[2025-04-07 23:28:05.129670] Already downloaded: ../data\seanr87_2eb754867d394affebe5c780b98037c1.pgn
[2025-04-07 23:28:05.129670] Already downloaded: ../data\seanr87_cb72a4e59fd7212e2e6361b90a3def7c.pgn
[2025-04-07 23:28:05.133321] Already downloaded: ../data\seanr87_edb9792375daecfc89857febf5e570d7.pgn
[2025-04-07 23:28:05.134337] ✅ Saved PGN: ../data\seanr87_bfaed28c366fa7921afa0d43b437cb66.pgn
