[2025-03-17 00:16:07.075735] Attaching file: ../reports\game_analysis.txt
[2025-03-17 00:16:10.181890] ✅ Email sent to sean.r.oreilly87@gmail.com with subject 'MAIgnus_CAIrlsen: Game Review Report'
[2025-03-17 00:21:21.470198] Attaching file: ../reports\analysis_seanr87_1d842475ad2adabb94be80d5c4b5e73b.txt
[2025-03-17 00:21:30.024093] ✅ Email sent to sean.r.oreilly87@gmail.com with subject 'MAIgnus_CAIrlsen: Game Review - seanr87_1d842475ad2adabb94be80d5c4b5e73b.pgn'
[2025-03-17 00:29:28.979933] Attaching file: ../reports\analysis_seanr87_2babfaf6833262697254df0ba8001ee2.txt
[2025-03-17 00:29:31.329068] ✅ Email sent to sean.r.oreilly87@gmail.com with subject 'MAIgnus_CAIrlsen: Game Review - seanr87_2babfaf6833262697254df0ba8001ee2.pgn'
[2025-03-17 22:02:10.603224] No blunder image found at ../images\blunder_position.png
[2025-03-17 22:35:20.226433] ❌ Failed to send inline email: 'cid' is an invalid keyword argument for str()
[2025-03-17 22:42:14.997685] ✅ Email sent to sean.r.oreilly87@gmail.com with subject 'MAIgnus_CAIrlsen: Game Review + Blunder Insight'
[2025-03-17 23:00:06.519557] ✅ Email sent to sean.r.oreilly87@gmail.com with subject 'MAIgnus_CAIrlsen: Game Review + Blunder Insight'
[2025-03-17 23:09:16.338027] ✅ Email sent to sean.r.oreilly87@gmail.com with subject 'MAIgnus_CAIrlsen: Game Review + Blunder Insight'
[2025-03-17 23:09:59.176258] ✅ Email sent to sean.r.oreilly87@gmail.com with subject 'MAIgnus_CAIrlsen: Game Review + Blunder Insight'
[2025-03-17 23:17:12.272990] ✅ Email sent to sean.r.oreilly87@gmail.com with subject 'MAIgnus_CAIrlsen: Game Review + Blunder Insight'
[2025-03-17 23:22:31.218420] ✅ Inline email sent to sean.r.oreilly87@gmail.com with subject 'MAIgnus_CAIrlsen: Game Review + Blunder Insight'
[2025-03-17 23:25:56.020509] ✅ Inline email sent to sean.r.oreilly87@gmail.com with subject 'MAIgnus_CAIrlsen: Game Review + Blunder Insight'
[2025-03-18 00:14:36.021467] ✅ Inline email sent to sean.r.oreilly87@gmail.com with subject 'MAIgnus_CAIrlsen: Game Review + Key Insight'
[2025-03-18 17:01:16.757451] ✅ Inline email sent to sean.r.oreilly87@gmail.com with subject 'MAIgnus_CAIrlsen: Game Review + Key Insight'
[2025-03-20 17:01:21.949085] ✅ Inline email sent to sean.r.oreilly87@gmail.com with subject 'MAIgnus_CAIrlsen: Game Review + Key Insight'
[2025-03-21 17:01:18.021766] ✅ Inline email sent to sean.r.oreilly87@gmail.com with subject 'MAIgnus_CAIrlsen: Game Review + Key Insight'
[2025-03-22 17:01:12.741124] ✅ Inline email sent to sean.r.oreilly87@gmail.com with subject 'MAIgnus_CAIrlsen: Game Review + Key Insight'
[2025-03-23 17:01:15.088893] ✅ Inline email sent to sean.r.oreilly87@gmail.com with subject 'MAIgnus_CAIrlsen: Game Review + Key Insight'
[2025-03-24 17:01:17.615976] ✅ Inline email sent to sean.r.oreilly87@gmail.com with subject 'MAIgnus_CAIrlsen: Game Review + Key Insight'
[2025-03-25 17:01:23.527940] ✅ Inline email sent to sean.r.oreilly87@gmail.com with subject 'MAIgnus_CAIrlsen: Game Review + Key Insight'
[2025-03-26 17:01:21.180155] ✅ Inline email sent to sean.r.oreilly87@gmail.com with subject 'MAIgnus_CAIrlsen: Game Review + Key Insight'
[2025-03-27 17:01:14.598971] ✅ Inline email sent to sean.r.oreilly87@gmail.com with subject 'MAIgnus_CAIrlsen: Game Review + Key Insight'
[2025-03-28 17:01:16.710497] ✅ Inline email sent to sean.r.oreilly87@gmail.com with subject 'MAIgnus_CAIrlsen: Game Review + Key Insight'
[2025-03-29 17:01:15.331541] ✅ Inline email sent to sean.r.oreilly87@gmail.com with subject 'MAIgnus_CAIrlsen: Game Review + Key Insight'
[2025-03-31 17:01:17.672532] ✅ Inline email sent to sean.r.oreilly87@gmail.com with subject 'MAIgnus_CAIrlsen: Game Review + Key Insight'
[2025-04-01 17:01:25.751881] ✅ Inline email sent to sean.r.oreilly87@gmail.com with subject 'MAIgnus_CAIrlsen: Game Review + Key Insight'
[2025-04-03 17:01:17.805944] ✅ Inline email sent to sean.r.oreilly87@gmail.com with subject 'MAIgnus_CAIrlsen: Game Review + Key Insight'
[2025-04-04 17:01:14.107927] ✅ Inline email sent to sean.r.oreilly87@gmail.com with subject 'MAIgnus_CAIrlsen: Game Review + Key Insight'
[2025-04-05 17:01:16.020320] ✅ Inline email sent to sean.r.oreilly87@gmail.com with subject 'MAIgnus_CAIrlsen: Game Review + Key Insight'
[2025-04-07 17:01:17.931595] ✅ Inline email sent to sean.r.oreilly87@gmail.com with subject 'MAIgnus_CAIrlsen: Game Review + Key Insight'
