[2025-05-06 22:35:01.294162] 🚀 Starting MAIgnus_CAIrlsen full workflow with modular analysis...
[2025-05-06 22:35:01.295515] 📥 Checking for new games on Chess.com...
[2025-05-06 22:35:01.532181] Found 36 archives. Most recent: https://api.chess.com/pub/player/seanr87/games/2025/05
[2025-05-06 22:35:01.532753] Checking latest archive: https://api.chess.com/pub/player/seanr87/games/2025/05
[2025-05-06 22:35:01.727742] Found 27 games in latest archive
[2025-05-06 22:35:01.728196] Game 1: URL=https://www.chess.com/game/daily/802553254, End Time=1746105423
[2025-05-06 22:35:01.728441] Game 2: URL=https://www.chess.com/game/daily/802553260, End Time=1746107006
[2025-05-06 22:35:01.729077] Game 3: URL=https://www.chess.com/game/live/138005532346, End Time=1746147884
[2025-05-06 22:35:01.729602] No seen games file found at C:\Users\seanr\MAIgnus_CAIrlsen\data\seen_games.json, starting fresh
[2025-05-06 22:42:05.961746] 🚀 Starting MAIgnus_CAIrlsen full workflow with modular analysis...
[2025-05-06 22:42:05.963155] 📥 Checking for new games on Chess.com...
[2025-05-06 22:42:06.236488] Found 36 archives. Most recent: https://api.chess.com/pub/player/seanr87/games/2025/05
[2025-05-06 22:42:06.237314] Checking latest archive: https://api.chess.com/pub/player/seanr87/games/2025/05
[2025-05-06 22:42:06.480994] Found 27 games in latest archive
[2025-05-06 22:42:06.481359] Game 1: URL=https://www.chess.com/game/daily/802553254, End Time=1746105423
[2025-05-06 22:42:06.481671] Game 2: URL=https://www.chess.com/game/daily/802553260, End Time=1746107006
[2025-05-06 22:42:06.481956] Game 3: URL=https://www.chess.com/game/live/138005532346, End Time=1746147884
[2025-05-06 22:42:06.482538] No seen games file found at C:\Users\seanr\MAIgnus_CAIrlsen\data\seen_games.json, starting fresh
[2025-05-06 22:43:12.664260] 🚀 Starting MAIgnus_CAIrlsen full workflow with modular analysis...
[2025-05-06 22:43:12.665630] 📥 Checking for new games on Chess.com...
[2025-05-06 22:43:13.000721] Found 36 archives. Most recent: https://api.chess.com/pub/player/seanr87/games/2025/05
[2025-05-06 22:43:13.001520] Checking latest archive: https://api.chess.com/pub/player/seanr87/games/2025/05
[2025-05-06 22:43:13.216880] Found 27 games in latest archive
[2025-05-06 22:43:13.217466] Game 1: URL=https://www.chess.com/game/daily/802553254, End Time=1746105423
[2025-05-06 22:43:13.217912] Game 2: URL=https://www.chess.com/game/daily/802553260, End Time=1746107006
[2025-05-06 22:43:13.218301] Game 3: URL=https://www.chess.com/game/live/138005532346, End Time=1746147884
[2025-05-06 22:43:13.219157] No seen games file found at C:\Users\seanr\MAIgnus_CAIrlsen\data\seen_games.json, starting fresh
[2025-05-06 22:43:13.220415] ✅ Saved new game: C:\Users\seanr\MAIgnus_CAIrlsen\data\seanr87_802553254.pgn
[2025-05-06 22:43:13.221519] ✅ Saved new game: C:\Users\seanr\MAIgnus_CAIrlsen\data\seanr87_802553260.pgn
[2025-05-06 22:43:13.222766] ✅ Saved new game: C:\Users\seanr\MAIgnus_CAIrlsen\data\seanr87_138005532346.pgn
[2025-05-06 22:43:13.223430] ✅ Saved new game: C:\Users\seanr\MAIgnus_CAIrlsen\data\seanr87_138005569820.pgn
[2025-05-06 22:43:13.224360] ✅ Saved new game: C:\Users\seanr\MAIgnus_CAIrlsen\data\seanr87_138005614526.pgn
[2025-05-06 22:43:13.225694] ✅ Saved new game: C:\Users\seanr\MAIgnus_CAIrlsen\data\seanr87_138005649410.pgn
[2025-05-06 22:43:13.226427] ✅ Saved new game: C:\Users\seanr\MAIgnus_CAIrlsen\data\seanr87_807812256.pgn
[2025-05-06 22:43:13.227370] ✅ Saved new game: C:\Users\seanr\MAIgnus_CAIrlsen\data\seanr87_138032960578.pgn
[2025-05-06 22:43:13.228641] ✅ Saved new game: C:\Users\seanr\MAIgnus_CAIrlsen\data\seanr87_138033026408.pgn
[2025-05-06 22:43:13.230884] ✅ Saved new game: C:\Users\seanr\MAIgnus_CAIrlsen\data\seanr87_138033103256.pgn
[2025-05-06 22:43:13.232924] ✅ Saved new game: C:\Users\seanr\MAIgnus_CAIrlsen\data\seanr87_138033178340.pgn
[2025-05-06 22:43:13.234068] ✅ Saved new game: C:\Users\seanr\MAIgnus_CAIrlsen\data\seanr87_808178408.pgn
[2025-05-06 22:43:13.234882] ✅ Saved new game: C:\Users\seanr\MAIgnus_CAIrlsen\data\seanr87_138071558048.pgn
[2025-05-06 22:43:13.235703] ✅ Saved new game: C:\Users\seanr\MAIgnus_CAIrlsen\data\seanr87_138071657546.pgn
[2025-05-06 22:43:13.236929] ✅ Saved new game: C:\Users\seanr\MAIgnus_CAIrlsen\data\seanr87_138071732180.pgn
[2025-05-06 22:43:13.240251] ✅ Saved new game: C:\Users\seanr\MAIgnus_CAIrlsen\data\seanr87_138091323736.pgn
[2025-05-06 22:43:13.242537] ✅ Saved new game: C:\Users\seanr\MAIgnus_CAIrlsen\data\seanr87_138091897092.pgn
[2025-05-06 22:43:13.243552] ✅ Saved new game: C:\Users\seanr\MAIgnus_CAIrlsen\data\seanr87_138129516374.pgn
[2025-05-06 22:43:13.244350] ✅ Saved new game: C:\Users\seanr\MAIgnus_CAIrlsen\data\seanr87_138131026444.pgn
[2025-05-06 22:43:13.245140] ✅ Saved new game: C:\Users\seanr\MAIgnus_CAIrlsen\data\seanr87_138148856382.pgn
[2025-05-06 22:43:13.246010] ✅ Saved new game: C:\Users\seanr\MAIgnus_CAIrlsen\data\seanr87_138149022456.pgn
[2025-05-06 22:43:13.247578] ✅ Saved new game: C:\Users\seanr\MAIgnus_CAIrlsen\data\seanr87_138169662374.pgn
[2025-05-06 22:43:13.248578] ✅ Saved new game: C:\Users\seanr\MAIgnus_CAIrlsen\data\seanr87_138179036290.pgn
[2025-05-06 22:43:13.249545] ✅ Saved new game: C:\Users\seanr\MAIgnus_CAIrlsen\data\seanr87_138179087060.pgn
[2025-05-06 22:43:13.250416] ✅ Saved new game: C:\Users\seanr\MAIgnus_CAIrlsen\data\seanr87_138179146170.pgn
[2025-05-06 22:43:13.251222] ✅ Saved new game: C:\Users\seanr\MAIgnus_CAIrlsen\data\seanr87_809343432.pgn
[2025-05-06 22:43:13.252050] ✅ Saved new game: C:\Users\seanr\MAIgnus_CAIrlsen\data\seanr87_138186159256.pgn
[2025-05-06 22:43:13.266838] 🧠 Generating modular game analysis...
[2025-05-06 22:43:47.782633] 📧 Sending analysis email...
[2025-05-06 22:43:51.893590] ✅ Full workflow completed successfully!
[2025-05-06 22:46:19.221280] 🚀 Starting MAIgnus_CAIrlsen full workflow with modular analysis...
[2025-05-06 22:46:19.221734] 📥 Checking for new games on Chess.com...
[2025-05-06 22:46:19.484810] Found 36 archives. Most recent: https://api.chess.com/pub/player/seanr87/games/2025/05
[2025-05-06 22:46:19.485364] Checking latest archive: https://api.chess.com/pub/player/seanr87/games/2025/05
[2025-05-06 22:46:19.737967] Found 27 games in latest archive
[2025-05-06 22:46:19.738476] Game 1: URL=https://www.chess.com/game/daily/802553254, End Time=1746105423
[2025-05-06 22:46:19.738764] Game 2: URL=https://www.chess.com/game/daily/802553260, End Time=1746107006
[2025-05-06 22:46:19.739063] Game 3: URL=https://www.chess.com/game/live/138005532346, End Time=1746147884
[2025-05-06 22:46:19.757329] Loaded 27 previously seen games from C:\Users\seanr\MAIgnus_CAIrlsen\data\seen_games.json
[2025-05-06 22:46:19.757666] Already analyzed: https://www.chess.com/game/daily/802553254
[2025-05-06 22:46:19.757983] Already analyzed: https://www.chess.com/game/daily/802553260
[2025-05-06 22:46:19.758250] Already analyzed: https://www.chess.com/game/live/138005532346
[2025-05-06 22:46:19.758508] Already analyzed: https://www.chess.com/game/live/138005569820
[2025-05-06 22:46:19.758757] Already analyzed: https://www.chess.com/game/live/138005614526
[2025-05-06 22:46:19.759000] Already analyzed: https://www.chess.com/game/live/138005649410
[2025-05-06 22:46:19.759234] Already analyzed: https://www.chess.com/game/daily/807812256
[2025-05-06 22:46:19.759465] Already analyzed: https://www.chess.com/game/live/138032960578
[2025-05-06 22:46:19.759694] Already analyzed: https://www.chess.com/game/live/138033026408
[2025-05-06 22:46:19.759922] Already analyzed: https://www.chess.com/game/live/138033103256
[2025-05-06 22:46:19.760417] Already analyzed: https://www.chess.com/game/live/138033178340
[2025-05-06 22:46:19.761036] Already analyzed: https://www.chess.com/game/daily/808178408
[2025-05-06 22:46:19.761349] Already analyzed: https://www.chess.com/game/live/138071558048
[2025-05-06 22:46:19.762076] Already analyzed: https://www.chess.com/game/live/138071657546
[2025-05-06 22:46:19.762356] Already analyzed: https://www.chess.com/game/live/138071732180
[2025-05-06 22:46:19.762719] Already analyzed: https://www.chess.com/game/live/138091323736
[2025-05-06 22:46:19.763072] Already analyzed: https://www.chess.com/game/live/138091897092
[2025-05-06 22:46:19.763746] Already analyzed: https://www.chess.com/game/live/138129516374
[2025-05-06 22:46:19.764111] Already analyzed: https://www.chess.com/game/live/138131026444
[2025-05-06 22:46:19.764423] Already analyzed: https://www.chess.com/game/live/138148856382
[2025-05-06 22:46:19.764663] Already analyzed: https://www.chess.com/game/live/138149022456
[2025-05-06 22:46:19.764885] Already analyzed: https://www.chess.com/game/live/138169662374
[2025-05-06 22:46:19.765166] Already analyzed: https://www.chess.com/game/live/138179036290
[2025-05-06 22:46:19.765614] Already analyzed: https://www.chess.com/game/live/138179087060
[2025-05-06 22:46:19.765948] Already analyzed: https://www.chess.com/game/live/138179146170
[2025-05-06 22:46:19.766190] Already analyzed: https://www.chess.com/game/daily/809343432
[2025-05-06 22:46:19.766497] Already analyzed: https://www.chess.com/game/live/138186159256
[2025-05-06 22:46:19.767340] No new games found to analyze. Workflow terminated.
[2025-05-06 22:46:22.121021] 🚀 Starting MAIgnus_CAIrlsen full workflow with modular analysis...
[2025-05-06 22:46:22.121479] 📥 Checking for new games on Chess.com...
[2025-05-06 22:46:22.322065] Found 36 archives. Most recent: https://api.chess.com/pub/player/seanr87/games/2025/05
[2025-05-06 22:46:22.322790] Checking latest archive: https://api.chess.com/pub/player/seanr87/games/2025/05
[2025-05-06 22:46:22.542517] Found 27 games in latest archive
[2025-05-06 22:46:22.542848] Game 1: URL=https://www.chess.com/game/daily/802553254, End Time=1746105423
[2025-05-06 22:46:22.543120] Game 2: URL=https://www.chess.com/game/daily/802553260, End Time=1746107006
[2025-05-06 22:46:22.543339] Game 3: URL=https://www.chess.com/game/live/138005532346, End Time=1746147884
[2025-05-06 22:46:22.559681] Loaded 27 previously seen games from C:\Users\seanr\MAIgnus_CAIrlsen\data\seen_games.json
[2025-05-06 22:46:22.559984] Already analyzed: https://www.chess.com/game/daily/802553254
[2025-05-06 22:46:22.560247] Already analyzed: https://www.chess.com/game/daily/802553260
[2025-05-06 22:46:22.560591] Already analyzed: https://www.chess.com/game/live/138005532346
[2025-05-06 22:46:22.560846] Already analyzed: https://www.chess.com/game/live/138005569820
[2025-05-06 22:46:22.561101] Already analyzed: https://www.chess.com/game/live/138005614526
[2025-05-06 22:46:22.561355] Already analyzed: https://www.chess.com/game/live/138005649410
[2025-05-06 22:46:22.561664] Already analyzed: https://www.chess.com/game/daily/807812256
[2025-05-06 22:46:22.561937] Already analyzed: https://www.chess.com/game/live/138032960578
[2025-05-06 22:46:22.562205] Already analyzed: https://www.chess.com/game/live/138033026408
[2025-05-06 22:46:22.562474] Already analyzed: https://www.chess.com/game/live/138033103256
[2025-05-06 22:46:22.562733] Already analyzed: https://www.chess.com/game/live/138033178340
[2025-05-06 22:46:22.562993] Already analyzed: https://www.chess.com/game/daily/808178408
[2025-05-06 22:46:22.563269] Already analyzed: https://www.chess.com/game/live/138071558048
[2025-05-06 22:46:22.563561] Already analyzed: https://www.chess.com/game/live/138071657546
[2025-05-06 22:46:22.563810] Already analyzed: https://www.chess.com/game/live/138071732180
[2025-05-06 22:46:22.564029] Already analyzed: https://www.chess.com/game/live/138091323736
[2025-05-06 22:46:22.564244] Already analyzed: https://www.chess.com/game/live/138091897092
[2025-05-06 22:46:22.564458] Already analyzed: https://www.chess.com/game/live/138129516374
[2025-05-06 22:46:22.564672] Already analyzed: https://www.chess.com/game/live/138131026444
[2025-05-06 22:46:22.564885] Already analyzed: https://www.chess.com/game/live/138148856382
[2025-05-06 22:46:22.565202] Already analyzed: https://www.chess.com/game/live/138149022456
[2025-05-06 22:46:22.565454] Already analyzed: https://www.chess.com/game/live/138169662374
[2025-05-06 22:46:22.565734] Already analyzed: https://www.chess.com/game/live/138179036290
[2025-05-06 22:46:22.565986] Already analyzed: https://www.chess.com/game/live/138179087060
[2025-05-06 22:46:22.566236] Already analyzed: https://www.chess.com/game/live/138179146170
[2025-05-06 22:46:22.566494] Already analyzed: https://www.chess.com/game/daily/809343432
[2025-05-06 22:46:22.566747] Already analyzed: https://www.chess.com/game/live/138186159256
[2025-05-06 22:46:22.567483] No new games found to analyze. Workflow terminated.
[2025-05-06 22:48:55.570283] 🚀 Starting MAIgnus_CAIrlsen full workflow with modular analysis...
[2025-05-06 22:48:55.570710] 📥 Checking for new games on Chess.com...
[2025-05-06 22:48:55.864945] Found 36 archives. Most recent: https://api.chess.com/pub/player/seanr87/games/2025/05
[2025-05-06 22:48:55.865509] Checking latest archive: https://api.chess.com/pub/player/seanr87/games/2025/05
[2025-05-06 22:48:56.216239] Found 28 games in latest archive
[2025-05-06 22:48:56.216652] Game 1: URL=https://www.chess.com/game/daily/802553254, End Time=1746105423
[2025-05-06 22:48:56.216918] Game 2: URL=https://www.chess.com/game/daily/802553260, End Time=1746107006
[2025-05-06 22:48:56.217174] Game 3: URL=https://www.chess.com/game/live/138005532346, End Time=1746147884
[2025-05-06 22:48:56.234228] Loaded 27 previously seen games from C:\Users\seanr\MAIgnus_CAIrlsen\data\seen_games.json
[2025-05-06 22:48:56.234631] Already analyzed: https://www.chess.com/game/daily/802553254
[2025-05-06 22:48:56.234887] Already analyzed: https://www.chess.com/game/daily/802553260
[2025-05-06 22:48:56.235188] Already analyzed: https://www.chess.com/game/live/138005532346
[2025-05-06 22:48:56.235584] Already analyzed: https://www.chess.com/game/live/138005569820
[2025-05-06 22:48:56.235816] Already analyzed: https://www.chess.com/game/live/138005614526
[2025-05-06 22:48:56.236050] Already analyzed: https://www.chess.com/game/live/138005649410
[2025-05-06 22:48:56.236295] Already analyzed: https://www.chess.com/game/daily/807812256
[2025-05-06 22:48:56.236534] Already analyzed: https://www.chess.com/game/live/138032960578
[2025-05-06 22:48:56.236774] Already analyzed: https://www.chess.com/game/live/138033026408
[2025-05-06 22:48:56.237137] Already analyzed: https://www.chess.com/game/live/138033103256
[2025-05-06 22:48:56.237388] Already analyzed: https://www.chess.com/game/live/138033178340
[2025-05-06 22:48:56.237624] Already analyzed: https://www.chess.com/game/daily/808178408
[2025-05-06 22:48:56.237872] Already analyzed: https://www.chess.com/game/live/138071558048
[2025-05-06 22:48:56.238107] Already analyzed: https://www.chess.com/game/live/138071657546
[2025-05-06 22:48:56.238345] Already analyzed: https://www.chess.com/game/live/138071732180
[2025-05-06 22:48:56.238578] Already analyzed: https://www.chess.com/game/live/138091323736
[2025-05-06 22:48:56.238802] Already analyzed: https://www.chess.com/game/live/138091897092
[2025-05-06 22:48:56.239055] Already analyzed: https://www.chess.com/game/live/138129516374
[2025-05-06 22:48:56.239288] Already analyzed: https://www.chess.com/game/live/138131026444
[2025-05-06 22:48:56.239754] Already analyzed: https://www.chess.com/game/live/138148856382
[2025-05-06 22:48:56.240061] Already analyzed: https://www.chess.com/game/live/138149022456
[2025-05-06 22:48:56.240333] Already analyzed: https://www.chess.com/game/live/138169662374
[2025-05-06 22:48:56.240547] Already analyzed: https://www.chess.com/game/live/138179036290
[2025-05-06 22:48:56.240852] Already analyzed: https://www.chess.com/game/live/138179087060
[2025-05-06 22:48:56.241146] Already analyzed: https://www.chess.com/game/live/138179146170
[2025-05-06 22:48:56.241434] Already analyzed: https://www.chess.com/game/daily/809343432
[2025-05-06 22:48:56.241665] Already analyzed: https://www.chess.com/game/live/138186159256
[2025-05-06 22:48:58.516227] 🚀 Starting MAIgnus_CAIrlsen full workflow with modular analysis...
[2025-05-06 22:48:58.516669] 📥 Checking for new games on Chess.com...
[2025-05-06 22:48:58.705941] Found 36 archives. Most recent: https://api.chess.com/pub/player/seanr87/games/2025/05
[2025-05-06 22:48:58.706579] Checking latest archive: https://api.chess.com/pub/player/seanr87/games/2025/05
[2025-05-06 22:48:58.905360] Found 28 games in latest archive
[2025-05-06 22:48:58.905734] Game 1: URL=https://www.chess.com/game/daily/802553254, End Time=1746105423
[2025-05-06 22:48:58.906064] Game 2: URL=https://www.chess.com/game/daily/802553260, End Time=1746107006
[2025-05-06 22:48:58.906311] Game 3: URL=https://www.chess.com/game/live/138005532346, End Time=1746147884
[2025-05-06 22:48:58.907304] Loaded 27 previously seen games from C:\Users\seanr\MAIgnus_CAIrlsen\data\seen_games.json
[2025-05-06 22:48:58.907511] Already analyzed: https://www.chess.com/game/daily/802553254
[2025-05-06 22:48:58.907724] Already analyzed: https://www.chess.com/game/daily/802553260
[2025-05-06 22:48:58.907947] Already analyzed: https://www.chess.com/game/live/138005532346
[2025-05-06 22:48:58.908178] Already analyzed: https://www.chess.com/game/live/138005569820
[2025-05-06 22:48:58.908396] Already analyzed: https://www.chess.com/game/live/138005614526
[2025-05-06 22:48:58.908610] Already analyzed: https://www.chess.com/game/live/138005649410
[2025-05-06 22:48:58.908818] Already analyzed: https://www.chess.com/game/daily/807812256
[2025-05-06 22:48:58.909035] Already analyzed: https://www.chess.com/game/live/138032960578
[2025-05-06 22:48:58.909242] Already analyzed: https://www.chess.com/game/live/138033026408
[2025-05-06 22:48:58.909454] Already analyzed: https://www.chess.com/game/live/138033103256
[2025-05-06 22:48:58.909665] Already analyzed: https://www.chess.com/game/live/138033178340
[2025-05-06 22:48:58.909878] Already analyzed: https://www.chess.com/game/daily/808178408
[2025-05-06 22:48:58.910219] Already analyzed: https://www.chess.com/game/live/138071558048
[2025-05-06 22:48:58.910560] Already analyzed: https://www.chess.com/game/live/138071657546
[2025-05-06 22:48:58.910776] Already analyzed: https://www.chess.com/game/live/138071732180
[2025-05-06 22:48:58.910985] Already analyzed: https://www.chess.com/game/live/138091323736
[2025-05-06 22:48:58.911197] Already analyzed: https://www.chess.com/game/live/138091897092
[2025-05-06 22:48:58.911406] Already analyzed: https://www.chess.com/game/live/138129516374
[2025-05-06 22:48:58.911614] Already analyzed: https://www.chess.com/game/live/138131026444
[2025-05-06 22:48:58.911828] Already analyzed: https://www.chess.com/game/live/138148856382
[2025-05-06 22:48:58.912037] Already analyzed: https://www.chess.com/game/live/138149022456
[2025-05-06 22:48:58.912243] Already analyzed: https://www.chess.com/game/live/138169662374
[2025-05-06 22:48:58.912451] Already analyzed: https://www.chess.com/game/live/138179036290
[2025-05-06 22:48:58.912657] Already analyzed: https://www.chess.com/game/live/138179087060
[2025-05-06 22:48:58.912888] Already analyzed: https://www.chess.com/game/live/138179146170
[2025-05-06 22:48:58.913098] Already analyzed: https://www.chess.com/game/daily/809343432
[2025-05-06 22:48:58.913307] Already analyzed: https://www.chess.com/game/live/138186159256
[2025-05-06 23:00:03.585166] 🚀 Starting MAIgnus_CAIrlsen full workflow with modular analysis...
[2025-05-06 23:00:03.585917] 📥 Checking for new games on Chess.com...
[2025-05-06 23:00:03.917252] Found 36 archives. Most recent: https://api.chess.com/pub/player/seanr87/games/2025/05
[2025-05-06 23:00:03.918214] Checking latest archive: https://api.chess.com/pub/player/seanr87/games/2025/05
[2025-05-06 23:00:04.255569] Found 29 games in latest archive
[2025-05-06 23:00:04.256036] Game 1: URL=https://www.chess.com/game/daily/802553254, End Time=1746105423
[2025-05-06 23:00:04.256394] Game 2: URL=https://www.chess.com/game/daily/802553260, End Time=1746107006
[2025-05-06 23:00:04.256723] Game 3: URL=https://www.chess.com/game/live/138005532346, End Time=1746147884
[2025-05-06 23:00:04.257739] Loaded 27 previously seen games from C:\Users\seanr\MAIgnus_CAIrlsen\data\seen_games.json
[2025-05-06 23:00:04.258023] Already analyzed: https://www.chess.com/game/daily/802553254
[2025-05-06 23:00:04.258320] Already analyzed: https://www.chess.com/game/daily/802553260
[2025-05-06 23:00:04.258623] Already analyzed: https://www.chess.com/game/live/138005532346
[2025-05-06 23:00:04.258933] Already analyzed: https://www.chess.com/game/live/138005569820
[2025-05-06 23:00:04.259242] Already analyzed: https://www.chess.com/game/live/138005614526
[2025-05-06 23:00:04.259526] Already analyzed: https://www.chess.com/game/live/138005649410
[2025-05-06 23:00:04.259820] Already analyzed: https://www.chess.com/game/daily/807812256
[2025-05-06 23:00:04.260119] Already analyzed: https://www.chess.com/game/live/138032960578
[2025-05-06 23:00:04.260409] Already analyzed: https://www.chess.com/game/live/138033026408
[2025-05-06 23:00:04.260722] Already analyzed: https://www.chess.com/game/live/138033103256
[2025-05-06 23:00:04.261030] Already analyzed: https://www.chess.com/game/live/138033178340
[2025-05-06 23:00:04.261316] Already analyzed: https://www.chess.com/game/daily/808178408
[2025-05-06 23:00:04.261608] Already analyzed: https://www.chess.com/game/live/138071558048
[2025-05-06 23:00:04.261906] Already analyzed: https://www.chess.com/game/live/138071657546
[2025-05-06 23:00:04.262191] Already analyzed: https://www.chess.com/game/live/138071732180
[2025-05-06 23:00:04.262484] Already analyzed: https://www.chess.com/game/live/138091323736
[2025-05-06 23:00:04.262786] Already analyzed: https://www.chess.com/game/live/138091897092
[2025-05-06 23:00:04.263074] Already analyzed: https://www.chess.com/game/live/138129516374
[2025-05-06 23:00:04.263366] Already analyzed: https://www.chess.com/game/live/138131026444
[2025-05-06 23:00:04.263657] Already analyzed: https://www.chess.com/game/live/138148856382
[2025-05-06 23:00:04.263961] Already analyzed: https://www.chess.com/game/live/138149022456
[2025-05-06 23:00:04.264316] Already analyzed: https://www.chess.com/game/live/138169662374
[2025-05-06 23:00:04.264644] Already analyzed: https://www.chess.com/game/live/138179036290
[2025-05-06 23:00:04.264991] Already analyzed: https://www.chess.com/game/live/138179087060
[2025-05-06 23:00:04.265309] Already analyzed: https://www.chess.com/game/live/138179146170
[2025-05-06 23:00:04.265628] Already analyzed: https://www.chess.com/game/daily/809343432
[2025-05-06 23:00:04.265957] Already analyzed: https://www.chess.com/game/live/138186159256
[2025-05-06 23:00:04.266677] ✅ Saved new game: C:\Users\seanr\MAIgnus_CAIrlsen\data\seanr87_138186796908.pgn
[2025-05-06 23:00:04.267732] ✅ Saved new game: C:\Users\seanr\MAIgnus_CAIrlsen\data\seanr87_138186940396.pgn
[2025-05-06 23:00:04.284993] 🧠 Generating modular game analysis...
[2025-05-06 23:01:08.250335] 📧 Sending analysis email...
[2025-05-06 23:01:13.620449] ✅ Full workflow completed successfully!
